2024-09-22 09:59:32.028 [info] Added views:workbench.panel.markers.view in workbench.panel.markers
2024-09-22 09:59:32.028 [info] Added views:workbench.panel.output in workbench.panel.output
2024-09-22 09:59:32.028 [info] Added views:terminal in terminal
2024-09-22 09:59:32.028 [info] Added views:outline in workbench.view.explorer
2024-09-22 09:59:32.028 [info] Added views:workbench.scm in workbench.view.scm
2024-09-22 09:59:32.028 [info] Added views:workbench.view.search in workbench.view.search
2024-09-22 09:59:32.028 [info] Added views:timeline in workbench.view.explorer
2024-09-22 09:59:32.028 [info] Added views:workbench.explorer.fileView in workbench.view.explorer
2024-09-22 09:59:32.315 [info] Added views:workbench.debug.welcome in workbench.view.debug
2024-09-22 09:59:33.761 [info] Added views:workspaceEnvironments,pythonEnvironments in workbench.view.extension.package-explorer
2024-09-22 09:59:34.172 [info] Added views:workbench.panel.repl.view in workbench.panel.repl
2024-09-22 09:59:35.208 [info] Added views:~remote.forwardedPorts in ~remote.forwardedPortsContainer
2024-09-22 09:59:35.696 [info] Added views:workbench.view.testing in workbench.view.extension.test
2024-09-22 09:59:38.386 [info] Added views:workbench.scm.history in workbench.view.scm
2024-09-22 10:00:10.953 [info] Added views:workbench.views.extensions.installed,workbench.views.extensions.popular,extensions.recommendedList in workbench.view.extensions
2024-09-22 10:00:10.956 [info] Removed views:workbench.views.extensions.popular from workbench.view.extensions
2024-09-22 10:00:12.862 [info] Removed views:extensions.recommendedList,workbench.views.extensions.installed from workbench.view.extensions
2024-09-22 10:00:12.876 [info] Added views:workbench.views.extensions.marketplace in workbench.view.extensions
2024-09-22 10:55:29.668 [info] Removed views:workbench.views.extensions.marketplace from workbench.view.extensions
2024-09-22 10:55:29.693 [info] Added views:workbench.views.extensions.installed,extensions.recommendedList in workbench.view.extensions
2024-09-22 10:57:22.080 [info] Removed views:workbench.scm.history from workbench.view.scm
2024-09-22 10:57:22.100 [info] Removed views:workbench.view.testing from workbench.view.extension.test
