2024-09-22 10:57:37.817 [info] Reading sessions from keychain...
2024-09-22 10:57:37.818 [info] Getting sessions for all scopes...
2024-09-22 10:57:37.818 [info] Getting sessions for all scopes...
2024-09-22 10:57:37.818 [info] Getting sessions for read:user,repo,user:email,workflow...
2024-09-22 10:57:37.818 [info] Got stored sessions!
2024-09-22 10:57:37.818 [info] Got 1 verified sessions.
2024-09-22 10:57:37.818 [info] Got 1 sessions for ...
2024-09-22 10:57:37.818 [info] Got 1 sessions for ...
2024-09-22 10:57:37.818 [info] Got 0 sessions for read:user,repo,user:email,workflow...
2024-09-22 10:57:37.992 [info] Getting sessions for user:email...
2024-09-22 10:57:37.992 [info] Got 1 sessions for user:email...
2024-09-22 10:57:39.711 [info] Getting sessions for user:email...
2024-09-22 10:57:39.711 [info] Got 1 sessions for user:email...
2024-09-22 10:57:39.803 [info] Getting sessions for user:email...
2024-09-22 10:57:39.803 [info] Got 1 sessions for user:email...
2024-09-22 11:12:33.809 [info] Reading sessions from keychain...
2024-09-22 11:12:33.809 [info] Getting sessions for all scopes...
2024-09-22 11:12:33.809 [info] Getting sessions for all scopes...
2024-09-22 11:12:33.809 [info] Getting sessions for user:email...
2024-09-22 11:12:33.809 [info] Got stored sessions!
2024-09-22 11:12:33.809 [info] Got 1 verified sessions.
2024-09-22 11:12:33.809 [info] Got 1 sessions for ...
2024-09-22 11:12:33.809 [info] Got 1 sessions for ...
2024-09-22 11:12:33.809 [info] Got 1 sessions for user:email...
2024-09-22 11:12:34.282 [info] Getting sessions for user:email...
2024-09-22 11:12:34.282 [info] Got 1 sessions for user:email...
2024-09-22 11:12:35.278 [info] Getting sessions for read:user,repo,user:email,workflow...
2024-09-22 11:12:35.278 [info] Got 0 sessions for read:user,repo,user:email,workflow...
