2024-09-22 09:49:25.426 [info] [main] Nivel de registro: Info
2024-09-22 09:49:25.426 [info] [main] Validando git encontrado en: "git"
2024-09-22 09:49:25.426 [info] [main] Usando git "2.46.1" de "git"
2024-09-22 09:49:25.426 [info] [Model][doInitialScan] Initial repository scan started
2024-09-22 09:49:25.426 [info] [Model][doInitialScan] Initial repository scan completed - repositories (0), closed repositories (0), parent repositories (0), unsafe repositories (0)
2024-09-22 09:49:52.349 [info] [main] Nivel de registro: Info
2024-09-22 09:49:52.349 [info] [main] Validando git encontrado en: "git"
2024-09-22 09:49:52.349 [info] [main] Usando git "2.46.1" de "git"
2024-09-22 09:49:52.349 [info] [Model][doInitialScan] Initial repository scan started
2024-09-22 09:49:52.349 [info] > git rev-parse --show-toplevel [30ms]
2024-09-22 09:49:52.360 [info] > git rev-parse --git-dir --git-common-dir [2ms]
2024-09-22 09:49:52.383 [info] [Model][openRepository] Opened repository: /home/exodus/Documents/PPI/ppi_dai_PEMBERTHYjer
2024-09-22 09:49:52.410 [info] > git rev-parse --show-toplevel [4ms]
2024-09-22 09:49:52.411 [info] > git config --get commit.template [15ms]
2024-09-22 09:49:52.447 [info] > git rev-parse --show-toplevel [17ms]
2024-09-22 09:49:52.459 [info] > git for-each-ref --format=%(refname)%00%(upstream:short)%00%(objectname)%00%(upstream:track)%00%(upstream:remotename)%00%(upstream:remoteref) refs/heads/main refs/remotes/main [14ms]
2024-09-22 09:49:52.462 [info] > git rev-parse --show-toplevel [4ms]
2024-09-22 09:49:52.464 [info] [Model][doInitialScan] Initial repository scan completed - repositories (1), closed repositories (0), parent repositories (0), unsafe repositories (0)
2024-09-22 09:49:52.856 [info] > git status -z -uall [385ms]
2024-09-22 09:49:52.906 [info] > git for-each-ref --format=%(refname)%00%(upstream:short)%00%(objectname)%00%(upstream:track)%00%(upstream:remotename)%00%(upstream:remoteref) refs/heads/main refs/remotes/main [38ms]
2024-09-22 09:49:52.917 [info] > git config --local branch.main.vscode-merge-base [4ms]
2024-09-22 09:49:52.917 [warning] [Git][config] git config failed: Failed to execute git
2024-09-22 09:49:52.924 [info] > git config --get commit.template [19ms]
2024-09-22 09:49:53.005 [info] > git check-ignore -v -z --stdin [27ms]
2024-09-22 09:49:53.006 [info] > git for-each-ref --format=%(refname)%00%(upstream:short)%00%(objectname)%00%(upstream:track)%00%(upstream:remotename)%00%(upstream:remoteref) refs/heads/main refs/remotes/main [13ms]
2024-09-22 09:49:53.385 [info] > git reflog main --grep-reflog=branch: Created from *. [461ms]
2024-09-22 09:49:53.409 [info] > git symbolic-ref --short refs/remotes/origin/HEAD [18ms]
2024-09-22 09:49:53.423 [info] > git status -z -uall [16ms]
2024-09-22 09:49:53.423 [info] > git for-each-ref --format=%(refname)%00%(upstream:short)%00%(objectname)%00%(upstream:track)%00%(upstream:remotename)%00%(upstream:remoteref) refs/heads/origin/main refs/remotes/origin/main [4ms]
2024-09-22 09:49:53.442 [info] > git for-each-ref --format=%(refname)%00%(upstream:short)%00%(objectname)%00%(upstream:track)%00%(upstream:remotename)%00%(upstream:remoteref) refs/heads/main refs/remotes/main [4ms]
2024-09-22 09:49:53.460 [info] > git config --local branch.main.vscode-merge-base [3ms]
2024-09-22 09:49:53.466 [info] > git config --local branch.main.vscode-merge-base origin/main [34ms]
2024-09-22 09:49:53.473 [info] > git for-each-ref --format=%(refname)%00%(upstream:short)%00%(objectname)%00%(upstream:track)%00%(upstream:remotename)%00%(upstream:remoteref) refs/heads/origin/main refs/remotes/origin/main [6ms]
2024-09-22 09:49:53.480 [info] > git config --get commit.template [8ms]
2024-09-22 09:49:53.481 [info] > git merge-base refs/heads/main refs/remotes/origin/main [3ms]
2024-09-22 09:49:53.491 [info] > git rev-list --count --left-right refs/heads/main...refs/remotes/origin/main [5ms]
2024-09-22 09:49:53.497 [info] > git for-each-ref --format=%(refname)%00%(upstream:short)%00%(objectname)%00%(upstream:track)%00%(upstream:remotename)%00%(upstream:remoteref) refs/heads/main refs/remotes/main [7ms]
2024-09-22 09:49:53.503 [info] > git diff --name-status -z --diff-filter=ADMR 992f0c652e361c7660b1c99212ee139e6d4dad56...refs/remotes/origin/main [6ms]
2024-09-22 09:49:53.504 [info] > git status -z -uall [2ms]
2024-09-22 09:49:53.516 [info] > git for-each-ref --format=%(refname)%00%(upstream:short)%00%(objectname)%00%(upstream:track)%00%(upstream:remotename)%00%(upstream:remoteref) refs/heads/main refs/remotes/main [5ms]
2024-09-22 09:49:53.524 [info] > git config --local branch.main.vscode-merge-base [2ms]
2024-09-22 09:49:53.536 [info] > git for-each-ref --format=%(refname)%00%(upstream:short)%00%(objectname)%00%(upstream:track)%00%(upstream:remotename)%00%(upstream:remoteref) refs/heads/origin/main refs/remotes/origin/main [5ms]
2024-09-22 09:50:13.044 [info] > git check-ignore -v -z --stdin [2ms]
2024-09-22 09:50:15.854 [info] > git show --textconv :src/main.py [69ms]
2024-09-22 09:50:15.854 [info] > git ls-files --stage -- /home/exodus/Documents/PPI/ppi_dai_PEMBERTHYjer/src/main.py [59ms]
2024-09-22 09:50:15.868 [info] > git cat-file -s bfefd8025004e2e079ccf4d0885812f6673c3786 [9ms]
2024-09-22 09:52:07.117 [info] > git show --textconv :src/main.py [7ms]
2024-09-22 09:52:07.121 [info] > git ls-files --stage -- /home/exodus/Documents/PPI/ppi_dai_PEMBERTHYjer/src/main.py [4ms]
2024-09-22 09:52:07.131 [info] > git cat-file -s bfefd8025004e2e079ccf4d0885812f6673c3786 [2ms]
2024-09-22 09:54:20.358 [info] > git config --get commit.template [2ms]
2024-09-22 09:54:20.369 [info] > git for-each-ref --format=%(refname)%00%(upstream:short)%00%(objectname)%00%(upstream:track)%00%(upstream:remotename)%00%(upstream:remoteref) refs/heads/main refs/remotes/main [1ms]
2024-09-22 09:54:20.378 [info] > git status -z -uall [3ms]
2024-09-22 09:54:20.400 [info] > git for-each-ref --format=%(refname)%00%(upstream:short)%00%(objectname)%00%(upstream:track)%00%(upstream:remotename)%00%(upstream:remoteref) refs/heads/main refs/remotes/main [9ms]
2024-09-22 09:54:20.417 [info] > git config --local branch.main.vscode-merge-base [3ms]
2024-09-22 09:54:20.433 [info] > git for-each-ref --format=%(refname)%00%(upstream:short)%00%(objectname)%00%(upstream:track)%00%(upstream:remotename)%00%(upstream:remoteref) refs/heads/origin/main refs/remotes/origin/main [5ms]
2024-09-22 09:54:28.898 [info] > git log --format=%H%n%aN%n%aE%n%at%n%ct%n%P%n%D%n%B -z --shortstat --diff-merges=first-parent -n50 --skip=0 --topo-order --decorate=full 992f0c652e361c7660b1c99212ee139e6d4dad56 [589ms]
2024-09-22 09:54:28.924 [info] > git check-ignore -v -z --stdin [2ms]
2024-09-22 09:54:28.987 [info] > git log --format=%H%n%aN%n%aE%n%at%n%ct%n%P%n%D%n%B -z --shortstat --diff-merges=first-parent -n50 --skip=0 --topo-order --decorate=full 992f0c652e361c7660b1c99212ee139e6d4dad56 [13ms]
2024-09-22 09:54:30.854 [info] > git ls-tree -l HEAD -- /home/exodus/Documents/PPI/ppi_dai_PEMBERTHYjer/.vscode/settings.json [10ms]
2024-09-22 09:54:30.858 [info] > git show --textconv HEAD:.vscode/settings.json [26ms]
2024-09-22 09:54:31.362 [info] > git check-ignore -v -z --stdin [4ms]
2024-09-22 09:55:07.489 [info] > git show --textconv :.gitignore [7ms]
2024-09-22 09:55:07.490 [info] > git ls-files --stage -- /home/exodus/Documents/PPI/ppi_dai_PEMBERTHYjer/.gitignore [2ms]
2024-09-22 09:55:07.497 [info] > git cat-file -s f7275bbbd035b827023cbae18954c0703b200c34 [1ms]
2024-09-22 09:55:16.948 [info] > git check-ignore -v -z --stdin [2ms]
2024-09-22 09:55:17.324 [info] > git config --get commit.template [8ms]
2024-09-22 09:55:17.325 [info] > git for-each-ref --format=%(refname)%00%(upstream:short)%00%(objectname)%00%(upstream:track)%00%(upstream:remotename)%00%(upstream:remoteref) refs/heads/main refs/remotes/main [2ms]
2024-09-22 09:55:17.336 [info] > git status -z -uall [2ms]
2024-09-22 09:55:17.351 [info] > git for-each-ref --format=%(refname)%00%(upstream:short)%00%(objectname)%00%(upstream:track)%00%(upstream:remotename)%00%(upstream:remoteref) refs/heads/main refs/remotes/main [2ms]
2024-09-22 09:55:17.363 [info] > git config --local branch.main.vscode-merge-base [4ms]
2024-09-22 09:55:17.370 [info] > git for-each-ref --format=%(refname)%00%(upstream:short)%00%(objectname)%00%(upstream:track)%00%(upstream:remotename)%00%(upstream:remoteref) refs/heads/origin/main refs/remotes/origin/main [1ms]
2024-09-22 09:55:19.179 [info] > git log --format=%H%n%aN%n%aE%n%at%n%ct%n%P%n%D%n%B -z --shortstat --diff-merges=first-parent -n50 --skip=0 --topo-order --decorate=full 992f0c652e361c7660b1c99212ee139e6d4dad56 [14ms]
2024-09-22 09:55:19.245 [info] > git log --format=%H%n%aN%n%aE%n%at%n%ct%n%P%n%D%n%B -z --shortstat --diff-merges=first-parent -n50 --skip=0 --topo-order --decorate=full 992f0c652e361c7660b1c99212ee139e6d4dad56 [15ms]
2024-09-22 09:56:47.884 [info] > git add -A -- . [4ms]
2024-09-22 09:56:47.904 [info] > git -c user.useConfigOnly=true commit --quiet --allow-empty-message --file - [9ms]
2024-09-22 09:56:47.942 [info] > git config --get commit.template [15ms]
2024-09-22 09:56:47.978 [info] > git config --get commit.template [19ms]
2024-09-22 09:56:47.981 [info] > git for-each-ref --format=%(refname)%00%(upstream:short)%00%(objectname)%00%(upstream:track)%00%(upstream:remotename)%00%(upstream:remoteref) refs/heads/main refs/remotes/main [3ms]
2024-09-22 09:56:48.031 [info] > git status -z -uall [13ms]
2024-09-22 09:56:48.097 [info] > git for-each-ref --format=%(refname)%00%(upstream:short)%00%(objectname)%00%(upstream:track)%00%(upstream:remotename)%00%(upstream:remoteref) refs/heads/main refs/remotes/main [37ms]
2024-09-22 09:56:48.121 [info] > git config --local branch.main.vscode-merge-base [6ms]
2024-09-22 09:56:48.148 [info] > git for-each-ref --format=%(refname)%00%(upstream:short)%00%(objectname)%00%(upstream:track)%00%(upstream:remotename)%00%(upstream:remoteref) refs/heads/origin/main refs/remotes/origin/main [2ms]
2024-09-22 09:56:48.161 [info] > git merge-base refs/heads/main refs/remotes/origin/main [2ms]
2024-09-22 09:56:48.177 [info] > git rev-list --count --left-right refs/heads/main...refs/remotes/origin/main [2ms]
2024-09-22 09:56:48.189 [info] > git diff --name-status -z --diff-filter=ADMR 992f0c652e361c7660b1c99212ee139e6d4dad56...refs/remotes/origin/main [4ms]
2024-09-22 09:56:48.265 [info] > git config --get commit.template [2ms]
2024-09-22 09:56:48.295 [info] > git for-each-ref --format=%(refname)%00%(upstream:short)%00%(objectname)%00%(upstream:track)%00%(upstream:remotename)%00%(upstream:remoteref) refs/heads/main refs/remotes/main [2ms]
2024-09-22 09:56:48.309 [info] > git log --format=%H%n%aN%n%aE%n%at%n%ct%n%P%n%D%n%B -z --shortstat --diff-merges=first-parent -n50 --skip=0 --topo-order --decorate=full abda2aa5225bd09c1325db7fafd3806cb9ec68ab 992f0c652e361c7660b1c99212ee139e6d4dad56 [27ms]
2024-09-22 09:56:48.312 [info] > git status -z -uall [5ms]
2024-09-22 09:56:48.335 [info] > git for-each-ref --format=%(refname)%00%(upstream:short)%00%(objectname)%00%(upstream:track)%00%(upstream:remotename)%00%(upstream:remoteref) refs/heads/main refs/remotes/main [6ms]
2024-09-22 09:56:48.349 [info] > git config --local branch.main.vscode-merge-base [1ms]
2024-09-22 09:56:48.362 [info] > git for-each-ref --format=%(refname)%00%(upstream:short)%00%(objectname)%00%(upstream:track)%00%(upstream:remotename)%00%(upstream:remoteref) refs/heads/origin/main refs/remotes/origin/main [2ms]
2024-09-22 09:56:49.233 [info] > git ls-files --stage -- /home/exodus/Documents/PPI/ppi_dai_PEMBERTHYjer/.gitignore [2ms]
2024-09-22 09:56:49.242 [info] > git cat-file -s ba1e329d45ea1eb7a642f437067872934a54c153 [2ms]
2024-09-22 09:56:49.259 [info] > git show --textconv :.gitignore [2ms]
2024-09-22 09:56:50.251 [info] > git config --get commit.template [11ms]
2024-09-22 09:56:50.253 [info] > git for-each-ref --format=%(refname)%00%(upstream:short)%00%(objectname)%00%(upstream:track)%00%(upstream:remotename)%00%(upstream:remoteref) refs/heads/main refs/remotes/main [3ms]
2024-09-22 09:56:50.264 [info] > git status -z -uall [2ms]
2024-09-22 09:56:50.279 [info] > git for-each-ref --format=%(refname)%00%(upstream:short)%00%(objectname)%00%(upstream:track)%00%(upstream:remotename)%00%(upstream:remoteref) refs/heads/main refs/remotes/main [3ms]
2024-09-22 09:56:50.290 [info] > git config --local branch.main.vscode-merge-base [1ms]
2024-09-22 09:56:50.302 [info] > git for-each-ref --format=%(refname)%00%(upstream:short)%00%(objectname)%00%(upstream:track)%00%(upstream:remotename)%00%(upstream:remoteref) refs/heads/origin/main refs/remotes/origin/main [1ms]
2024-09-22 09:57:02.931 [info] > git log --oneline --cherry main...main@{upstream} -- [2ms]
2024-09-22 09:57:03.357 [info] > git pull --tags origin main [412ms]
2024-09-22 09:57:03.357 [info] From https://github.com/Jersonp0527/ppi_dai_PEMBERTHYjer
 * branch            main       -> FETCH_HEAD
2024-09-22 09:57:04.324 [info] > git push origin main:main [962ms]
2024-09-22 09:57:04.324 [info] /bin/sh: warning: setlocale: LC_ALL: cannot change locale (en_US.UTF-8): No such file or directory
/bin/sh: warning: setlocale: LC_ALL: cannot change locale (en_US.UTF-8): No such file or directory
To https://github.com/Jersonp0527/ppi_dai_PEMBERTHYjer
   992f0c6..abda2aa  main -> main
2024-09-22 09:57:04.340 [info] > git config --get commit.template [11ms]
2024-09-22 09:57:04.341 [info] > git for-each-ref --format=%(refname)%00%(upstream:short)%00%(objectname)%00%(upstream:track)%00%(upstream:remotename)%00%(upstream:remoteref) refs/heads/main refs/remotes/main [2ms]
2024-09-22 09:57:04.350 [info] > git status -z -uall [3ms]
2024-09-22 09:57:04.375 [info] > git for-each-ref --format=%(refname)%00%(upstream:short)%00%(objectname)%00%(upstream:track)%00%(upstream:remotename)%00%(upstream:remoteref) refs/heads/main refs/remotes/main [12ms]
2024-09-22 09:57:04.386 [info] > git config --local branch.main.vscode-merge-base [1ms]
2024-09-22 09:57:04.402 [info] > git for-each-ref --format=%(refname)%00%(upstream:short)%00%(objectname)%00%(upstream:track)%00%(upstream:remotename)%00%(upstream:remoteref) refs/heads/origin/main refs/remotes/origin/main [4ms]
2024-09-22 09:57:04.418 [info] > git merge-base refs/heads/main refs/remotes/origin/main [4ms]
2024-09-22 09:57:04.431 [info] > git rev-list --count --left-right refs/heads/main...refs/remotes/origin/main [2ms]
2024-09-22 09:57:04.446 [info] > git diff --name-status -z --diff-filter=ADMR abda2aa5225bd09c1325db7fafd3806cb9ec68ab...refs/remotes/origin/main [3ms]
2024-09-22 09:57:04.496 [info] > git log --format=%H%n%aN%n%aE%n%at%n%ct%n%P%n%D%n%B -z --shortstat --diff-merges=first-parent -n50 --skip=0 --topo-order --decorate=full abda2aa5225bd09c1325db7fafd3806cb9ec68ab [21ms]
2024-09-22 09:57:05.486 [info] > git config --get commit.template [3ms]
2024-09-22 09:57:05.496 [info] > git for-each-ref --format=%(refname)%00%(upstream:short)%00%(objectname)%00%(upstream:track)%00%(upstream:remotename)%00%(upstream:remoteref) refs/heads/main refs/remotes/main [2ms]
2024-09-22 09:57:05.508 [info] > git status -z -uall [4ms]
2024-09-22 09:57:05.519 [info] > git for-each-ref --format=%(refname)%00%(upstream:short)%00%(objectname)%00%(upstream:track)%00%(upstream:remotename)%00%(upstream:remoteref) refs/heads/main refs/remotes/main [3ms]
2024-09-22 09:57:05.531 [info] > git config --local branch.main.vscode-merge-base [2ms]
2024-09-22 09:57:05.545 [info] > git for-each-ref --format=%(refname)%00%(upstream:short)%00%(objectname)%00%(upstream:track)%00%(upstream:remotename)%00%(upstream:remoteref) refs/heads/origin/main refs/remotes/origin/main [1ms]
2024-09-22 09:57:05.581 [info] > git ls-files --stage -- /home/exodus/Documents/PPI/ppi_dai_PEMBERTHYjer/.gitignore [5ms]
2024-09-22 09:57:05.598 [info] > git cat-file -s ba1e329d45ea1eb7a642f437067872934a54c153 [4ms]
2024-09-22 09:57:05.615 [info] > git show --textconv :.gitignore [2ms]
2024-09-22 09:57:10.550 [info] > git config --get commit.template [13ms]
2024-09-22 09:57:10.552 [info] > git for-each-ref --format=%(refname)%00%(upstream:short)%00%(objectname)%00%(upstream:track)%00%(upstream:remotename)%00%(upstream:remoteref) refs/heads/main refs/remotes/main [3ms]
2024-09-22 09:57:10.563 [info] > git status -z -uall [2ms]
2024-09-22 09:57:10.577 [info] > git for-each-ref --format=%(refname)%00%(upstream:short)%00%(objectname)%00%(upstream:track)%00%(upstream:remotename)%00%(upstream:remoteref) refs/heads/main refs/remotes/main [2ms]
2024-09-22 09:57:10.589 [info] > git config --local branch.main.vscode-merge-base [4ms]
2024-09-22 09:57:10.596 [info] > git for-each-ref --format=%(refname)%00%(upstream:short)%00%(objectname)%00%(upstream:track)%00%(upstream:remotename)%00%(upstream:remoteref) refs/heads/origin/main refs/remotes/origin/main [1ms]
2024-09-22 09:57:15.769 [info] > git fetch [449ms]
2024-09-22 09:57:15.785 [info] > git config --get commit.template [10ms]
2024-09-22 09:57:15.786 [info] > git for-each-ref --format=%(refname)%00%(upstream:short)%00%(objectname)%00%(upstream:track)%00%(upstream:remotename)%00%(upstream:remoteref) refs/heads/main refs/remotes/main [3ms]
2024-09-22 09:57:15.793 [info] > git status -z -uall [2ms]
2024-09-22 09:57:15.806 [info] > git for-each-ref --format=%(refname)%00%(upstream:short)%00%(objectname)%00%(upstream:track)%00%(upstream:remotename)%00%(upstream:remoteref) refs/heads/main refs/remotes/main [3ms]
2024-09-22 09:57:15.815 [info] > git config --local branch.main.vscode-merge-base [3ms]
2024-09-22 09:57:15.823 [info] > git for-each-ref --format=%(refname)%00%(upstream:short)%00%(objectname)%00%(upstream:track)%00%(upstream:remotename)%00%(upstream:remoteref) refs/heads/origin/main refs/remotes/origin/main [1ms]
2024-09-22 09:57:16.904 [info] > git config --get commit.template [7ms]
2024-09-22 09:57:16.905 [info] > git for-each-ref --format=%(refname)%00%(upstream:short)%00%(objectname)%00%(upstream:track)%00%(upstream:remotename)%00%(upstream:remoteref) refs/heads/main refs/remotes/main [1ms]
2024-09-22 09:57:16.913 [info] > git status -z -uall [2ms]
2024-09-22 09:57:16.926 [info] > git for-each-ref --format=%(refname)%00%(upstream:short)%00%(objectname)%00%(upstream:track)%00%(upstream:remotename)%00%(upstream:remoteref) refs/heads/main refs/remotes/main [2ms]
2024-09-22 09:57:16.934 [info] > git config --local branch.main.vscode-merge-base [1ms]
2024-09-22 09:57:16.946 [info] > git for-each-ref --format=%(refname)%00%(upstream:short)%00%(objectname)%00%(upstream:track)%00%(upstream:remotename)%00%(upstream:remoteref) refs/heads/origin/main refs/remotes/origin/main [2ms]
2024-09-22 09:57:16.999 [info] > git ls-files --stage -- /home/exodus/Documents/PPI/ppi_dai_PEMBERTHYjer/.gitignore [2ms]
2024-09-22 09:57:17.005 [info] > git cat-file -s ba1e329d45ea1eb7a642f437067872934a54c153 [2ms]
2024-09-22 09:57:17.015 [info] > git show --textconv :.gitignore [2ms]
2024-09-22 09:57:31.304 [info] > git config --get commit.template [15ms]
2024-09-22 09:57:31.306 [info] > git for-each-ref --format=%(refname)%00%(upstream:short)%00%(objectname)%00%(upstream:track)%00%(upstream:remotename)%00%(upstream:remoteref) refs/heads/main refs/remotes/main [3ms]
2024-09-22 09:57:31.320 [info] > git status -z -uall [4ms]
2024-09-22 09:57:31.329 [info] > git for-each-ref --format=%(refname)%00%(upstream:short)%00%(objectname)%00%(upstream:track)%00%(upstream:remotename)%00%(upstream:remoteref) refs/heads/main refs/remotes/main [3ms]
2024-09-22 09:57:31.341 [info] > git config --local branch.main.vscode-merge-base [1ms]
2024-09-22 09:57:31.350 [info] > git for-each-ref --format=%(refname)%00%(upstream:short)%00%(objectname)%00%(upstream:track)%00%(upstream:remotename)%00%(upstream:remoteref) refs/heads/origin/main refs/remotes/origin/main [2ms]
2024-09-22 09:57:37.043 [info] > git log --format=%H%n%aN%n%aE%n%at%n%ct%n%P%n%D%n%B -z --shortstat --diff-merges=first-parent -n50 --skip=0 --topo-order --decorate=full abda2aa5225bd09c1325db7fafd3806cb9ec68ab [11ms]
2024-09-22 09:57:37.087 [info] > git log --format=%H%n%aN%n%aE%n%at%n%ct%n%P%n%D%n%B -z --shortstat --diff-merges=first-parent -n50 --skip=0 --topo-order --decorate=full abda2aa5225bd09c1325db7fafd3806cb9ec68ab [18ms]
2024-09-22 09:58:28.391 [info] > git diff-tree -r --name-status -z --diff-filter=ADMR 86cb37aa5ef50d8cc939a770640ea9b9f27661a6 992f0c652e361c7660b1c99212ee139e6d4dad56 [4ms]
2024-09-22 09:58:28.426 [info] > git show --textconv 86cb37aa5ef50d8cc939a770640ea9b9f27661a6:main.py [1ms]
2024-09-22 09:58:28.496 [info] > git show --textconv 992f0c652e361c7660b1c99212ee139e6d4dad56:main.py [55ms]
2024-09-22 09:58:28.496 [info] > git show --textconv 86cb37aa5ef50d8cc939a770640ea9b9f27661a6:src/main.py [40ms]
2024-09-22 09:58:28.496 [info] > git show --textconv 992f0c652e361c7660b1c99212ee139e6d4dad56:src/main.py [32ms]
2024-09-22 09:58:28.496 [info] > git ls-tree -l 86cb37aa5ef50d8cc939a770640ea9b9f27661a6 -- /home/exodus/Documents/PPI/ppi_dai_PEMBERTHYjer/src/main.py [10ms]
2024-09-22 09:58:28.496 [info] > git ls-tree -l 992f0c652e361c7660b1c99212ee139e6d4dad56 -- /home/exodus/Documents/PPI/ppi_dai_PEMBERTHYjer/main.py [18ms]
2024-09-22 09:58:28.497 [info] > git ls-tree -l 86cb37aa5ef50d8cc939a770640ea9b9f27661a6 -- /home/exodus/Documents/PPI/ppi_dai_PEMBERTHYjer/main.py [26ms]
2024-09-22 09:58:28.500 [info] > git ls-tree -l 992f0c652e361c7660b1c99212ee139e6d4dad56 -- /home/exodus/Documents/PPI/ppi_dai_PEMBERTHYjer/src/main.py [6ms]
2024-09-22 09:58:29.006 [info] > git check-ignore -v -z --stdin [1ms]
2024-09-22 09:58:29.940 [info] > git diff-tree -r --name-status -z --diff-filter=ADMR 992f0c652e361c7660b1c99212ee139e6d4dad56 abda2aa5225bd09c1325db7fafd3806cb9ec68ab [2ms]
2024-09-22 09:58:30.007 [info] > git show --textconv 992f0c652e361c7660b1c99212ee139e6d4dad56:.gitignore [36ms]
2024-09-22 09:58:30.008 [info] > git show --textconv abda2aa5225bd09c1325db7fafd3806cb9ec68ab:.gitignore [24ms]
2024-09-22 09:58:30.008 [info] > git ls-tree -l 992f0c652e361c7660b1c99212ee139e6d4dad56 -- /home/exodus/Documents/PPI/ppi_dai_PEMBERTHYjer/.gitignore [8ms]
2024-09-22 09:58:30.014 [info] > git ls-tree -l abda2aa5225bd09c1325db7fafd3806cb9ec68ab -- /home/exodus/Documents/PPI/ppi_dai_PEMBERTHYjer/.gitignore [7ms]
2024-09-22 09:58:30.520 [info] > git check-ignore -v -z --stdin [2ms]
2024-09-22 09:58:36.398 [info] > git show --textconv :src/main.py [13ms]
2024-09-22 09:58:36.400 [info] > git ls-files --stage -- /home/exodus/Documents/PPI/ppi_dai_PEMBERTHYjer/src/main.py [7ms]
2024-09-22 09:58:36.406 [info] > git cat-file -s bfefd8025004e2e079ccf4d0885812f6673c3786 [1ms]
