2024-09-22 09:59:35.638 [info] El experimento \"pythonRecommendTensorboardExt\" está activo
2024-09-22 09:59:35.638 [info] El experimento \"pythonTerminalEnvVarActivation\" está activo
2024-09-22 09:59:35.638 [info] El experimento \"pythonTestAdapter\" está activo
2024-09-22 09:59:35.638 [warning] Dir "/home/exodus/Documents/PPI/ppi_dai_PEMBERTHYjer/.pixi/envs" is not watchable (directory does not exist)
2024-09-22 09:59:35.638 [info] Default formatter is set to null for workspace /home/exodus/Documents/PPI/ppi_dai_PEMBERTHYjer
2024-09-22 09:59:35.638 [info] Starting Environment refresh
2024-09-22 09:59:35.641 [info] VS Code was launched from an activated environment: 'venv', selecting it as the interpreter for workspace.
2024-09-22 09:59:35.661 [info] > pixi --version
2024-09-22 09:59:35.684 [info] > hatch env show --json
2024-09-22 09:59:35.684 [info] cwd: .
2024-09-22 09:59:35.858 [info] > /sbin/python -I ~/.vscode/extensions/ms-python.python-2024.14.1-linux-x64/python_files/get_output_via_markers.py ~/.vscode/extensions/ms-python.python-2024.14.1-linux-x64/python_files/interpreterInfo.py
2024-09-22 09:59:35.881 [info] > ./venv/bin/python -I ~/.vscode/extensions/ms-python.python-2024.14.1-linux-x64/python_files/get_output_via_markers.py ~/.vscode/extensions/ms-python.python-2024.14.1-linux-x64/python_files/interpreterInfo.py
2024-09-22 09:59:36.538 [info] Ruta de acceso del intérprete de Python: ./venv/bin/python
2024-09-22 09:59:36.712 [info] > pyenv which python
2024-09-22 09:59:36.712 [info] cwd: .
2024-09-22 09:59:36.850 [info] Environments refresh finished (event): 1256 milliseconds
2024-09-22 09:59:36.850 [info] Environments refresh paths discovered: 1256 milliseconds
2024-09-22 09:59:36.865 [info] Environment refresh took 1272 milliseconds
2024-09-22 09:59:38.016 [warning] Shell integration may not be active, environment activated may be overridden by the shell.
2024-09-22 09:59:38.113 [warning] could not find a pixi interpreter for the interpreter at /home/exodus/Documents/PPI/ppi_dai_PEMBERTHYjer/venv/bin/python
2024-09-22 09:59:38.287 [info] > . ./venv/bin/activate.fish && echo 'e8b39361-0157-4923-80e1-22d70d46dee6' && python ~/.vscode/extensions/ms-python.python-2024.14.1-linux-x64/python_files/printEnvVariables.py
2024-09-22 09:59:38.287 [info] shell: fish
2024-09-22 09:59:38.733 [info] > /sbin/python ~/.vscode/extensions/ms-python.python-2024.14.1-linux-x64/python_files/printEnvVariables.py
2024-09-22 09:59:38.733 [info] shell: fish
2024-09-22 09:59:39.334 [info] Iniciando el servidor de lenguaje Pylance.
2024-09-22 09:59:40.154 [info] Prepending environment variable PATH in collection to /home/exodus/.vscode/extensions/ms-python.python-2024.14.1-linux-x64/python_files/deactivate/fish:/home/exodus/Documents/PPI/ppi_dai_PEMBERTHYjer/venv/bin:/home/exodus/.bin:/home/exodus/.local/bin:/home/exodus/Applications:/sbin:/bin:/usr/local/sbin:/usr/local/bin:/usr/sbin:/usr/bin:/home/exodus/.local/bin:/usr/bin/site_perl:/usr/bin/vendor_perl:/usr/bin/core_perl:/home/exodus/.local/bin:/home/exodus/.local/bin:/home/exodus/.local/bin: {"applyAtShellIntegration":true,"applyAtProcessCreation":true}
2024-09-22 09:59:40.154 [info] Setting environment variable STARSHIP_SESSION_KEY in collection to 3178215664209582 {"applyAtShellIntegration":true,"applyAtProcessCreation":true}
2024-09-22 09:59:40.160 [info] Send text to terminal: /sbin/python /home/exodus/.vscode/extensions/ms-python.python-2024.14.1-linux-x64/python_files/printEnvVariablesToFile.py /home/exodus/.vscode/extensions/ms-python.python-2024.14.1-linux-x64/python_files/deactivate/fish/envVars.txt
2024-09-22 10:01:03.660 [info] Discover tests for workspace name: undefined - uri: /home/exodus/.config/Code/User/settings.json
2024-09-22 10:03:55.306 [info] CreateEnv Trigger - Skipping for /home/exodus/Documents/PPI/ppi_dai_PEMBERTHYjer/src/main.py
2024-09-22 10:03:55.472 [info] Send text to terminal: /home/exodus/Documents/PPI/ppi_dai_PEMBERTHYjer/venv/bin/python /home/exodus/Documents/PPI/ppi_dai_PEMBERTHYjer/src/main.py
2024-09-22 10:03:55.600 [info] Discover tests for workspace name: ppi_dai_PEMBERTHYjer - uri: /home/exodus/Documents/PPI/ppi_dai_PEMBERTHYjer/src/main.py
2024-09-22 10:06:47.895 [info] Send text to terminal: /home/exodus/Documents/PPI/ppi_dai_PEMBERTHYjer/venv/bin/python /home/exodus/Documents/PPI/ppi_dai_PEMBERTHYjer/src/main.py
2024-09-22 10:06:48.132 [info] Discover tests for workspace name: ppi_dai_PEMBERTHYjer - uri: /home/exodus/Documents/PPI/ppi_dai_PEMBERTHYjer/src/main.py
2024-09-22 10:07:43.872 [info] Send text to terminal: /home/exodus/Documents/PPI/ppi_dai_PEMBERTHYjer/venv/bin/python /home/exodus/Documents/PPI/ppi_dai_PEMBERTHYjer/src/main.py
2024-09-22 10:07:44.102 [info] Discover tests for workspace name: ppi_dai_PEMBERTHYjer - uri: /home/exodus/Documents/PPI/ppi_dai_PEMBERTHYjer/src/main.py
2024-09-22 10:10:00.548 [info] Send text to terminal: /home/exodus/Documents/PPI/ppi_dai_PEMBERTHYjer/venv/bin/python /home/exodus/Documents/PPI/ppi_dai_PEMBERTHYjer/src/main.py
2024-09-22 10:10:00.776 [info] Discover tests for workspace name: ppi_dai_PEMBERTHYjer - uri: /home/exodus/Documents/PPI/ppi_dai_PEMBERTHYjer/src/main.py
2024-09-22 10:11:28.625 [info] Send text to terminal: /home/exodus/Documents/PPI/ppi_dai_PEMBERTHYjer/venv/bin/python /home/exodus/Documents/PPI/ppi_dai_PEMBERTHYjer/src/main.py
2024-09-22 10:11:28.832 [info] Discover tests for workspace name: ppi_dai_PEMBERTHYjer - uri: /home/exodus/Documents/PPI/ppi_dai_PEMBERTHYjer/src/main.py
2024-09-22 10:20:07.105 [info] Send text to terminal: /home/exodus/Documents/PPI/ppi_dai_PEMBERTHYjer/venv/bin/python /home/exodus/Documents/PPI/ppi_dai_PEMBERTHYjer/src/main.py
2024-09-22 10:20:07.338 [info] Discover tests for workspace name: ppi_dai_PEMBERTHYjer - uri: /home/exodus/Documents/PPI/ppi_dai_PEMBERTHYjer/src/main.py
2024-09-22 10:21:31.326 [info] Send text to terminal: /home/exodus/Documents/PPI/ppi_dai_PEMBERTHYjer/venv/bin/python /home/exodus/Documents/PPI/ppi_dai_PEMBERTHYjer/src/main.py
2024-09-22 10:22:14.662 [info] Discover tests for workspace name: ppi_dai_PEMBERTHYjer - uri: /home/exodus/Documents/PPI/ppi_dai_PEMBERTHYjer/src/explore.py
2024-09-22 10:22:16.249 [info] Discover tests for workspace name: ppi_dai_PEMBERTHYjer - uri: /home/exodus/Documents/PPI/ppi_dai_PEMBERTHYjer/src/saved.py
2024-09-22 10:22:17.156 [info] Discover tests for workspace name: ppi_dai_PEMBERTHYjer - uri: /home/exodus/Documents/PPI/ppi_dai_PEMBERTHYjer/src/settings.py
2024-09-22 10:22:19.403 [info] Send text to terminal: /home/exodus/Documents/PPI/ppi_dai_PEMBERTHYjer/venv/bin/python /home/exodus/Documents/PPI/ppi_dai_PEMBERTHYjer/src/main.py
2024-09-22 10:25:57.799 [info] Discover tests for workspace name: ppi_dai_PEMBERTHYjer - uri: /home/exodus/Documents/PPI/ppi_dai_PEMBERTHYjer
2024-09-22 10:29:51.591 [info] Send text to terminal: /home/exodus/Documents/PPI/ppi_dai_PEMBERTHYjer/venv/bin/python /home/exodus/Documents/PPI/ppi_dai_PEMBERTHYjer/src/main.py
2024-09-22 10:34:57.243 [info] Discover tests for workspace name: ppi_dai_PEMBERTHYjer - uri: /home/exodus/Documents/PPI/ppi_dai_PEMBERTHYjer/src/main.py
2024-09-22 10:36:30.900 [info] Discover tests for workspace name: ppi_dai_PEMBERTHYjer - uri: /home/exodus/Documents/PPI/ppi_dai_PEMBERTHYjer/src/main.py
2024-09-22 10:40:40.436 [info] Discover tests for workspace name: ppi_dai_PEMBERTHYjer - uri: /home/exodus/Documents/PPI/ppi_dai_PEMBERTHYjer/src/main.py
2024-09-22 10:55:59.402 [info] Starting Environment refresh
2024-09-22 10:55:59.402 [info] Searching for interpreters in posix paths locator
2024-09-22 10:55:59.405 [info] Searching for pyenv environments
2024-09-22 10:55:59.405 [info] Searching for conda environments
2024-09-22 10:55:59.405 [info] Searching for global virtual environments
2024-09-22 10:55:59.405 [info] Searching for custom virtual environments
2024-09-22 10:55:59.426 [info] > conda info --json
2024-09-22 10:55:59.434 [info] pyenv is not installed
2024-09-22 10:55:59.434 [info] Finished searching for pyenv environments: 31 milliseconds
2024-09-22 10:55:59.437 [info] Finished searching for custom virtual envs: 32 milliseconds
2024-09-22 10:55:59.456 [info] Finished searching for global virtual envs: 52 milliseconds
2024-09-22 10:55:59.469 [info] Found: /bin/python --> /bin/python3.12
2024-09-22 10:55:59.472 [info] Found: /bin/python3 --> /bin/python3.12
2024-09-22 10:55:59.473 [info] Found: /bin/python3.12 --> /bin/python3.12
2024-09-22 10:55:59.557 [info] Found: /sbin/python --> /sbin/python3.12
2024-09-22 10:55:59.566 [info] Found: /sbin/python3 --> /sbin/python3.12
2024-09-22 10:55:59.568 [info] Found: /sbin/python3.12 --> /sbin/python3.12
2024-09-22 10:55:59.588 [info] Found: /usr/bin/python --> /usr/bin/python3.12
2024-09-22 10:55:59.588 [info] Found: /usr/bin/python3 --> /usr/bin/python3.12
2024-09-22 10:55:59.589 [info] Found: /usr/bin/python3.12 --> /usr/bin/python3.12
2024-09-22 10:55:59.631 [info] Found: /usr/sbin/python --> /usr/sbin/python3.12
2024-09-22 10:55:59.631 [info] Found: /usr/sbin/python3 --> /usr/sbin/python3.12
2024-09-22 10:55:59.631 [info] Found: /usr/sbin/python3.12 --> /usr/sbin/python3.12
2024-09-22 10:55:59.632 [info] Found: /home/exodus/Documents/PPI/ppi_dai_PEMBERTHYjer/venv/bin/python --> /sbin/python3.12
2024-09-22 10:55:59.632 [info] Found: /home/exodus/Documents/PPI/ppi_dai_PEMBERTHYjer/venv/bin/python3 --> /sbin/python3.12
2024-09-22 10:55:59.633 [info] Found: /home/exodus/Documents/PPI/ppi_dai_PEMBERTHYjer/venv/bin/python3.12 --> /sbin/python3.12
2024-09-22 10:55:59.644 [info] > /bin/python -I ~/.vscode/extensions/ms-python.python-2024.14.1-linux-x64/python_files/get_output_via_markers.py ~/.vscode/extensions/ms-python.python-2024.14.1-linux-x64/python_files/interpreterInfo.py
2024-09-22 10:55:59.680 [info] Finished searching for interpreters in posix paths locator: 269 milliseconds
2024-09-22 10:55:59.680 [info] > /usr/bin/python -I ~/.vscode/extensions/ms-python.python-2024.14.1-linux-x64/python_files/get_output_via_markers.py ~/.vscode/extensions/ms-python.python-2024.14.1-linux-x64/python_files/interpreterInfo.py
2024-09-22 10:55:59.719 [info] Environments refresh paths discovered (event): 319 milliseconds
2024-09-22 10:55:59.719 [info] Environments refresh paths discovered: 319 milliseconds
2024-09-22 10:55:59.747 [info] > /usr/sbin/python -I ~/.vscode/extensions/ms-python.python-2024.14.1-linux-x64/python_files/get_output_via_markers.py ~/.vscode/extensions/ms-python.python-2024.14.1-linux-x64/python_files/interpreterInfo.py
2024-09-22 10:55:59.855 [info] Environments refresh finished (event): 455 milliseconds
2024-09-22 10:55:59.872 [info] Environment refresh took 473 milliseconds
2024-09-22 10:56:00.096 [info] > /sbin/python3.12 -I ~/.vscode/extensions/ms-python.python-2024.14.1-linux-x64/python_files/get_output_via_markers.py ~/.vscode/extensions/ms-python.python-2024.14.1-linux-x64/python_files/interpreterInfo.py
2024-09-22 10:56:00.123 [info] > /usr/sbin/python3.12 -I ~/.vscode/extensions/ms-python.python-2024.14.1-linux-x64/python_files/get_output_via_markers.py ~/.vscode/extensions/ms-python.python-2024.14.1-linux-x64/python_files/interpreterInfo.py
2024-09-22 10:56:00.193 [info] > /bin/python3.12 -I ~/.vscode/extensions/ms-python.python-2024.14.1-linux-x64/python_files/get_output_via_markers.py ~/.vscode/extensions/ms-python.python-2024.14.1-linux-x64/python_files/interpreterInfo.py
2024-09-22 10:56:00.206 [info] > /usr/bin/python3.12 -I ~/.vscode/extensions/ms-python.python-2024.14.1-linux-x64/python_files/get_output_via_markers.py ~/.vscode/extensions/ms-python.python-2024.14.1-linux-x64/python_files/interpreterInfo.py
2024-09-22 10:56:00.277 [info] > /sbin/python3 -I ~/.vscode/extensions/ms-python.python-2024.14.1-linux-x64/python_files/get_output_via_markers.py ~/.vscode/extensions/ms-python.python-2024.14.1-linux-x64/python_files/interpreterInfo.py
2024-09-22 10:56:00.300 [info] > /usr/bin/python3 -I ~/.vscode/extensions/ms-python.python-2024.14.1-linux-x64/python_files/get_output_via_markers.py ~/.vscode/extensions/ms-python.python-2024.14.1-linux-x64/python_files/interpreterInfo.py
2024-09-22 10:56:00.361 [info] > /bin/python3 -I ~/.vscode/extensions/ms-python.python-2024.14.1-linux-x64/python_files/get_output_via_markers.py ~/.vscode/extensions/ms-python.python-2024.14.1-linux-x64/python_files/interpreterInfo.py
2024-09-22 10:56:00.392 [info] > /usr/sbin/python3 -I ~/.vscode/extensions/ms-python.python-2024.14.1-linux-x64/python_files/get_output_via_markers.py ~/.vscode/extensions/ms-python.python-2024.14.1-linux-x64/python_files/interpreterInfo.py
2024-09-22 10:57:11.036 [info] Send text to terminal: printenv > "/tmp/tmp-5476846jnOBoMgIFW.txt"
