2024-09-22 09:59:38.267 [info] (Client) Pylance async client (2024.9.2) started with python extension (2024.14.1)
2024-09-22 09:59:39.020 [info] [Info  - 9:59:39 AM] (55137) Server root directory: file:///home/exodus/.vscode/extensions/ms-python.vscode-pylance-2024.9.2/dist
2024-09-22 09:59:39.119 [info] [Info  - 9:59:39 AM] (55137) Pylance language server 2024.9.2 (pyright version 1.1.378, commit ce64adc1) starting
2024-09-22 09:59:39.178 [info] [Info  - 9:59:39 AM] (55137) Starting service instance "ppi_dai_PEMBERTHYjer"
2024-09-22 09:59:39.672 [info] [Info  - 9:59:39 AM] (55137) Setting environmentName for service "ppi_dai_PEMBERTHYjer": "3.12.6 (venv venv)"
2024-09-22 09:59:39.786 [info] [Info  - 9:59:39 AM] (55137) Setting pythonPath for service "ppi_dai_PEMBERTHYjer": "/home/exodus/Documents/PPI/ppi_dai_PEMBERTHYjer/venv/bin/python"
2024-09-22 09:59:39.797 [info] [Info  - 9:59:39 AM] (55137) No include entries specified; assuming /home/exodus/Documents/PPI/ppi_dai_PEMBERTHYjer
2024-09-22 09:59:39.799 [info] [Info  - 9:59:39 AM] (55137) Auto-excluding **/node_modules
2024-09-22 09:59:39.801 [info] [Info  - 9:59:39 AM] (55137) Auto-excluding **/__pycache__
2024-09-22 09:59:39.806 [info] [Info  - 9:59:39 AM] (55137) Auto-excluding **/.*
2024-09-22 09:59:39.807 [info] [Info  - 9:59:39 AM] (55137) Assuming Python version 3.12.6.final.0
2024-09-22 09:59:40.128 [info] [Info  - 9:59:40 AM] (55137) Auto-excluding /home/exodus/Documents/PPI/ppi_dai_PEMBERTHYjer/venv
2024-09-22 09:59:40.133 [info] [Info  - 9:59:40 AM] (55137) Found 1 source file
2024-09-22 09:59:40.858 [info] [Info  - 9:59:40 AM] (55137) Background analysis(1) root directory: file:///home/exodus/.vscode/extensions/ms-python.vscode-pylance-2024.9.2/dist
2024-09-22 09:59:40.858 [info] [Info  - 9:59:40 AM] (55137) Background analysis(1) started
2024-09-22 09:59:41.833 [info] [Info  - 9:59:41 AM] (55137) Indexer background runner(2) root directory: file:///home/exodus/.vscode/extensions/ms-python.vscode-pylance-2024.9.2/dist (index)
2024-09-22 09:59:41.836 [info] [Info  - 9:59:41 AM] (55137) Indexing(2) started
2024-09-22 09:59:41.836 [info] [Info  - 9:59:41 AM] (55137) Starting service instance "<default>"
2024-09-22 09:59:41.882 [info] [Info  - 9:59:41 AM] (55137) Setting environmentName for service "<default>": "3.12.6 (venv venv)"
2024-09-22 09:59:41.884 [info] [Info  - 9:59:41 AM] (55137) Setting pythonPath for service "<default>": "/home/exodus/Documents/PPI/ppi_dai_PEMBERTHYjer/venv/bin/python"
2024-09-22 09:59:41.885 [info] [Info  - 9:59:41 AM] (55137) No include entries specified; assuming /<default workspace root>
2024-09-22 09:59:41.885 [info] [Info  - 9:59:41 AM] (55137) Auto-excluding **/node_modules
2024-09-22 09:59:41.885 [info] [Info  - 9:59:41 AM] (55137) Auto-excluding **/__pycache__
2024-09-22 09:59:41.885 [info] [Info  - 9:59:41 AM] (55137) Auto-excluding **/.*
2024-09-22 09:59:41.984 [info] [Info  - 9:59:41 AM] (55137) Assuming Python version 3.12.6.final.0
2024-09-22 09:59:42.253 [info] [Error - 9:59:42 AM] (55137) File or directory "/<default workspace root>" does not exist.
2024-09-22 09:59:42.256 [info] [Info  - 9:59:42 AM] (55137) No source files found.
2024-09-22 09:59:44.167 [info] [Info  - 9:59:44 AM] (55137) Background analysis(3) root directory: file:///home/exodus/.vscode/extensions/ms-python.vscode-pylance-2024.9.2/dist
2024-09-22 09:59:44.167 [info] [Info  - 9:59:44 AM] (55137) Background analysis(3) started
2024-09-22 09:59:46.773 [info] [Info  - 9:59:46 AM] (55137) [IDX(2)] Long operation: scan packages file:///home/exodus/Documents/PPI/ppi_dai_PEMBERTHYjer (4955ms)
2024-09-22 09:59:46.773 [info] [Info  - 9:59:46 AM] (55137) scanned(2) 205 files over 1 exec env
2024-09-22 09:59:47.658 [info] [Info  - 9:59:47 AM] (55137) [BG(1)] Long operation: checking: file:///home/exodus/Documents/PPI/ppi_dai_PEMBERTHYjer/src/main.py (6118ms)
2024-09-22 09:59:47.659 [info] [Info  - 9:59:47 AM] (55137) [BG(1)] Long operation: analyzing: file:///home/exodus/Documents/PPI/ppi_dai_PEMBERTHYjer/src/main.py (6638ms)
2024-09-22 09:59:53.494 [info] [Info  - 9:59:53 AM] (55137) [IDX(2)] Long operation: index execution environment file:///home/exodus/Documents/PPI/ppi_dai_PEMBERTHYjer (6307ms)
2024-09-22 09:59:53.500 [info] [Info  - 9:59:53 AM] (55137) [IDX(2)] Long operation: index packages file:///home/exodus/Documents/PPI/ppi_dai_PEMBERTHYjer (6318ms)
2024-09-22 09:59:53.500 [info] [Info  - 9:59:53 AM] (55137) indexed(2) 158 files over 1 exec env
2024-09-22 09:59:53.568 [info] [Info  - 9:59:53 AM] (55137) Indexing finished(2).
2024-09-22 10:00:52.854 [info] [Info  - 10:00:52 AM] Server process exited successfully
2024-09-22 10:00:53.553 [info] (Client) Pylance async client (2024.9.2) started with python extension (2024.14.1)
2024-09-22 10:00:54.179 [info] [Info  - 10:00:54 AM] (58118) Server root directory: file:///home/exodus/.vscode/extensions/ms-python.vscode-pylance-2024.9.2/dist
2024-09-22 10:00:54.180 [info] [Info  - 10:00:54 AM] (58118) Pylance language server 2024.9.2 (pyright version 1.1.378, commit ce64adc1) starting
2024-09-22 10:00:54.190 [info] [Info  - 10:00:54 AM] (58118) Starting service instance "ppi_dai_PEMBERTHYjer"
2024-09-22 10:00:54.258 [info] [Info  - 10:00:54 AM] (58118) Setting environmentName for service "ppi_dai_PEMBERTHYjer": "3.12.6 (venv venv)"
2024-09-22 10:00:54.260 [info] [Info  - 10:00:54 AM] (58118) Setting pythonPath for service "ppi_dai_PEMBERTHYjer": "/home/exodus/Documents/PPI/ppi_dai_PEMBERTHYjer/venv/bin/python"
2024-09-22 10:00:54.262 [info] [Info  - 10:00:54 AM] (58118) No include entries specified; assuming /home/exodus/Documents/PPI/ppi_dai_PEMBERTHYjer
2024-09-22 10:00:54.262 [info] [Info  - 10:00:54 AM] (58118) Auto-excluding **/node_modules
2024-09-22 10:00:54.262 [info] [Info  - 10:00:54 AM] (58118) Auto-excluding **/__pycache__
2024-09-22 10:00:54.262 [info] [Info  - 10:00:54 AM] (58118) Auto-excluding **/.*
2024-09-22 10:00:54.330 [info] [Info  - 10:00:54 AM] (58118) Assuming Python version 3.12.6.final.0
2024-09-22 10:00:54.431 [info] [Info  - 10:00:54 AM] (58118) Auto-excluding /home/exodus/Documents/PPI/ppi_dai_PEMBERTHYjer/venv
2024-09-22 10:00:54.435 [info] [Info  - 10:00:54 AM] (58118) Found 1 source file
2024-09-22 10:00:54.898 [info] [Info  - 10:00:54 AM] (58118) Background analysis(1) root directory: file:///home/exodus/.vscode/extensions/ms-python.vscode-pylance-2024.9.2/dist
2024-09-22 10:00:54.901 [info] [Info  - 10:00:54 AM] (58118) Background analysis(1) started
2024-09-22 10:01:43.074 [info] [Info  - 10:01:43 AM] (58118) Indexer background runner(2) root directory: file:///home/exodus/.vscode/extensions/ms-python.vscode-pylance-2024.9.2/dist (index)
2024-09-22 10:01:43.074 [info] [Info  - 10:01:43 AM] (58118) Indexing(2) started
2024-09-22 10:01:44.541 [info] [Info  - 10:01:44 AM] (58118) scanned(2) 205 files over 1 exec env
2024-09-22 10:01:46.441 [info] [Info  - 10:01:46 AM] (58118) [BG(1)] Long operation: checking: file:///home/exodus/Documents/PPI/ppi_dai_PEMBERTHYjer/src/main.py (3720ms)
2024-09-22 10:01:46.442 [info] [Info  - 10:01:46 AM] (58118) [BG(1)] Long operation: analyzing: file:///home/exodus/Documents/PPI/ppi_dai_PEMBERTHYjer/src/main.py (4181ms)
2024-09-22 10:01:48.357 [info] [Info  - 10:01:48 AM] (58118) [IDX(2)] Long operation: index execution environment file:///home/exodus/Documents/PPI/ppi_dai_PEMBERTHYjer (3223ms)
2024-09-22 10:01:48.371 [info] [Info  - 10:01:48 AM] (58118) [IDX(2)] Long operation: index packages file:///home/exodus/Documents/PPI/ppi_dai_PEMBERTHYjer (3292ms)
2024-09-22 10:01:48.371 [info] [Info  - 10:01:48 AM] (58118) indexed(2) 158 files over 1 exec env
2024-09-22 10:01:48.437 [info] [Info  - 10:01:48 AM] (58118) Indexing finished(2).
2024-09-22 10:18:25.390 [info] [Info  - 10:18:25 AM] (58118) Auto-excluding /home/exodus/Documents/PPI/ppi_dai_PEMBERTHYjer/venv
2024-09-22 10:18:25.404 [info] [Info  - 10:18:25 AM] (58118) Found 2 source files
2024-09-22 10:18:27.924 [info] [Info  - 10:18:27 AM] (58118) [BG(1)] Long operation: checking: file:///home/exodus/Documents/PPI/ppi_dai_PEMBERTHYjer/src/main.py (2085ms)
2024-09-22 10:18:27.925 [info] [Info  - 10:18:27 AM] (58118) [BG(1)] Long operation: analyzing: file:///home/exodus/Documents/PPI/ppi_dai_PEMBERTHYjer/src/main.py (2496ms)
2024-09-22 10:18:54.968 [info] [Info  - 10:18:54 AM] (58118) Auto-excluding /home/exodus/Documents/PPI/ppi_dai_PEMBERTHYjer/venv
2024-09-22 10:18:54.978 [info] [Info  - 10:18:54 AM] (58118) Found 3 source files
2024-09-22 10:18:57.720 [info] [Info  - 10:18:57 AM] (58118) [BG(1)] Long operation: checking: file:///home/exodus/Documents/PPI/ppi_dai_PEMBERTHYjer/src/main.py (2421ms)
2024-09-22 10:18:57.721 [info] [Info  - 10:18:57 AM] (58118) [BG(1)] Long operation: analyzing: file:///home/exodus/Documents/PPI/ppi_dai_PEMBERTHYjer/src/main.py (2725ms)
2024-09-22 10:19:13.450 [info] [Info  - 10:19:13 AM] (58118) Auto-excluding /home/exodus/Documents/PPI/ppi_dai_PEMBERTHYjer/venv
2024-09-22 10:19:13.460 [info] [Info  - 10:19:13 AM] (58118) Found 4 source files
2024-09-22 10:22:32.977 [info] [Info  - 10:22:32 AM] (58118) Setting environmentName for service "ppi_dai_PEMBERTHYjer": "3.12.6 (venv venv)"
2024-09-22 10:22:32.978 [info] [Info  - 10:22:32 AM] (58118) Setting pythonPath for service "ppi_dai_PEMBERTHYjer": "/home/exodus/Documents/PPI/ppi_dai_PEMBERTHYjer/venv/bin/python"
2024-09-22 10:22:32.978 [info] [Info  - 10:22:32 AM] (58118) No include entries specified; assuming /home/exodus/Documents/PPI/ppi_dai_PEMBERTHYjer
2024-09-22 10:22:32.979 [info] [Info  - 10:22:32 AM] (58118) Auto-excluding **/node_modules
2024-09-22 10:22:32.979 [info] [Info  - 10:22:32 AM] (58118) Auto-excluding **/__pycache__
2024-09-22 10:22:32.979 [info] [Info  - 10:22:32 AM] (58118) Auto-excluding **/.*
2024-09-22 10:22:33.049 [info] [Info  - 10:22:33 AM] (58118) Assuming Python version 3.12.6.final.0
2024-09-22 10:22:33.222 [info] [Info  - 10:22:33 AM] (58118) Auto-excluding /home/exodus/Documents/PPI/ppi_dai_PEMBERTHYjer/venv
2024-09-22 10:22:33.228 [info] [Info  - 10:22:33 AM] (58118) Found 4 source files
2024-09-22 10:22:36.513 [info] [Info  - 10:22:36 AM] (58118) Indexer background runner(3) root directory: file:///home/exodus/.vscode/extensions/ms-python.vscode-pylance-2024.9.2/dist (index)
2024-09-22 10:22:36.526 [info] [Info  - 10:22:36 AM] (58118) Indexing(3) started
2024-09-22 10:22:38.265 [info] [Info  - 10:22:38 AM] (58118) scanned(3) 205 files over 1 exec env
2024-09-22 10:22:40.418 [info] [Info  - 10:22:40 AM] (58118) [BG(1)] Long operation: checking: file:///home/exodus/Documents/PPI/ppi_dai_PEMBERTHYjer/src/main.py (5809ms)
2024-09-22 10:22:40.420 [info] [Info  - 10:22:40 AM] (58118) [BG(1)] Long operation: analyzing: file:///home/exodus/Documents/PPI/ppi_dai_PEMBERTHYjer/src/main.py (6679ms)
2024-09-22 10:22:41.373 [info] [Info  - 10:22:41 AM] (58118) [IDX(3)] Long operation: index execution environment file:///home/exodus/Documents/PPI/ppi_dai_PEMBERTHYjer (2007ms)
2024-09-22 10:22:41.376 [info] [Info  - 10:22:41 AM] (58118) [IDX(3)] Long operation: index packages file:///home/exodus/Documents/PPI/ppi_dai_PEMBERTHYjer (2099ms)
2024-09-22 10:22:41.377 [info] [Info  - 10:22:41 AM] (58118) indexed(3) 158 files over 1 exec env
2024-09-22 10:22:41.466 [info] [Info  - 10:22:41 AM] (58118) Indexing finished(3).
2024-09-22 10:54:41.070 [info] [Info  - 10:54:41 AM] Server process exited successfully
