Debug: Getting roots
Debug: Getting roots
Debug: Found roots
Debug: Start watching file for changes /home/exodus/.conda/environments.txt
Debug: Start watching: /home/exodus/.conda with pattern environments.txt using VSCode API
Debug: Searching for conda.
Debug: Getting poetry version
Debug: Getting poetry version for poetry
Debug: Probing conda binary: conda
Debug: Getting poetry version
Debug: Getting poetry version for poetry
Debug: Cached data exists KeyPrefix=Cache_Method_Output_Poetry.getVersionCached-Args=
Debug: Found roots
Debug: Start watching root /home/exodus/Documents/PPI/ppi_dai_PEMBERTHYjer for globs ["python","*/python","*/bin/python"]
Debug: Start watching: /home/exodus/Documents/PPI/ppi_dai_PEMBERTHYjer with pattern python using VSCode API
Debug: Start watching: /home/exodus/Documents/PPI/ppi_dai_PEMBERTHYjer with pattern */python using VSCode API
Debug: Start watching: /home/exodus/Documents/PPI/ppi_dai_PEMBERTHYjer with pattern */bin/python using VSCode API
Debug: Shell path 'hidden', base path 'hidden'
Debug: Shell path identified as shell 'other'
Debug: Terminal name 'hidden' identified as shell 'other'
Debug: [object Object]. Shell identified as other (Terminal name is hidden)
Debug: Shell path '/sbin/fish', base path '/sbin/fish'
Debug: Shell path identified as shell 'fish'
Debug: Terminal shell path '/sbin/fish' identified as shell 'fish'
Debug: [object Object]. Shell identified as fish (Terminal name is hidden)
Debug: Shell identified as 'fish'
Debug: Dump environment variables {
    "CHROME_DESKTOP": "code-url-handler.desktop",
    "COLORTERM": "truecolor",
    "DBUS_SESSION_BUS_ADDRESS": "unix:path=/run/user/1000/bus",
    "DEBUGINFOD_URLS": "https://debuginfod.archlinux.org ",
    "DISPLAY": ":0",
    "ELECTRON_NO_ATTACH_CONSOLE": "1",
    "GDK_BACKEND": "x11",
    "HL_INITIAL_WORKSPACE_TOKEN": "960bc11b-6076-47c5-a1dc-1dd8709f4608",
    "HOME": "/home/exodus",
    "HYPRCURSOR_SIZE": "10",
    "HYPRLAND_CMD": "Hyprland",
    "HYPRLAND_INSTANCE_SIGNATURE": "0f594732b063a90d44df8c5d402d658f27471dfe_1727014965_933783625",
    "INVOCATION_ID": "2117700939ce43b2846ed490bffa0178",
    "KITTY_INSTALLATION_DIR": "/usr/lib/kitty",
    "KITTY_PID": "1475",
    "KITTY_PUBLIC_KEY": "1:V}h*z`bOoePU-DQDuT@{fM6Uy>omSyJ0E%Dk&b&{",
    "KITTY_WINDOW_ID": "1",
    "LANG": "C.UTF-8",
    "LOGNAME": "exodus",
    "MAIL": "/var/spool/mail/exodus",
    "MEMORY_PRESSURE_WATCH": "/sys/fs/cgroup/system.slice/ly.service/memory.pressure",
    "MEMORY_PRESSURE_WRITE": "c29tZSAyMDAwMDAgMjAwMDAwMAA=",
    "MOTD_SHOWN": "pam",
    "MOZ_ENABLE_WAYLAND": "1",
    "NO_AT_BRIDGE": "1",
    "PWD": "/home/exodus/Documents/PPI/ppi_dai_PEMBERTHYjer",
    "RSPOTIFY_CLIENT_ID": "b3b32d8696ba48ec8abb887d7a2b0a24",
    "RSPOTIFY_CLIENT_SECRET": "c664d7c0afc047dca18f086de3db625c",
    "SHELL": "/bin/fish",
    "SHLVL": "4",
    "STARSHIP_SESSION_KEY": "3273910981255262",
    "STARSHIP_SHELL": "fish",
    "SYSTEMD_EXEC_PID": "547",
    "TERM": "tmux-256color",
    "TERMINFO": "/usr/lib/kitty/terminfo",
    "TERM_PROGRAM": "tmux",
    "TERM_PROGRAM_VERSION": "3.4",
    "TMUX": "/tmp/tmux-1000/default,8305,0",
    "TMUX_PANE": "%1",
    "TMUX_PLUGIN_MANAGER_PATH": "/home/exodus/.config/tmux/plugins/",
    "USER": "exodus",
    "VIRTUAL_ENV": "/home/exodus/Documents/PPI/ppi_dai_PEMBERTHYjer/venv",
    "VSCODE_AMD_ENTRYPOINT": "vs/workbench/api/node/extensionHostProcess",
    "VSCODE_CLI": "1",
    "VSCODE_CODE_CACHE_PATH": "/home/exodus/.config/Code/CachedData/38c31bc77e0dd6ae88a4e9cc93428cc27a56ba40",
    "VSCODE_CRASH_REPORTER_PROCESS_TYPE": "extensionHost",
    "VSCODE_CWD": "/home/exodus/Documents/PPI/ppi_dai_PEMBERTHYjer",
    "VSCODE_HANDLES_UNCAUGHT_ERRORS": "true",
    "VSCODE_IPC_HOOK": "/run/user/1000/vscode-7003d267-1.93-main.sock",
    "VSCODE_NLS_CONFIG": "{\"userLocale\":\"es\",\"osLocale\":\"c\",\"resolvedLanguage\":\"es\",\"defaultMessagesFile\":\"/opt/visual-studio-code/resources/app/out/nls.messages.json\",\"languagePack\":{\"translationsConfigFile\":\"/home/exodus/.config/Code/clp/eaa2fea9596bb553b799b0a62c988a50.es/tcf.json\",\"messagesFile\":\"/home/exodus/.config/Code/clp/eaa2fea9596bb553b799b0a62c988a50.es/38c31bc77e0dd6ae88a4e9cc93428cc27a56ba40/nls.messages.json\",\"corruptMarkerFile\":\"/home/exodus/.config/Code/clp/eaa2fea9596bb553b799b0a62c988a50.es/corrupted.info\"},\"locale\":\"es\",\"availableLanguages\":{\"*\":\"es\"},\"_languagePackId\":\"eaa2fea9596bb553b799b0a62c988a50.es\",\"_languagePackSupport\":true,\"_translationsConfigFile\":\"/home/exodus/.config/Code/clp/eaa2fea9596bb553b799b0a62c988a50.es/tcf.json\",\"_cacheRoot\":\"/home/exodus/.config/Code/clp/eaa2fea9596bb553b799b0a62c988a50.es\",\"_resolvedLanguagePackCoreLocation\":\"/home/exodus/.config/Code/clp/eaa2fea9596bb553b799b0a62c988a50.es/38c31bc77e0dd6ae88a4e9cc93428cc27a56ba40\",\"_corruptedFile\":\"/home/exodus/.config/Code/clp/eaa2fea9596bb553b799b0a62c988a50.es/corrupted.info\"}",
    "VSCODE_PID": "54595",
    "WAYLAND_DISPLAY": "wayland-1",
    "XCURSOR_SIZE": "10",
    "XDG_BACKEND": "wayland",
    "XDG_RUNTIME_DIR": "/run/user/1000",
    "XDG_SEAT": "seat0",
    "XDG_SESSION_CLASS": "user",
    "XDG_SESSION_DESKTOP": "hyprland",
    "XDG_SESSION_ID": "1",
    "XDG_SESSION_TYPE": "wayland",
    "XDG_VTNR": "2",
    "_": "/opt/visual-studio-code/bin/../code",
    "_JAVA_AWT_WM_NONREPARENTING": "1",
    "_OLD_VIRTUAL_PATH": "/home/exodus/.bin:/home/exodus/.local/bin:/home/exodus/Applications:/sbin:/bin:/usr/local/sbin:/usr/local/bin:/usr/sbin:/usr/bin:/home/exodus/.local/bin:/usr/bin/site_perl:/usr/bin/vendor_perl:/usr/bin/core_perl:/home/exodus/.local/bin:/home/exodus/.local/bin:/home/exodus/.local/bin",
    "tmux_version": "3.4",
    "ELECTRON_RUN_AS_NODE": "1",
    "APPLICATION_INSIGHTS_NO_DIAGNOSTIC_CHANNEL": "1",
    "VSCODE_L10N_BUNDLE_LOCATION": "file:///home/exodus/.vscode/extensions/ms-ceintl.vscode-language-pack-es-1.93.2024091109/translations/extensions/vscode.json-language-features.i18n.json",
    "PATH": "/home/exodus/Documents/PPI/ppi_dai_PEMBERTHYjer/venv/bin:/home/exodus/.bin:/home/exodus/.local/bin:/home/exodus/Applications:/sbin:/bin:/usr/local/sbin:/usr/local/bin:/usr/sbin:/usr/bin:/home/exodus/.local/bin:/usr/bin/site_perl:/usr/bin/vendor_perl:/usr/bin/core_perl:/home/exodus/.local/bin:/home/exodus/.local/bin:/home/exodus/.local/bin"
}
> poetry --version
cwd: ~/.vscode/extensions/donjayamanne.python-environment-manager-1.2.4/out/client
Debug: Shell Exec: poetry --version with options: {
    "cwd": "/home/exodus/.vscode/extensions/donjayamanne.python-environment-manager-1.2.4/out/client",
    "throwOnStdErr": true,
    "timeout": 50000,
    "encoding": "utf8",
    "env": {
        "CHROME_DESKTOP": "code-url-handler.desktop",
        "COLORTERM": "truecolor",
        "DBUS_SESSION_BUS_ADDRESS": "unix:path=/run/user/1000/bus",
        "DEBUGINFOD_URLS": "https://debuginfod.archlinux.org ",
        "DISPLAY": ":0",
        "ELECTRON_NO_ATTACH_CONSOLE": "1",
        "GDK_BACKEND": "x11",
        "HL_INITIAL_WORKSPACE_TOKEN": "960bc11b-6076-47c5-a1dc-1dd8709f4608",
        "HOME": "/home/exodus",
        "HYPRCURSOR_SIZE": "10",
        "HYPRLAND_CMD": "Hyprland",
        "HYPRLAND_INSTANCE_SIGNATURE": "0f594732b063a90d44df8c5d402d658f27471dfe_1727014965_933783625",
        "INVOCATION_ID": "2117700939ce43b2846ed490bffa0178",
        "KITTY_INSTALLATION_DIR": "/usr/lib/kitty",
        "KITTY_PID": "1475",
        "KITTY_PUBLIC_KEY": "1:V}h*z`bOoePU-DQDuT@{fM6Uy>omSyJ0E%Dk&b&{",
        "KITTY_WINDOW_ID": "1",
        "LANG": "C.UTF-8",
        "LOGNAME": "exodus",
        "MAIL": "/var/spool/mail/exodus",
        "MEMORY_PRESSURE_WATCH": "/sys/fs/cgroup/system.slice/ly.service/memory.pressure",
        "MEMORY_PRESSURE_WRITE": "c29tZSAyMDAwMDAgMjAwMDAwMAA=",
        "MOTD_SHOWN": "pam",
        "MOZ_ENABLE_WAYLAND": "1",
        "NO_AT_BRIDGE": "1",
        "PWD": "/home/exodus/Documents/PPI/ppi_dai_PEMBERTHYjer",
        "RSPOTIFY_CLIENT_ID": "b3b32d8696ba48ec8abb887d7a2b0a24",
        "RSPOTIFY_CLIENT_SECRET": "c664d7c0afc047dca18f086de3db625c",
        "SHELL": "/bin/fish",
        "SHLVL": "4",
        "STARSHIP_SESSION_KEY": "3273910981255262",
        "STARSHIP_SHELL": "fish",
        "SYSTEMD_EXEC_PID": "547",
        "TERM": "tmux-256color",
        "TERMINFO": "/usr/lib/kitty/terminfo",
        "TERM_PROGRAM": "tmux",
        "TERM_PROGRAM_VERSION": "3.4",
        "TMUX": "/tmp/tmux-1000/default,8305,0",
        "TMUX_PANE": "%1",
        "TMUX_PLUGIN_MANAGER_PATH": "/home/exodus/.config/tmux/plugins/",
        "USER": "exodus",
        "VIRTUAL_ENV": "/home/exodus/Documents/PPI/ppi_dai_PEMBERTHYjer/venv",
        "VSCODE_AMD_ENTRYPOINT": "vs/workbench/api/node/extensionHostProcess",
        "VSCODE_CLI": "1",
        "VSCODE_CODE_CACHE_PATH": "/home/exodus/.config/Code/CachedData/38c31bc77e0dd6ae88a4e9cc93428cc27a56ba40",
        "VSCODE_CRASH_REPORTER_PROCESS_TYPE": "extensionHost",
        "VSCODE_CWD": "/home/exodus/Documents/PPI/ppi_dai_PEMBERTHYjer",
        "VSCODE_HANDLES_UNCAUGHT_ERRORS": "true",
        "VSCODE_IPC_HOOK": "/run/user/1000/vscode-7003d267-1.93-main.sock",
        "VSCODE_NLS_CONFIG": "{\"userLocale\":\"es\",\"osLocale\":\"c\",\"resolvedLanguage\":\"es\",\"defaultMessagesFile\":\"/opt/visual-studio-code/resources/app/out/nls.messages.json\",\"languagePack\":{\"translationsConfigFile\":\"/home/exodus/.config/Code/clp/eaa2fea9596bb553b799b0a62c988a50.es/tcf.json\",\"messagesFile\":\"/home/exodus/.config/Code/clp/eaa2fea9596bb553b799b0a62c988a50.es/38c31bc77e0dd6ae88a4e9cc93428cc27a56ba40/nls.messages.json\",\"corruptMarkerFile\":\"/home/exodus/.config/Code/clp/eaa2fea9596bb553b799b0a62c988a50.es/corrupted.info\"},\"locale\":\"es\",\"availableLanguages\":{\"*\":\"es\"},\"_languagePackId\":\"eaa2fea9596bb553b799b0a62c988a50.es\",\"_languagePackSupport\":true,\"_translationsConfigFile\":\"/home/exodus/.config/Code/clp/eaa2fea9596bb553b799b0a62c988a50.es/tcf.json\",\"_cacheRoot\":\"/home/exodus/.config/Code/clp/eaa2fea9596bb553b799b0a62c988a50.es\",\"_resolvedLanguagePackCoreLocation\":\"/home/exodus/.config/Code/clp/eaa2fea9596bb553b799b0a62c988a50.es/38c31bc77e0dd6ae88a4e9cc93428cc27a56ba40\",\"_corruptedFile\":\"/home/exodus/.config/Code/clp/eaa2fea9596bb553b799b0a62c988a50.es/corrupted.info\"}",
        "VSCODE_PID": "54595",
        "WAYLAND_DISPLAY": "wayland-1",
        "XCURSOR_SIZE": "10",
        "XDG_BACKEND": "wayland",
        "XDG_RUNTIME_DIR": "/run/user/1000",
        "XDG_SEAT": "seat0",
        "XDG_SESSION_CLASS": "user",
        "XDG_SESSION_DESKTOP": "hyprland",
        "XDG_SESSION_ID": "1",
        "XDG_SESSION_TYPE": "wayland",
        "XDG_VTNR": "2",
        "_": "/opt/visual-studio-code/bin/../code",
        "_JAVA_AWT_WM_NONREPARENTING": "1",
        "_OLD_VIRTUAL_PATH": "/home/exodus/.bin:/home/exodus/.local/bin:/home/exodus/Applications:/sbin:/bin:/usr/local/sbin:/usr/local/bin:/usr/sbin:/usr/bin:/home/exodus/.local/bin:/usr/bin/site_perl:/usr/bin/vendor_perl:/usr/bin/core_perl:/home/exodus/.local/bin:/home/exodus/.local/bin:/home/exodus/.local/bin",
        "tmux_version": "3.4",
        "ELECTRON_RUN_AS_NODE": "1",
        "APPLICATION_INSIGHTS_NO_DIAGNOSTIC_CHANNEL": "1",
        "VSCODE_L10N_BUNDLE_LOCATION": "file:///home/exodus/.vscode/extensions/ms-ceintl.vscode-language-pack-es-1.93.2024091109/translations/extensions/vscode.json-language-features.i18n.json",
        "PATH": "/home/exodus/Documents/PPI/ppi_dai_PEMBERTHYjer/venv/bin:/home/exodus/.bin:/home/exodus/.local/bin:/home/exodus/Applications:/sbin:/bin:/usr/local/sbin:/usr/local/bin:/usr/sbin:/usr/bin:/home/exodus/.local/bin:/usr/bin/site_perl:/usr/bin/vendor_perl:/usr/bin/core_perl:/home/exodus/.local/bin:/home/exodus/.local/bin:/home/exodus/.local/bin",
        "PYTHONUNBUFFERED": "1",
        "PYTHONIOENCODING": "utf-8"
    }
}
Debug: Dump environment variables {
    "CHROME_DESKTOP": "code-url-handler.desktop",
    "COLORTERM": "truecolor",
    "DBUS_SESSION_BUS_ADDRESS": "unix:path=/run/user/1000/bus",
    "DEBUGINFOD_URLS": "https://debuginfod.archlinux.org ",
    "DISPLAY": ":0",
    "ELECTRON_NO_ATTACH_CONSOLE": "1",
    "GDK_BACKEND": "x11",
    "HL_INITIAL_WORKSPACE_TOKEN": "960bc11b-6076-47c5-a1dc-1dd8709f4608",
    "HOME": "/home/exodus",
    "HYPRCURSOR_SIZE": "10",
    "HYPRLAND_CMD": "Hyprland",
    "HYPRLAND_INSTANCE_SIGNATURE": "0f594732b063a90d44df8c5d402d658f27471dfe_1727014965_933783625",
    "INVOCATION_ID": "2117700939ce43b2846ed490bffa0178",
    "KITTY_INSTALLATION_DIR": "/usr/lib/kitty",
    "KITTY_PID": "1475",
    "KITTY_PUBLIC_KEY": "1:V}h*z`bOoePU-DQDuT@{fM6Uy>omSyJ0E%Dk&b&{",
    "KITTY_WINDOW_ID": "1",
    "LANG": "C.UTF-8",
    "LOGNAME": "exodus",
    "MAIL": "/var/spool/mail/exodus",
    "MEMORY_PRESSURE_WATCH": "/sys/fs/cgroup/system.slice/ly.service/memory.pressure",
    "MEMORY_PRESSURE_WRITE": "c29tZSAyMDAwMDAgMjAwMDAwMAA=",
    "MOTD_SHOWN": "pam",
    "MOZ_ENABLE_WAYLAND": "1",
    "NO_AT_BRIDGE": "1",
    "PWD": "/home/exodus/Documents/PPI/ppi_dai_PEMBERTHYjer",
    "RSPOTIFY_CLIENT_ID": "b3b32d8696ba48ec8abb887d7a2b0a24",
    "RSPOTIFY_CLIENT_SECRET": "c664d7c0afc047dca18f086de3db625c",
    "SHELL": "/bin/fish",
    "SHLVL": "4",
    "STARSHIP_SESSION_KEY": "3273910981255262",
    "STARSHIP_SHELL": "fish",
    "SYSTEMD_EXEC_PID": "547",
    "TERM": "tmux-256color",
    "TERMINFO": "/usr/lib/kitty/terminfo",
    "TERM_PROGRAM": "tmux",
    "TERM_PROGRAM_VERSION": "3.4",
    "TMUX": "/tmp/tmux-1000/default,8305,0",
    "TMUX_PANE": "%1",
    "TMUX_PLUGIN_MANAGER_PATH": "/home/exodus/.config/tmux/plugins/",
    "USER": "exodus",
    "VIRTUAL_ENV": "/home/exodus/Documents/PPI/ppi_dai_PEMBERTHYjer/venv",
    "VSCODE_AMD_ENTRYPOINT": "vs/workbench/api/node/extensionHostProcess",
    "VSCODE_CLI": "1",
    "VSCODE_CODE_CACHE_PATH": "/home/exodus/.config/Code/CachedData/38c31bc77e0dd6ae88a4e9cc93428cc27a56ba40",
    "VSCODE_CRASH_REPORTER_PROCESS_TYPE": "extensionHost",
    "VSCODE_CWD": "/home/exodus/Documents/PPI/ppi_dai_PEMBERTHYjer",
    "VSCODE_HANDLES_UNCAUGHT_ERRORS": "true",
    "VSCODE_IPC_HOOK": "/run/user/1000/vscode-7003d267-1.93-main.sock",
    "VSCODE_NLS_CONFIG": "{\"userLocale\":\"es\",\"osLocale\":\"c\",\"resolvedLanguage\":\"es\",\"defaultMessagesFile\":\"/opt/visual-studio-code/resources/app/out/nls.messages.json\",\"languagePack\":{\"translationsConfigFile\":\"/home/exodus/.config/Code/clp/eaa2fea9596bb553b799b0a62c988a50.es/tcf.json\",\"messagesFile\":\"/home/exodus/.config/Code/clp/eaa2fea9596bb553b799b0a62c988a50.es/38c31bc77e0dd6ae88a4e9cc93428cc27a56ba40/nls.messages.json\",\"corruptMarkerFile\":\"/home/exodus/.config/Code/clp/eaa2fea9596bb553b799b0a62c988a50.es/corrupted.info\"},\"locale\":\"es\",\"availableLanguages\":{\"*\":\"es\"},\"_languagePackId\":\"eaa2fea9596bb553b799b0a62c988a50.es\",\"_languagePackSupport\":true,\"_translationsConfigFile\":\"/home/exodus/.config/Code/clp/eaa2fea9596bb553b799b0a62c988a50.es/tcf.json\",\"_cacheRoot\":\"/home/exodus/.config/Code/clp/eaa2fea9596bb553b799b0a62c988a50.es\",\"_resolvedLanguagePackCoreLocation\":\"/home/exodus/.config/Code/clp/eaa2fea9596bb553b799b0a62c988a50.es/38c31bc77e0dd6ae88a4e9cc93428cc27a56ba40\",\"_corruptedFile\":\"/home/exodus/.config/Code/clp/eaa2fea9596bb553b799b0a62c988a50.es/corrupted.info\"}",
    "VSCODE_PID": "54595",
    "WAYLAND_DISPLAY": "wayland-1",
    "XCURSOR_SIZE": "10",
    "XDG_BACKEND": "wayland",
    "XDG_RUNTIME_DIR": "/run/user/1000",
    "XDG_SEAT": "seat0",
    "XDG_SESSION_CLASS": "user",
    "XDG_SESSION_DESKTOP": "hyprland",
    "XDG_SESSION_ID": "1",
    "XDG_SESSION_TYPE": "wayland",
    "XDG_VTNR": "2",
    "_": "/opt/visual-studio-code/bin/../code",
    "_JAVA_AWT_WM_NONREPARENTING": "1",
    "_OLD_VIRTUAL_PATH": "/home/exodus/.bin:/home/exodus/.local/bin:/home/exodus/Applications:/sbin:/bin:/usr/local/sbin:/usr/local/bin:/usr/sbin:/usr/bin:/home/exodus/.local/bin:/usr/bin/site_perl:/usr/bin/vendor_perl:/usr/bin/core_perl:/home/exodus/.local/bin:/home/exodus/.local/bin:/home/exodus/.local/bin",
    "tmux_version": "3.4",
    "ELECTRON_RUN_AS_NODE": "1",
    "APPLICATION_INSIGHTS_NO_DIAGNOSTIC_CHANNEL": "1",
    "VSCODE_L10N_BUNDLE_LOCATION": "file:///home/exodus/.vscode/extensions/ms-ceintl.vscode-language-pack-es-1.93.2024091109/translations/extensions/vscode.json-language-features.i18n.json",
    "PATH": "/home/exodus/Documents/PPI/ppi_dai_PEMBERTHYjer/venv/bin:/home/exodus/.bin:/home/exodus/.local/bin:/home/exodus/Applications:/sbin:/bin:/usr/local/sbin:/usr/local/bin:/usr/sbin:/usr/bin:/home/exodus/.local/bin:/usr/bin/site_perl:/usr/bin/vendor_perl:/usr/bin/core_perl:/home/exodus/.local/bin:/home/exodus/.local/bin:/home/exodus/.local/bin"
}
> conda info --json
Debug: Failed to spawn conda binary conda [Error: spawn conda ENOENT
	at ChildProcess._handle.onexit (node:internal/child_process:286:19)
	at onErrorNT (node:internal/child_process:484:16)
	at process.processTicksAndRejections (node:internal/process/task_queues:82:21)] {
  errno: -2,
  code: 'ENOENT',
  syscall: 'spawn conda',
  path: 'conda',
  spawnargs: [ 'info', '--json' ]
}
Error: [Error: Command failed: poetry --version
/bin/sh: line 1: poetry: command not found

	at genericNodeError (node:internal/errors:984:15)
	at wrappedFn (node:internal/errors:538:14)
	at ChildProcess.exithandler (node:child_process:423:12)
	at ChildProcess.emit (node:events:519:28)
	at maybeClose (node:internal/child_process:1105:16)
	at Socket.<anonymous> (node:internal/child_process:457:11)
	at Socket.emit (node:events:519:28)
	at Pipe.<anonymous> (node:net:338:12)] {
  code: 127,
  killed: false,
  signal: null,
  cmd: 'poetry --version'
}
Debug: Time taken to run poetry --version in ms 149
Debug: Failed to find poetry for poetry
Debug: No poetry binary found for /home/exodus/.vscode/extensions/donjayamanne.python-environment-manager-1.2.4/out/client
Debug: Failed to find poetry for poetry
Debug: No poetry binary found for /home/exodus/.vscode/extensions/donjayamanne.python-environment-manager-1.2.4/out/client
Debug: Storage update failed for key PYTHON_GLOBAL_STORAGE_KEYS  retrying by resetting first
Debug: Storage update failed for key PYTHON_GLOBAL_STORAGE_KEYS  retrying by resetting first
Debug: Storage update failed for key PYTHON_GLOBAL_STORAGE_KEYS  retrying by resetting first
Debug: Couldn't locate the conda binary.
Warn: Retry failed, storage update failed for key PYTHON_GLOBAL_STORAGE_KEYS
Warn: Retry failed, storage update failed for key PYTHON_GLOBAL_STORAGE_KEYS
