2024-09-22 09:49:46.181 [info] Starting Python Locator /home/exodus/.vscode/extensions/ms-python.python-2024.14.1-linux-x64/python-env-tools/bin/pet server
2024-09-22 09:49:46.669 [info] Discovered env: /usr/bin/python
2024-09-22 09:49:46.675 [info] Discovered env: /usr/bin/python3
2024-09-22 09:49:46.675 [info] Discovered env: /bin/python
2024-09-22 09:49:46.685 [info] Discovered env: /bin/python3
2024-09-22 09:49:46.693 [info] Discovered env: /bin/python3.12
2024-09-22 09:49:46.694 [info] Discovered env: /usr/bin/python3.12
2024-09-22 09:49:46.731 [info] Resolved /usr/bin/python
2024-09-22 09:49:46.742 [info] Resolved /bin/python
2024-09-22 09:49:46.782 [info] Resolved /bin/python3.12
2024-09-22 09:49:46.788 [info] Resolved /bin/python3
2024-09-22 09:49:46.805 [info] Env ("/sbin/python") in Path resolved as ResolvedPythonEnv { executable: "/sbin/python", prefix: "/usr", version: "3.12.6.final.0", is64_bit: true, symlinks: Some(["/sbin/python"]) } and reported as Some(GlobalPaths)
2024-09-22 09:49:46.805 [info] Discovered env: /sbin/python
2024-09-22 09:49:46.818 [info] Resolved /usr/bin/python3.12
2024-09-22 09:49:46.822 [info] Env ("/usr/sbin/python") in Path resolved as ResolvedPythonEnv { executable: "/usr/sbin/python", prefix: "/usr", version: "3.12.6.final.0", is64_bit: true, symlinks: Some(["/usr/sbin/python"]) } and reported as Some(GlobalPaths)
2024-09-22 09:49:46.822 [info] Discovered env: /usr/sbin/python
2024-09-22 09:49:46.830 [info] Resolved /usr/bin/python3
2024-09-22 09:49:46.857 [info] Env ("/sbin/python3") in Path resolved as ResolvedPythonEnv { executable: "/sbin/python3", prefix: "/usr", version: "3.12.6.final.0", is64_bit: true, symlinks: Some(["/sbin/python3"]) } and reported as Some(GlobalPaths)
2024-09-22 09:49:46.881 [info] Discovered env: /sbin/python3
2024-09-22 09:49:46.881 [info] Env ("/usr/sbin/python3") in Path resolved as ResolvedPythonEnv { executable: "/usr/sbin/python3", prefix: "/usr", version: "3.12.6.final.0", is64_bit: true, symlinks: Some(["/usr/sbin/python3"]) } and reported as Some(GlobalPaths)
2024-09-22 09:49:46.881 [info] Discovered env: /usr/sbin/python3
2024-09-22 09:49:46.908 [info] Env ("/sbin/python3.12") in Path resolved as ResolvedPythonEnv { executable: "/sbin/python3.12", prefix: "/usr", version: "3.12.6.final.0", is64_bit: true, symlinks: Some(["/sbin/python3.12"]) } and reported as Some(GlobalPaths)
2024-09-22 09:49:46.909 [info] Discovered env: /sbin/python3.12
2024-09-22 09:49:46.916 [info] Env ("/usr/sbin/python3.12") in Path resolved as ResolvedPythonEnv { executable: "/usr/sbin/python3.12", prefix: "/usr", version: "3.12.6.final.0", is64_bit: true, symlinks: Some(["/usr/sbin/python3.12"]) } and reported as Some(GlobalPaths)
2024-09-22 09:49:46.916 [info] Discovered env: /usr/sbin/python3.12
2024-09-22 09:49:50.775 [info] Discovered env: /home/exodus/Documents/PPI/ppi_dai_PEMBERTHYjer/venv/bin/python
2024-09-22 09:49:56.453 [info] Locator Conda took 9.931424345s
2024-09-22 09:49:56.453 [info] Locator Homebrew took 11.554799ms
2024-09-22 09:49:56.453 [info] Locator LinuxGlobal took 272.81464ms
2024-09-22 09:49:56.453 [info] Locator PipEnv took 34.308µs
2024-09-22 09:49:56.453 [info] Locator Poetry took 15.656345ms
2024-09-22 09:49:56.453 [info] Locator PyEnv took 78.657138ms
2024-09-22 09:49:56.453 [info] Locator Venv took 39.93µs
2024-09-22 09:49:56.454 [info] Locator VirtualEnv took 36.375µs
2024-09-22 09:49:56.454 [info] Locator VirtualEnvWrapper took 37.967µs
2024-09-22 09:49:56.454 [info] Locator GlobalVirtualEnvs took 464.325µs
2024-09-22 09:49:56.454 [info] Locator Locators took 9.9326783s
2024-09-22 09:49:56.454 [info] Locator Path took 396.721747ms
2024-09-22 09:49:56.454 [info] Locator Workspaces took 3.225463407s
2024-09-22 09:49:56.454 [info] Refresh completed in 9932ms
