2024-09-22 10:57:27.412 [info] Added views:workbench.panel.markers.view in workbench.panel.markers
2024-09-22 10:57:27.412 [info] Added views:workbench.panel.output in workbench.panel.output
2024-09-22 10:57:27.412 [info] Added views:terminal in terminal
2024-09-22 10:57:27.412 [info] Added views:outline in workbench.view.explorer
2024-09-22 10:57:27.412 [info] Added views:workbench.scm in workbench.view.scm
2024-09-22 10:57:27.412 [info] Added views:workbench.view.search in workbench.view.search
2024-09-22 10:57:27.412 [info] Added views:timeline in workbench.view.explorer
2024-09-22 10:57:27.412 [info] Added views:workbench.explorer.fileView in workbench.view.explorer
2024-09-22 10:57:27.989 [info] Added views:workbench.debug.welcome in workbench.view.debug
2024-09-22 10:57:29.813 [info] Added view jsDebugNetworkTree in the container workbench.view.debug and showing it. undefined false undefined
2024-09-22 10:57:29.837 [info] Added views:workspaceEnvironments,pythonEnvironments in workbench.view.extension.package-explorer
2024-09-22 10:57:30.247 [info] Added views:workbench.panel.repl.view in workbench.panel.repl
2024-09-22 10:57:33.665 [info] Added views:workbench.view.testing in workbench.view.extension.test
2024-09-22 10:57:36.239 [info] Added views:workbench.scm.history in workbench.view.scm
2024-09-22 10:57:37.522 [info] Added views:~remote.forwardedPorts in ~remote.forwardedPortsContainer
2024-09-22 11:11:52.696 [info] Added views:workbench.views.extensions.installed,workbench.views.extensions.popular,extensions.recommendedList in workbench.view.extensions
2024-09-22 11:11:52.701 [info] Removed views:workbench.views.extensions.popular from workbench.view.extensions
2024-09-22 11:12:29.377 [info] Removed views:workbench.scm.history from workbench.view.scm
2024-09-22 11:12:29.381 [info] Removed views:workbench.view.testing from workbench.view.extension.test
2024-09-22 11:12:30.537 [info] Removed views:workbench.panel.repl.view from workbench.panel.repl
2024-09-22 11:12:30.699 [info] Added views:workbench.panel.repl.view in workbench.panel.repl
2024-09-22 11:12:32.654 [info] Added views:workbench.view.testing in workbench.view.extension.test
2024-09-22 11:12:34.948 [info] Added views:workbench.scm.history in workbench.view.scm
2024-09-22 11:13:00.900 [info] Removed views:workbench.scm.history from workbench.view.scm
2024-09-22 11:13:00.905 [info] Removed views:workbench.view.testing from workbench.view.extension.test
