2024-09-22 09:49:17.600 [info] Added views:workbench.panel.markers.view in workbench.panel.markers
2024-09-22 09:49:17.600 [info] Added views:workbench.panel.output in workbench.panel.output
2024-09-22 09:49:17.600 [info] Added views:terminal in terminal
2024-09-22 09:49:17.600 [info] Added views:outline in workbench.view.explorer
2024-09-22 09:49:17.600 [info] Added views:workbench.scm in workbench.view.scm
2024-09-22 09:49:17.600 [info] Added views:workbench.view.search in workbench.view.search
2024-09-22 09:49:17.600 [info] Added views:timeline in workbench.view.explorer
2024-09-22 09:49:17.600 [info] Added views:workbench.explorer.emptyView in workbench.view.explorer
2024-09-22 09:49:18.055 [info] Added views:workbench.debug.welcome in workbench.view.debug
2024-09-22 09:49:23.186 [info] Added views:pythonEnvironments in workbench.view.extension.package-explorer
2024-09-22 09:49:23.231 [info] Added views:~remote.forwardedPorts in ~remote.forwardedPortsContainer
2024-09-22 09:49:23.901 [info] Added views:workbench.panel.repl.view in workbench.panel.repl
2024-09-22 09:49:42.143 [info] Added views:workbench.panel.markers.view in workbench.panel.markers
2024-09-22 09:49:42.143 [info] Added views:workbench.panel.output in workbench.panel.output
2024-09-22 09:49:42.143 [info] Added views:terminal in terminal
2024-09-22 09:49:42.143 [info] Added views:outline in workbench.view.explorer
2024-09-22 09:49:42.143 [info] Added views:workbench.scm in workbench.view.scm
2024-09-22 09:49:42.143 [info] Added views:workbench.view.search in workbench.view.search
2024-09-22 09:49:42.143 [info] Added views:timeline in workbench.view.explorer
2024-09-22 09:49:42.143 [info] Added views:workbench.explorer.fileView in workbench.view.explorer
2024-09-22 09:49:43.074 [info] Added views:workbench.debug.variablesView,workbench.debug.watchExpressionsView,workbench.debug.callStackView,workbench.debug.breakPointsView in workbench.view.debug
2024-09-22 09:49:43.561 [info] Added views:workbench.panel.repl.view in workbench.panel.repl
2024-09-22 09:49:43.562 [info] Removed views:workbench.debug.breakPointsView,workbench.debug.callStackView,workbench.debug.watchExpressionsView,workbench.debug.variablesView from workbench.view.debug
2024-09-22 09:49:43.563 [info] Added views:workbench.debug.welcome in workbench.view.debug
2024-09-22 09:49:43.671 [info] Added views:~remote.forwardedPorts in ~remote.forwardedPortsContainer
2024-09-22 09:49:46.223 [info] Added views:workbench.view.testing in workbench.view.extension.test
2024-09-22 09:49:51.901 [info] Added views:workspaceEnvironments,pythonEnvironments in workbench.view.extension.package-explorer
2024-09-22 09:49:51.944 [info] Removed views:workbench.view.testing from workbench.view.extension.test
2024-09-22 09:49:52.393 [info] Added views:workbench.scm.history in workbench.view.scm
2024-09-22 09:51:35.734 [info] Added views:workbench.views.extensions.installed,workbench.views.extensions.popular,extensions.recommendedList in workbench.view.extensions
2024-09-22 09:51:35.750 [info] Removed views:workbench.views.extensions.popular from workbench.view.extensions
2024-09-22 09:51:37.457 [info] Removed views:extensions.recommendedList,workbench.views.extensions.installed from workbench.view.extensions
2024-09-22 09:51:37.468 [info] Added views:workbench.views.extensions.marketplace in workbench.view.extensions
2024-09-22 09:59:03.877 [info] Removed views:workbench.scm.history from workbench.view.scm
