2024-09-22 09:59:38.490 [info] [main] Nivel de registro: Info
2024-09-22 09:59:38.490 [info] [main] Validando git encontrado en: "git"
2024-09-22 09:59:38.490 [info] [main] Usando git "2.46.1" de "git"
2024-09-22 09:59:38.490 [info] [Model][doInitialScan] Initial repository scan started
2024-09-22 09:59:38.490 [info] > git rev-parse --show-toplevel [212ms]
2024-09-22 09:59:38.490 [info] > git rev-parse --git-dir --git-common-dir [122ms]
2024-09-22 09:59:38.490 [info] [Model][openRepository] Opened repository: /home/exodus/Documents/PPI/ppi_dai_PEMBERTHYjer
2024-09-22 09:59:38.603 [info] > git rev-parse --show-toplevel [52ms]
2024-09-22 09:59:38.607 [info] > git config --get commit.template [82ms]
2024-09-22 09:59:38.662 [info] > git rev-parse --show-toplevel [37ms]
2024-09-22 09:59:38.687 [info] > git for-each-ref --format=%(refname)%00%(upstream:short)%00%(objectname)%00%(upstream:track)%00%(upstream:remotename)%00%(upstream:remoteref) refs/heads/main refs/remotes/main [34ms]
2024-09-22 09:59:38.697 [info] > git rev-parse --show-toplevel [10ms]
2024-09-22 09:59:38.777 [info] > git rev-parse --show-toplevel [7ms]
2024-09-22 09:59:38.880 [info] > git status -z -uall [16ms]
2024-09-22 09:59:38.937 [info] > git rev-parse --show-toplevel [119ms]
2024-09-22 09:59:38.945 [info] [Model][doInitialScan] Initial repository scan completed - repositories (1), closed repositories (0), parent repositories (0), unsafe repositories (0)
2024-09-22 09:59:38.948 [info] > git fetch [547ms]
2024-09-22 09:59:39.021 [info] > git for-each-ref --format=%(refname)%00%(upstream:short)%00%(objectname)%00%(upstream:track)%00%(upstream:remotename)%00%(upstream:remoteref) refs/heads/main refs/remotes/main [111ms]
2024-09-22 09:59:39.118 [info] > git show --textconv :src/main.py [32ms]
2024-09-22 09:59:39.119 [info] > git ls-files --stage -- /home/exodus/Documents/PPI/ppi_dai_PEMBERTHYjer/src/main.py [4ms]
2024-09-22 09:59:39.135 [info] > git config --local branch.main.vscode-merge-base [97ms]
2024-09-22 09:59:39.149 [info] > git config --get commit.template [130ms]
2024-09-22 09:59:39.149 [info] > git config --get commit.template [155ms]
2024-09-22 09:59:39.176 [info] > git check-ignore -v -z --stdin [8ms]
2024-09-22 09:59:39.178 [info] > git for-each-ref --format=%(refname)%00%(upstream:short)%00%(objectname)%00%(upstream:track)%00%(upstream:remotename)%00%(upstream:remoteref) refs/heads/origin/main refs/remotes/origin/main [30ms]
2024-09-22 09:59:39.198 [info] > git cat-file -s bfefd8025004e2e079ccf4d0885812f6673c3786 [65ms]
2024-09-22 09:59:39.376 [info] > git for-each-ref --format=%(refname)%00%(upstream:short)%00%(objectname)%00%(upstream:track)%00%(upstream:remotename)%00%(upstream:remoteref) refs/heads/main refs/remotes/main [111ms]
2024-09-22 09:59:39.376 [info] > git for-each-ref --format=%(refname)%00%(upstream:short)%00%(objectname)%00%(upstream:track)%00%(upstream:remotename)%00%(upstream:remoteref) refs/heads/main refs/remotes/main [146ms]
2024-09-22 09:59:39.377 [info] > git merge-base refs/heads/main refs/remotes/origin/main [179ms]
2024-09-22 09:59:39.455 [info] > git rev-list --count --left-right refs/heads/main...refs/remotes/origin/main [35ms]
2024-09-22 09:59:39.523 [info] > git diff --name-status -z --diff-filter=ADMR abda2aa5225bd09c1325db7fafd3806cb9ec68ab...refs/remotes/origin/main [30ms]
2024-09-22 09:59:39.566 [info] > git status -z -uall [15ms]
2024-09-22 09:59:39.615 [info] > git for-each-ref --format=%(refname)%00%(upstream:short)%00%(objectname)%00%(upstream:track)%00%(upstream:remotename)%00%(upstream:remoteref) refs/heads/main refs/remotes/main [20ms]
2024-09-22 09:59:39.639 [info] > git config --local branch.main.vscode-merge-base [8ms]
2024-09-22 09:59:39.668 [info] > git for-each-ref --format=%(refname)%00%(upstream:short)%00%(objectname)%00%(upstream:track)%00%(upstream:remotename)%00%(upstream:remoteref) refs/heads/origin/main refs/remotes/origin/main [5ms]
2024-09-22 10:01:41.996 [info] > git show --textconv :src/main.py [20ms]
2024-09-22 10:01:41.997 [info] > git ls-files --stage -- /home/exodus/Documents/PPI/ppi_dai_PEMBERTHYjer/src/main.py [3ms]
2024-09-22 10:01:42.021 [info] > git cat-file -s bfefd8025004e2e079ccf4d0885812f6673c3786 [10ms]
2024-09-22 10:03:46.754 [info] > git fetch [440ms]
2024-09-22 10:03:46.766 [info] > git config --get commit.template [6ms]
2024-09-22 10:03:46.767 [info] > git for-each-ref --format=%(refname)%00%(upstream:short)%00%(objectname)%00%(upstream:track)%00%(upstream:remotename)%00%(upstream:remoteref) refs/heads/main refs/remotes/main [2ms]
2024-09-22 10:03:46.776 [info] > git status -z -uall [1ms]
2024-09-22 10:03:46.788 [info] > git for-each-ref --format=%(refname)%00%(upstream:short)%00%(objectname)%00%(upstream:track)%00%(upstream:remotename)%00%(upstream:remoteref) refs/heads/main refs/remotes/main [5ms]
2024-09-22 10:03:46.801 [info] > git config --local branch.main.vscode-merge-base [2ms]
2024-09-22 10:03:46.810 [info] > git for-each-ref --format=%(refname)%00%(upstream:short)%00%(objectname)%00%(upstream:track)%00%(upstream:remotename)%00%(upstream:remoteref) refs/heads/origin/main refs/remotes/origin/main [1ms]
2024-09-22 10:03:47.900 [info] > git config --get commit.template [7ms]
2024-09-22 10:03:47.900 [info] > git for-each-ref --format=%(refname)%00%(upstream:short)%00%(objectname)%00%(upstream:track)%00%(upstream:remotename)%00%(upstream:remoteref) refs/heads/main refs/remotes/main [1ms]
2024-09-22 10:03:47.908 [info] > git status -z -uall [2ms]
2024-09-22 10:03:47.918 [info] > git for-each-ref --format=%(refname)%00%(upstream:short)%00%(objectname)%00%(upstream:track)%00%(upstream:remotename)%00%(upstream:remoteref) refs/heads/main refs/remotes/main [2ms]
2024-09-22 10:03:47.949 [info] > git config --local branch.main.vscode-merge-base [24ms]
2024-09-22 10:03:47.958 [info] > git for-each-ref --format=%(refname)%00%(upstream:short)%00%(objectname)%00%(upstream:track)%00%(upstream:remotename)%00%(upstream:remoteref) refs/heads/origin/main refs/remotes/origin/main [2ms]
2024-09-22 10:03:47.986 [info] > git ls-files --stage -- /home/exodus/Documents/PPI/ppi_dai_PEMBERTHYjer/src/main.py [1ms]
2024-09-22 10:03:47.993 [info] > git cat-file -s bfefd8025004e2e079ccf4d0885812f6673c3786 [2ms]
2024-09-22 10:03:48.001 [info] > git show --textconv :src/main.py [1ms]
2024-09-22 10:03:56.388 [info] > git config --get commit.template [9ms]
2024-09-22 10:03:56.390 [info] > git for-each-ref --format=%(refname)%00%(upstream:short)%00%(objectname)%00%(upstream:track)%00%(upstream:remotename)%00%(upstream:remoteref) refs/heads/main refs/remotes/main [3ms]
2024-09-22 10:03:56.403 [info] > git status -z -uall [2ms]
2024-09-22 10:03:56.424 [info] > git for-each-ref --format=%(refname)%00%(upstream:short)%00%(objectname)%00%(upstream:track)%00%(upstream:remotename)%00%(upstream:remoteref) refs/heads/main refs/remotes/main [7ms]
2024-09-22 10:03:56.435 [info] > git config --local branch.main.vscode-merge-base [4ms]
2024-09-22 10:03:56.456 [info] > git for-each-ref --format=%(refname)%00%(upstream:short)%00%(objectname)%00%(upstream:track)%00%(upstream:remotename)%00%(upstream:remoteref) refs/heads/origin/main refs/remotes/origin/main [3ms]
2024-09-22 10:06:47.272 [info] > git fetch [450ms]
2024-09-22 10:06:47.285 [info] > git config --get commit.template [7ms]
2024-09-22 10:06:47.286 [info] > git for-each-ref --format=%(refname)%00%(upstream:short)%00%(objectname)%00%(upstream:track)%00%(upstream:remotename)%00%(upstream:remoteref) refs/heads/main refs/remotes/main [2ms]
2024-09-22 10:06:47.293 [info] > git status -z -uall [2ms]
2024-09-22 10:06:47.304 [info] > git for-each-ref --format=%(refname)%00%(upstream:short)%00%(objectname)%00%(upstream:track)%00%(upstream:remotename)%00%(upstream:remoteref) refs/heads/main refs/remotes/main [3ms]
2024-09-22 10:06:47.312 [info] > git config --local branch.main.vscode-merge-base [2ms]
2024-09-22 10:06:47.319 [info] > git for-each-ref --format=%(refname)%00%(upstream:short)%00%(objectname)%00%(upstream:track)%00%(upstream:remotename)%00%(upstream:remoteref) refs/heads/origin/main refs/remotes/origin/main [1ms]
2024-09-22 10:06:48.520 [info] > git ls-files --stage -- /home/exodus/Documents/PPI/ppi_dai_PEMBERTHYjer/src/main.py [6ms]
2024-09-22 10:06:48.536 [info] > git cat-file -s bfefd8025004e2e079ccf4d0885812f6673c3786 [3ms]
2024-09-22 10:06:48.550 [info] > git show --textconv :src/main.py [3ms]
2024-09-22 10:06:48.974 [info] > git config --get commit.template [21ms]
2024-09-22 10:06:49.035 [info] > git for-each-ref --format=%(refname)%00%(upstream:short)%00%(objectname)%00%(upstream:track)%00%(upstream:remotename)%00%(upstream:remoteref) refs/heads/main refs/remotes/main [7ms]
2024-09-22 10:06:49.068 [info] > git status -z -uall [5ms]
2024-09-22 10:06:49.090 [info] > git for-each-ref --format=%(refname)%00%(upstream:short)%00%(objectname)%00%(upstream:track)%00%(upstream:remotename)%00%(upstream:remoteref) refs/heads/main refs/remotes/main [5ms]
2024-09-22 10:06:49.107 [info] > git config --local branch.main.vscode-merge-base [1ms]
2024-09-22 10:06:49.122 [info] > git for-each-ref --format=%(refname)%00%(upstream:short)%00%(objectname)%00%(upstream:track)%00%(upstream:remotename)%00%(upstream:remoteref) refs/heads/origin/main refs/remotes/origin/main [2ms]
2024-09-22 10:07:44.882 [info] > git config --get commit.template [3ms]
2024-09-22 10:07:44.903 [info] > git for-each-ref --format=%(refname)%00%(upstream:short)%00%(objectname)%00%(upstream:track)%00%(upstream:remotename)%00%(upstream:remoteref) refs/heads/main refs/remotes/main [5ms]
2024-09-22 10:07:44.924 [info] > git status -z -uall [5ms]
2024-09-22 10:07:44.956 [info] > git for-each-ref --format=%(refname)%00%(upstream:short)%00%(objectname)%00%(upstream:track)%00%(upstream:remotename)%00%(upstream:remoteref) refs/heads/main refs/remotes/main [6ms]
2024-09-22 10:07:44.981 [info] > git config --local branch.main.vscode-merge-base [10ms]
2024-09-22 10:07:44.999 [info] > git for-each-ref --format=%(refname)%00%(upstream:short)%00%(objectname)%00%(upstream:track)%00%(upstream:remotename)%00%(upstream:remoteref) refs/heads/origin/main refs/remotes/origin/main [1ms]
2024-09-22 10:09:55.639 [info] > git fetch [487ms]
2024-09-22 10:09:55.652 [info] > git config --get commit.template [8ms]
2024-09-22 10:09:55.653 [info] > git for-each-ref --format=%(refname)%00%(upstream:short)%00%(objectname)%00%(upstream:track)%00%(upstream:remotename)%00%(upstream:remoteref) refs/heads/main refs/remotes/main [2ms]
2024-09-22 10:09:55.660 [info] > git status -z -uall [1ms]
2024-09-22 10:09:55.673 [info] > git for-each-ref --format=%(refname)%00%(upstream:short)%00%(objectname)%00%(upstream:track)%00%(upstream:remotename)%00%(upstream:remoteref) refs/heads/main refs/remotes/main [3ms]
2024-09-22 10:09:55.683 [info] > git config --local branch.main.vscode-merge-base [3ms]
2024-09-22 10:09:55.691 [info] > git for-each-ref --format=%(refname)%00%(upstream:short)%00%(objectname)%00%(upstream:track)%00%(upstream:remotename)%00%(upstream:remoteref) refs/heads/origin/main refs/remotes/origin/main [1ms]
2024-09-22 10:09:56.770 [info] > git config --get commit.template [2ms]
2024-09-22 10:09:56.776 [info] > git for-each-ref --format=%(refname)%00%(upstream:short)%00%(objectname)%00%(upstream:track)%00%(upstream:remotename)%00%(upstream:remoteref) refs/heads/main refs/remotes/main [1ms]
2024-09-22 10:09:56.788 [info] > git status -z -uall [3ms]
2024-09-22 10:09:56.803 [info] > git for-each-ref --format=%(refname)%00%(upstream:short)%00%(objectname)%00%(upstream:track)%00%(upstream:remotename)%00%(upstream:remoteref) refs/heads/main refs/remotes/main [4ms]
2024-09-22 10:09:56.818 [info] > git config --local branch.main.vscode-merge-base [6ms]
2024-09-22 10:09:56.834 [info] > git for-each-ref --format=%(refname)%00%(upstream:short)%00%(objectname)%00%(upstream:track)%00%(upstream:remotename)%00%(upstream:remoteref) refs/heads/origin/main refs/remotes/origin/main [1ms]
2024-09-22 10:09:56.871 [info] > git ls-files --stage -- /home/exodus/Documents/PPI/ppi_dai_PEMBERTHYjer/src/main.py [2ms]
2024-09-22 10:09:56.877 [info] > git cat-file -s bfefd8025004e2e079ccf4d0885812f6673c3786 [1ms]
2024-09-22 10:09:56.886 [info] > git show --textconv :src/main.py [2ms]
2024-09-22 10:10:01.836 [info] > git config --get commit.template [18ms]
2024-09-22 10:10:01.838 [info] > git for-each-ref --format=%(refname)%00%(upstream:short)%00%(objectname)%00%(upstream:track)%00%(upstream:remotename)%00%(upstream:remoteref) refs/heads/main refs/remotes/main [5ms]
2024-09-22 10:10:01.869 [info] > git status -z -uall [7ms]
2024-09-22 10:10:01.894 [info] > git for-each-ref --format=%(refname)%00%(upstream:short)%00%(objectname)%00%(upstream:track)%00%(upstream:remotename)%00%(upstream:remoteref) refs/heads/main refs/remotes/main [3ms]
2024-09-22 10:10:01.908 [info] > git config --local branch.main.vscode-merge-base [1ms]
2024-09-22 10:10:01.923 [info] > git for-each-ref --format=%(refname)%00%(upstream:short)%00%(objectname)%00%(upstream:track)%00%(upstream:remotename)%00%(upstream:remoteref) refs/heads/origin/main refs/remotes/origin/main [2ms]
2024-09-22 10:11:29.753 [info] > git for-each-ref --format=%(refname)%00%(upstream:short)%00%(objectname)%00%(upstream:track)%00%(upstream:remotename)%00%(upstream:remoteref) refs/heads/main refs/remotes/main [5ms]
2024-09-22 10:11:29.753 [info] > git config --get commit.template [81ms]
2024-09-22 10:11:29.770 [info] > git status -z -uall [3ms]
2024-09-22 10:11:29.797 [info] > git for-each-ref --format=%(refname)%00%(upstream:short)%00%(objectname)%00%(upstream:track)%00%(upstream:remotename)%00%(upstream:remoteref) refs/heads/main refs/remotes/main [8ms]
2024-09-22 10:11:29.818 [info] > git config --local branch.main.vscode-merge-base [3ms]
2024-09-22 10:11:29.837 [info] > git for-each-ref --format=%(refname)%00%(upstream:short)%00%(objectname)%00%(upstream:track)%00%(upstream:remotename)%00%(upstream:remoteref) refs/heads/origin/main refs/remotes/origin/main [4ms]
2024-09-22 10:12:21.238 [info] > git config --get commit.template [7ms]
2024-09-22 10:12:21.238 [info] > git for-each-ref --format=%(refname)%00%(upstream:short)%00%(objectname)%00%(upstream:track)%00%(upstream:remotename)%00%(upstream:remoteref) refs/heads/main refs/remotes/main [1ms]
2024-09-22 10:12:21.246 [info] > git status -z -uall [2ms]
2024-09-22 10:12:21.257 [info] > git for-each-ref --format=%(refname)%00%(upstream:short)%00%(objectname)%00%(upstream:track)%00%(upstream:remotename)%00%(upstream:remoteref) refs/heads/main refs/remotes/main [3ms]
2024-09-22 10:12:21.265 [info] > git config --local branch.main.vscode-merge-base [2ms]
2024-09-22 10:12:21.273 [info] > git for-each-ref --format=%(refname)%00%(upstream:short)%00%(objectname)%00%(upstream:track)%00%(upstream:remotename)%00%(upstream:remoteref) refs/heads/origin/main refs/remotes/origin/main [2ms]
2024-09-22 10:12:21.324 [info] > git ls-files --stage -- /home/exodus/Documents/PPI/ppi_dai_PEMBERTHYjer/src/main.py [1ms]
2024-09-22 10:12:21.331 [info] > git cat-file -s c4517f37d119f6f7bf37f89a0ff016b0babb87ba [2ms]
2024-09-22 10:12:21.340 [info] > git show --textconv :src/main.py [2ms]
2024-09-22 10:12:56.079 [info] > git fetch [382ms]
2024-09-22 10:12:56.091 [info] > git config --get commit.template [6ms]
2024-09-22 10:12:56.092 [info] > git for-each-ref --format=%(refname)%00%(upstream:short)%00%(objectname)%00%(upstream:track)%00%(upstream:remotename)%00%(upstream:remoteref) refs/heads/main refs/remotes/main [1ms]
2024-09-22 10:12:56.100 [info] > git status -z -uall [2ms]
2024-09-22 10:12:56.110 [info] > git for-each-ref --format=%(refname)%00%(upstream:short)%00%(objectname)%00%(upstream:track)%00%(upstream:remotename)%00%(upstream:remoteref) refs/heads/main refs/remotes/main [3ms]
2024-09-22 10:12:56.118 [info] > git config --local branch.main.vscode-merge-base [1ms]
2024-09-22 10:12:56.126 [info] > git for-each-ref --format=%(refname)%00%(upstream:short)%00%(objectname)%00%(upstream:track)%00%(upstream:remotename)%00%(upstream:remoteref) refs/heads/origin/main refs/remotes/origin/main [2ms]
2024-09-22 10:12:57.220 [info] > git config --get commit.template [10ms]
2024-09-22 10:12:57.221 [info] > git for-each-ref --format=%(refname)%00%(upstream:short)%00%(objectname)%00%(upstream:track)%00%(upstream:remotename)%00%(upstream:remoteref) refs/heads/main refs/remotes/main [2ms]
2024-09-22 10:12:57.228 [info] > git status -z -uall [1ms]
2024-09-22 10:12:57.239 [info] > git for-each-ref --format=%(refname)%00%(upstream:short)%00%(objectname)%00%(upstream:track)%00%(upstream:remotename)%00%(upstream:remoteref) refs/heads/main refs/remotes/main [3ms]
2024-09-22 10:12:57.247 [info] > git config --local branch.main.vscode-merge-base [2ms]
2024-09-22 10:12:57.259 [info] > git for-each-ref --format=%(refname)%00%(upstream:short)%00%(objectname)%00%(upstream:track)%00%(upstream:remotename)%00%(upstream:remoteref) refs/heads/origin/main refs/remotes/origin/main [4ms]
2024-09-22 10:12:57.311 [info] > git ls-files --stage -- /home/exodus/Documents/PPI/ppi_dai_PEMBERTHYjer/src/main.py [1ms]
2024-09-22 10:12:57.318 [info] > git cat-file -s c4517f37d119f6f7bf37f89a0ff016b0babb87ba [2ms]
2024-09-22 10:12:57.326 [info] > git show --textconv :src/main.py [1ms]
2024-09-22 10:13:49.537 [info] > git config --get commit.template [8ms]
2024-09-22 10:13:49.539 [info] > git for-each-ref --format=%(refname)%00%(upstream:short)%00%(objectname)%00%(upstream:track)%00%(upstream:remotename)%00%(upstream:remoteref) refs/heads/main refs/remotes/main [2ms]
2024-09-22 10:13:49.546 [info] > git status -z -uall [2ms]
2024-09-22 10:13:49.558 [info] > git for-each-ref --format=%(refname)%00%(upstream:short)%00%(objectname)%00%(upstream:track)%00%(upstream:remotename)%00%(upstream:remoteref) refs/heads/main refs/remotes/main [4ms]
2024-09-22 10:13:49.568 [info] > git config --local branch.main.vscode-merge-base [2ms]
2024-09-22 10:13:49.578 [info] > git for-each-ref --format=%(refname)%00%(upstream:short)%00%(objectname)%00%(upstream:track)%00%(upstream:remotename)%00%(upstream:remoteref) refs/heads/origin/main refs/remotes/origin/main [1ms]
2024-09-22 10:13:49.589 [info] > git merge-base refs/heads/main refs/remotes/origin/main [2ms]
2024-09-22 10:13:49.599 [info] > git rev-list --count --left-right refs/heads/main...refs/remotes/origin/main [3ms]
2024-09-22 10:13:49.612 [info] > git diff --name-status -z --diff-filter=ADMR abda2aa5225bd09c1325db7fafd3806cb9ec68ab...refs/remotes/origin/main [3ms]
2024-09-22 10:13:49.628 [info] > git ls-files --stage -- /home/exodus/Documents/PPI/ppi_dai_PEMBERTHYjer/src/main.py [1ms]
2024-09-22 10:13:49.636 [info] > git cat-file -s c4517f37d119f6f7bf37f89a0ff016b0babb87ba [2ms]
2024-09-22 10:13:49.644 [info] > git show --textconv :src/main.py [1ms]
2024-09-22 10:13:54.791 [info] > git config --get commit.template [8ms]
2024-09-22 10:13:54.792 [info] > git for-each-ref --format=%(refname)%00%(upstream:short)%00%(objectname)%00%(upstream:track)%00%(upstream:remotename)%00%(upstream:remoteref) refs/heads/main refs/remotes/main [2ms]
2024-09-22 10:13:54.801 [info] > git status -z -uall [2ms]
2024-09-22 10:13:54.813 [info] > git for-each-ref --format=%(refname)%00%(upstream:short)%00%(objectname)%00%(upstream:track)%00%(upstream:remotename)%00%(upstream:remoteref) refs/heads/main refs/remotes/main [4ms]
2024-09-22 10:13:54.826 [info] > git config --local branch.main.vscode-merge-base [1ms]
2024-09-22 10:13:54.842 [info] > git for-each-ref --format=%(refname)%00%(upstream:short)%00%(objectname)%00%(upstream:track)%00%(upstream:remotename)%00%(upstream:remoteref) refs/heads/origin/main refs/remotes/origin/main [2ms]
2024-09-22 10:13:54.856 [info] > git merge-base refs/heads/main refs/remotes/origin/main [2ms]
2024-09-22 10:13:54.878 [info] > git rev-list --count --left-right refs/heads/main...refs/remotes/origin/main [3ms]
2024-09-22 10:13:54.908 [info] > git diff --name-status -z --diff-filter=ADMR bddf5a69e2d16bd8e4a46c0fe0e2ccf95f871077...refs/remotes/origin/main [14ms]
2024-09-22 10:13:54.911 [info] > git ls-files --stage -- /home/exodus/Documents/PPI/ppi_dai_PEMBERTHYjer/src/main.py [4ms]
2024-09-22 10:13:54.932 [info] > git cat-file -s c4517f37d119f6f7bf37f89a0ff016b0babb87ba [3ms]
2024-09-22 10:13:54.941 [info] > git show --textconv :src/main.py [2ms]
2024-09-22 10:17:57.606 [info] > git fetch [448ms]
2024-09-22 10:17:57.613 [info] > git config --get commit.template [1ms]
2024-09-22 10:17:57.622 [info] > git for-each-ref --format=%(refname)%00%(upstream:short)%00%(objectname)%00%(upstream:track)%00%(upstream:remotename)%00%(upstream:remoteref) refs/heads/main refs/remotes/main [2ms]
2024-09-22 10:17:57.630 [info] > git status -z -uall [2ms]
2024-09-22 10:17:57.646 [info] > git for-each-ref --format=%(refname)%00%(upstream:short)%00%(objectname)%00%(upstream:track)%00%(upstream:remotename)%00%(upstream:remoteref) refs/heads/main refs/remotes/main [5ms]
2024-09-22 10:17:57.657 [info] > git config --local branch.main.vscode-merge-base [2ms]
2024-09-22 10:17:57.666 [info] > git for-each-ref --format=%(refname)%00%(upstream:short)%00%(objectname)%00%(upstream:track)%00%(upstream:remotename)%00%(upstream:remoteref) refs/heads/origin/main refs/remotes/origin/main [3ms]
2024-09-22 10:17:58.761 [info] > git for-each-ref --format=%(refname)%00%(upstream:short)%00%(objectname)%00%(upstream:track)%00%(upstream:remotename)%00%(upstream:remoteref) refs/heads/main refs/remotes/main [1ms]
2024-09-22 10:17:58.762 [info] > git config --get commit.template [18ms]
2024-09-22 10:17:58.775 [info] > git status -z -uall [1ms]
2024-09-22 10:17:58.795 [info] > git for-each-ref --format=%(refname)%00%(upstream:short)%00%(objectname)%00%(upstream:track)%00%(upstream:remotename)%00%(upstream:remoteref) refs/heads/main refs/remotes/main [4ms]
2024-09-22 10:17:58.811 [info] > git config --local branch.main.vscode-merge-base [2ms]
2024-09-22 10:17:58.825 [info] > git for-each-ref --format=%(refname)%00%(upstream:short)%00%(objectname)%00%(upstream:track)%00%(upstream:remotename)%00%(upstream:remoteref) refs/heads/origin/main refs/remotes/origin/main [1ms]
2024-09-22 10:17:58.927 [info] > git ls-files --stage -- /home/exodus/Documents/PPI/ppi_dai_PEMBERTHYjer/src/main.py [9ms]
2024-09-22 10:17:58.949 [info] > git cat-file -s c4517f37d119f6f7bf37f89a0ff016b0babb87ba [1ms]
2024-09-22 10:17:59.024 [info] > git show --textconv :src/main.py [8ms]
2024-09-22 10:18:25.376 [info] > git show --textconv :src/explore.py [12ms]
2024-09-22 10:18:25.377 [info] > git ls-files --stage -- /home/exodus/Documents/PPI/ppi_dai_PEMBERTHYjer/src/explore.py [2ms]
2024-09-22 10:18:25.606 [info] > git check-ignore -v -z --stdin [5ms]
2024-09-22 10:18:26.116 [info] > git config --get commit.template [6ms]
2024-09-22 10:18:26.137 [info] > git for-each-ref --format=%(refname)%00%(upstream:short)%00%(objectname)%00%(upstream:track)%00%(upstream:remotename)%00%(upstream:remoteref) refs/heads/main refs/remotes/main [6ms]
2024-09-22 10:18:26.150 [info] > git status -z -uall [2ms]
2024-09-22 10:18:26.173 [info] > git for-each-ref --format=%(refname)%00%(upstream:short)%00%(objectname)%00%(upstream:track)%00%(upstream:remotename)%00%(upstream:remoteref) refs/heads/main refs/remotes/main [4ms]
2024-09-22 10:18:26.192 [info] > git config --local branch.main.vscode-merge-base [7ms]
2024-09-22 10:18:26.220 [info] > git for-each-ref --format=%(refname)%00%(upstream:short)%00%(objectname)%00%(upstream:track)%00%(upstream:remotename)%00%(upstream:remoteref) refs/heads/origin/main refs/remotes/origin/main [4ms]
2024-09-22 10:18:54.942 [info] > git show --textconv :src/saved.py [8ms]
2024-09-22 10:18:54.945 [info] > git ls-files --stage -- /home/exodus/Documents/PPI/ppi_dai_PEMBERTHYjer/src/saved.py [3ms]
2024-09-22 10:18:55.189 [info] > git check-ignore -v -z --stdin [2ms]
2024-09-22 10:18:55.718 [info] > git config --get commit.template [20ms]
2024-09-22 10:18:55.718 [info] > git for-each-ref --format=%(refname)%00%(upstream:short)%00%(objectname)%00%(upstream:track)%00%(upstream:remotename)%00%(upstream:remoteref) refs/heads/main refs/remotes/main [3ms]
2024-09-22 10:18:55.736 [info] > git status -z -uall [5ms]
2024-09-22 10:18:55.758 [info] > git for-each-ref --format=%(refname)%00%(upstream:short)%00%(objectname)%00%(upstream:track)%00%(upstream:remotename)%00%(upstream:remoteref) refs/heads/main refs/remotes/main [4ms]
2024-09-22 10:18:55.790 [info] > git config --local branch.main.vscode-merge-base [2ms]
2024-09-22 10:18:55.819 [info] > git for-each-ref --format=%(refname)%00%(upstream:short)%00%(objectname)%00%(upstream:track)%00%(upstream:remotename)%00%(upstream:remoteref) refs/heads/origin/main refs/remotes/origin/main [7ms]
2024-09-22 10:19:13.423 [info] > git show --textconv :src/settings.py [10ms]
2024-09-22 10:19:13.424 [info] > git ls-files --stage -- /home/exodus/Documents/PPI/ppi_dai_PEMBERTHYjer/src/settings.py [2ms]
2024-09-22 10:19:13.674 [info] > git check-ignore -v -z --stdin [4ms]
2024-09-22 10:19:14.179 [info] > git config --get commit.template [8ms]
2024-09-22 10:19:14.203 [info] > git for-each-ref --format=%(refname)%00%(upstream:short)%00%(objectname)%00%(upstream:track)%00%(upstream:remotename)%00%(upstream:remoteref) refs/heads/main refs/remotes/main [4ms]
2024-09-22 10:19:14.222 [info] > git status -z -uall [3ms]
2024-09-22 10:19:14.254 [info] > git for-each-ref --format=%(refname)%00%(upstream:short)%00%(objectname)%00%(upstream:track)%00%(upstream:remotename)%00%(upstream:remoteref) refs/heads/main refs/remotes/main [11ms]
2024-09-22 10:19:14.272 [info] > git config --local branch.main.vscode-merge-base [2ms]
2024-09-22 10:19:14.288 [info] > git for-each-ref --format=%(refname)%00%(upstream:short)%00%(objectname)%00%(upstream:track)%00%(upstream:remotename)%00%(upstream:remoteref) refs/heads/origin/main refs/remotes/origin/main [2ms]
2024-09-22 10:19:26.386 [info] > git show --textconv :src/main.py [8ms]
2024-09-22 10:19:26.387 [info] > git ls-files --stage -- /home/exodus/Documents/PPI/ppi_dai_PEMBERTHYjer/src/main.py [2ms]
2024-09-22 10:19:26.394 [info] > git cat-file -s c4517f37d119f6f7bf37f89a0ff016b0babb87ba [1ms]
2024-09-22 10:19:39.565 [info] > git show --textconv :src/explore.py [8ms]
2024-09-22 10:19:39.566 [info] > git ls-files --stage -- /home/exodus/Documents/PPI/ppi_dai_PEMBERTHYjer/src/explore.py [2ms]
2024-09-22 10:19:51.997 [info] > git show --textconv :src/saved.py [7ms]
2024-09-22 10:19:51.999 [info] > git ls-files --stage -- /home/exodus/Documents/PPI/ppi_dai_PEMBERTHYjer/src/saved.py [2ms]
2024-09-22 10:19:59.515 [info] > git show --textconv :src/settings.py [7ms]
2024-09-22 10:19:59.516 [info] > git ls-files --stage -- /home/exodus/Documents/PPI/ppi_dai_PEMBERTHYjer/src/settings.py [2ms]
2024-09-22 10:20:04.140 [info] > git show --textconv :src/main.py [18ms]
2024-09-22 10:20:04.140 [info] > git ls-files --stage -- /home/exodus/Documents/PPI/ppi_dai_PEMBERTHYjer/src/main.py [1ms]
2024-09-22 10:20:04.155 [info] > git cat-file -s c4517f37d119f6f7bf37f89a0ff016b0babb87ba [4ms]
2024-09-22 10:20:08.137 [info] > git config --get commit.template [8ms]
2024-09-22 10:20:08.328 [info] > git for-each-ref --format=%(refname)%00%(upstream:short)%00%(objectname)%00%(upstream:track)%00%(upstream:remotename)%00%(upstream:remoteref) refs/heads/main refs/remotes/main [192ms]
2024-09-22 10:20:08.335 [info] > git status -z -uall [1ms]
2024-09-22 10:20:08.353 [info] > git for-each-ref --format=%(refname)%00%(upstream:short)%00%(objectname)%00%(upstream:track)%00%(upstream:remotename)%00%(upstream:remoteref) refs/heads/main refs/remotes/main [5ms]
2024-09-22 10:20:08.366 [info] > git config --local branch.main.vscode-merge-base [2ms]
2024-09-22 10:20:08.377 [info] > git for-each-ref --format=%(refname)%00%(upstream:short)%00%(objectname)%00%(upstream:track)%00%(upstream:remotename)%00%(upstream:remoteref) refs/heads/origin/main refs/remotes/origin/main [4ms]
2024-09-22 10:21:14.589 [info] > git fetch [508ms]
2024-09-22 10:21:14.605 [info] > git config --get commit.template [10ms]
2024-09-22 10:21:14.605 [info] > git for-each-ref --format=%(refname)%00%(upstream:short)%00%(objectname)%00%(upstream:track)%00%(upstream:remotename)%00%(upstream:remoteref) refs/heads/main refs/remotes/main [1ms]
2024-09-22 10:21:14.613 [info] > git status -z -uall [2ms]
2024-09-22 10:21:14.629 [info] > git for-each-ref --format=%(refname)%00%(upstream:short)%00%(objectname)%00%(upstream:track)%00%(upstream:remotename)%00%(upstream:remoteref) refs/heads/main refs/remotes/main [6ms]
2024-09-22 10:21:14.639 [info] > git config --local branch.main.vscode-merge-base [2ms]
2024-09-22 10:21:14.655 [info] > git for-each-ref --format=%(refname)%00%(upstream:short)%00%(objectname)%00%(upstream:track)%00%(upstream:remotename)%00%(upstream:remoteref) refs/heads/origin/main refs/remotes/origin/main [7ms]
2024-09-22 10:21:15.695 [info] > git config --get commit.template [15ms]
2024-09-22 10:21:15.696 [info] > git for-each-ref --format=%(refname)%00%(upstream:short)%00%(objectname)%00%(upstream:track)%00%(upstream:remotename)%00%(upstream:remoteref) refs/heads/main refs/remotes/main [6ms]
2024-09-22 10:21:15.712 [info] > git status -z -uall [4ms]
2024-09-22 10:21:15.739 [info] > git for-each-ref --format=%(refname)%00%(upstream:short)%00%(objectname)%00%(upstream:track)%00%(upstream:remotename)%00%(upstream:remoteref) refs/heads/main refs/remotes/main [12ms]
2024-09-22 10:21:15.761 [info] > git config --local branch.main.vscode-merge-base [2ms]
2024-09-22 10:21:15.786 [info] > git for-each-ref --format=%(refname)%00%(upstream:short)%00%(objectname)%00%(upstream:track)%00%(upstream:remotename)%00%(upstream:remoteref) refs/heads/origin/main refs/remotes/origin/main [10ms]
2024-09-22 10:21:15.832 [info] > git ls-files --stage -- /home/exodus/Documents/PPI/ppi_dai_PEMBERTHYjer/src/main.py [2ms]
2024-09-22 10:21:15.841 [info] > git cat-file -s c4517f37d119f6f7bf37f89a0ff016b0babb87ba [3ms]
2024-09-22 10:21:15.858 [info] > git show --textconv :src/main.py [4ms]
2024-09-22 10:22:13.994 [info] > git show --textconv :src/explore.py [9ms]
2024-09-22 10:22:13.995 [info] > git ls-files --stage -- /home/exodus/Documents/PPI/ppi_dai_PEMBERTHYjer/src/explore.py [3ms]
2024-09-22 10:22:15.440 [info] > git config --get commit.template [15ms]
2024-09-22 10:22:15.442 [info] > git for-each-ref --format=%(refname)%00%(upstream:short)%00%(objectname)%00%(upstream:track)%00%(upstream:remotename)%00%(upstream:remoteref) refs/heads/main refs/remotes/main [2ms]
2024-09-22 10:22:15.471 [info] > git status -z -uall [4ms]
2024-09-22 10:22:15.493 [info] > git for-each-ref --format=%(refname)%00%(upstream:short)%00%(objectname)%00%(upstream:track)%00%(upstream:remotename)%00%(upstream:remoteref) refs/heads/main refs/remotes/main [9ms]
2024-09-22 10:22:15.511 [info] > git config --local branch.main.vscode-merge-base [2ms]
2024-09-22 10:22:15.541 [info] > git for-each-ref --format=%(refname)%00%(upstream:short)%00%(objectname)%00%(upstream:track)%00%(upstream:remotename)%00%(upstream:remoteref) refs/heads/origin/main refs/remotes/origin/main [16ms]
2024-09-22 10:22:15.751 [info] > git show --textconv :src/saved.py [15ms]
2024-09-22 10:22:15.755 [info] > git ls-files --stage -- /home/exodus/Documents/PPI/ppi_dai_PEMBERTHYjer/src/saved.py [4ms]
2024-09-22 10:22:16.759 [info] > git show --textconv :src/settings.py [14ms]
2024-09-22 10:22:16.760 [info] > git ls-files --stage -- /home/exodus/Documents/PPI/ppi_dai_PEMBERTHYjer/src/settings.py [2ms]
2024-09-22 10:22:18.124 [info] > git show --textconv :src/main.py [15ms]
2024-09-22 10:22:18.125 [info] > git ls-files --stage -- /home/exodus/Documents/PPI/ppi_dai_PEMBERTHYjer/src/main.py [2ms]
2024-09-22 10:22:18.140 [info] > git cat-file -s c4517f37d119f6f7bf37f89a0ff016b0babb87ba [4ms]
2024-09-22 10:22:20.570 [info] > git config --get commit.template [6ms]
2024-09-22 10:22:20.608 [info] > git for-each-ref --format=%(refname)%00%(upstream:short)%00%(objectname)%00%(upstream:track)%00%(upstream:remotename)%00%(upstream:remoteref) refs/heads/main refs/remotes/main [8ms]
2024-09-22 10:22:20.635 [info] > git status -z -uall [5ms]
2024-09-22 10:22:20.701 [info] > git for-each-ref --format=%(refname)%00%(upstream:short)%00%(objectname)%00%(upstream:track)%00%(upstream:remotename)%00%(upstream:remoteref) refs/heads/main refs/remotes/main [10ms]
2024-09-22 10:22:20.745 [info] > git config --local branch.main.vscode-merge-base [7ms]
2024-09-22 10:22:20.775 [info] > git for-each-ref --format=%(refname)%00%(upstream:short)%00%(objectname)%00%(upstream:track)%00%(upstream:remotename)%00%(upstream:remoteref) refs/heads/origin/main refs/remotes/origin/main [10ms]
2024-09-22 10:22:21.577 [info] > git check-ignore -v -z --stdin [8ms]
2024-09-22 10:22:31.178 [info] > git config --get commit.template [1ms]
2024-09-22 10:22:31.211 [info] > git for-each-ref --format=%(refname)%00%(upstream:short)%00%(objectname)%00%(upstream:track)%00%(upstream:remotename)%00%(upstream:remoteref) refs/heads/main refs/remotes/main [6ms]
2024-09-22 10:22:31.268 [info] > git status -z -uall [16ms]
2024-09-22 10:22:31.305 [info] > git for-each-ref --format=%(refname)%00%(upstream:short)%00%(objectname)%00%(upstream:track)%00%(upstream:remotename)%00%(upstream:remoteref) refs/heads/main refs/remotes/main [13ms]
2024-09-22 10:22:31.337 [info] > git config --local branch.main.vscode-merge-base [2ms]
2024-09-22 10:22:31.399 [info] > git for-each-ref --format=%(refname)%00%(upstream:short)%00%(objectname)%00%(upstream:track)%00%(upstream:remotename)%00%(upstream:remoteref) refs/heads/origin/main refs/remotes/origin/main [22ms]
2024-09-22 10:22:32.893 [info] > git log --format=%H%n%aN%n%aE%n%at%n%ct%n%P%n%D%n%B -z --shortstat --diff-merges=first-parent -n50 --skip=0 --topo-order --decorate=full bddf5a69e2d16bd8e4a46c0fe0e2ccf95f871077 [17ms]
2024-09-22 10:22:33.147 [info] > git log --format=%H%n%aN%n%aE%n%at%n%ct%n%P%n%D%n%B -z --shortstat --diff-merges=first-parent -n50 --skip=0 --topo-order --decorate=full bddf5a69e2d16bd8e4a46c0fe0e2ccf95f871077 [21ms]
2024-09-22 10:22:33.583 [info] > git check-ignore -v -z --stdin [12ms]
2024-09-22 10:22:48.624 [info] > git show --textconv HEAD:src/__pycache__/explore.cpython-312.pyc [44ms]
2024-09-22 10:22:48.627 [info] > git ls-tree -l HEAD -- /home/exodus/Documents/PPI/ppi_dai_PEMBERTHYjer/src/__pycache__/explore.cpython-312.pyc [5ms]
2024-09-22 10:22:48.719 [info] > git ls-tree -l HEAD -- /home/exodus/Documents/PPI/ppi_dai_PEMBERTHYjer/src/__pycache__/explore.cpython-312.pyc [16ms]
2024-09-22 10:22:56.441 [info] > git show --textconv :.gitignore [21ms]
2024-09-22 10:22:56.442 [info] > git ls-files --stage -- /home/exodus/Documents/PPI/ppi_dai_PEMBERTHYjer/.gitignore [4ms]
2024-09-22 10:22:56.505 [info] > git cat-file -s ba1e329d45ea1eb7a642f437067872934a54c153 [23ms]
2024-09-22 10:23:06.184 [info] > git check-ignore -v -z --stdin [2ms]
2024-09-22 10:23:06.600 [info] > git config --get commit.template [12ms]
2024-09-22 10:23:06.602 [info] > git for-each-ref --format=%(refname)%00%(upstream:short)%00%(objectname)%00%(upstream:track)%00%(upstream:remotename)%00%(upstream:remoteref) refs/heads/main refs/remotes/main [7ms]
2024-09-22 10:23:06.622 [info] > git status -z -uall [4ms]
2024-09-22 10:23:06.646 [info] > git for-each-ref --format=%(refname)%00%(upstream:short)%00%(objectname)%00%(upstream:track)%00%(upstream:remotename)%00%(upstream:remoteref) refs/heads/main refs/remotes/main [6ms]
2024-09-22 10:23:06.665 [info] > git config --local branch.main.vscode-merge-base [2ms]
2024-09-22 10:23:06.685 [info] > git for-each-ref --format=%(refname)%00%(upstream:short)%00%(objectname)%00%(upstream:track)%00%(upstream:remotename)%00%(upstream:remoteref) refs/heads/origin/main refs/remotes/origin/main [3ms]
2024-09-22 10:23:07.808 [info] > git log --format=%H%n%aN%n%aE%n%at%n%ct%n%P%n%D%n%B -z --shortstat --diff-merges=first-parent -n50 --skip=0 --topo-order --decorate=full bddf5a69e2d16bd8e4a46c0fe0e2ccf95f871077 [14ms]
2024-09-22 10:23:07.895 [info] > git log --format=%H%n%aN%n%aE%n%at%n%ct%n%P%n%D%n%B -z --shortstat --diff-merges=first-parent -n50 --skip=0 --topo-order --decorate=full bddf5a69e2d16bd8e4a46c0fe0e2ccf95f871077 [17ms]
2024-09-22 10:23:31.345 [info] > git config --get commit.template [7ms]
2024-09-22 10:23:31.346 [info] > git for-each-ref --format=%(refname)%00%(upstream:short)%00%(objectname)%00%(upstream:track)%00%(upstream:remotename)%00%(upstream:remoteref) refs/heads/main refs/remotes/main [2ms]
2024-09-22 10:23:31.354 [info] > git status -z -uall [1ms]
2024-09-22 10:23:31.364 [info] > git for-each-ref --format=%(refname)%00%(upstream:short)%00%(objectname)%00%(upstream:track)%00%(upstream:remotename)%00%(upstream:remoteref) refs/heads/main refs/remotes/main [2ms]
2024-09-22 10:23:31.373 [info] > git config --local branch.main.vscode-merge-base [1ms]
2024-09-22 10:23:31.382 [info] > git for-each-ref --format=%(refname)%00%(upstream:short)%00%(objectname)%00%(upstream:track)%00%(upstream:remotename)%00%(upstream:remoteref) refs/heads/origin/main refs/remotes/origin/main [2ms]
2024-09-22 10:23:31.440 [info] > git ls-files --stage -- /home/exodus/Documents/PPI/ppi_dai_PEMBERTHYjer/.gitignore [1ms]
2024-09-22 10:23:31.447 [info] > git cat-file -s c1ef25e6332c3e7d56e0106f6d8829258dffc611 [1ms]
2024-09-22 10:23:31.458 [info] > git show --textconv :.gitignore [3ms]
2024-09-22 10:23:36.379 [info] > git config --get commit.template [7ms]
2024-09-22 10:23:36.380 [info] > git for-each-ref --format=%(refname)%00%(upstream:short)%00%(objectname)%00%(upstream:track)%00%(upstream:remotename)%00%(upstream:remoteref) refs/heads/main refs/remotes/main [2ms]
2024-09-22 10:23:36.388 [info] > git status -z -uall [2ms]
2024-09-22 10:23:36.398 [info] > git for-each-ref --format=%(refname)%00%(upstream:short)%00%(objectname)%00%(upstream:track)%00%(upstream:remotename)%00%(upstream:remoteref) refs/heads/main refs/remotes/main [2ms]
2024-09-22 10:23:36.407 [info] > git config --local branch.main.vscode-merge-base [2ms]
2024-09-22 10:23:36.415 [info] > git for-each-ref --format=%(refname)%00%(upstream:short)%00%(objectname)%00%(upstream:track)%00%(upstream:remotename)%00%(upstream:remoteref) refs/heads/origin/main refs/remotes/origin/main [2ms]
2024-09-22 10:24:05.958 [info] > git config --get commit.template [1ms]
2024-09-22 10:24:05.966 [info] > git for-each-ref --format=%(refname)%00%(upstream:short)%00%(objectname)%00%(upstream:track)%00%(upstream:remotename)%00%(upstream:remoteref) refs/heads/main refs/remotes/main [1ms]
2024-09-22 10:24:05.973 [info] > git status -z -uall [1ms]
2024-09-22 10:24:05.985 [info] > git for-each-ref --format=%(refname)%00%(upstream:short)%00%(objectname)%00%(upstream:track)%00%(upstream:remotename)%00%(upstream:remoteref) refs/heads/main refs/remotes/main [3ms]
2024-09-22 10:24:05.994 [info] > git config --local branch.main.vscode-merge-base [2ms]
2024-09-22 10:24:06.005 [info] > git for-each-ref --format=%(refname)%00%(upstream:short)%00%(objectname)%00%(upstream:track)%00%(upstream:remotename)%00%(upstream:remoteref) refs/heads/origin/main refs/remotes/origin/main [0ms]
2024-09-22 10:24:06.014 [info] > git merge-base refs/heads/main refs/remotes/origin/main [2ms]
2024-09-22 10:24:06.047 [info] > git rev-list --count --left-right refs/heads/main...refs/remotes/origin/main [14ms]
2024-09-22 10:24:06.078 [info] > git diff --name-status -z --diff-filter=ADMR bddf5a69e2d16bd8e4a46c0fe0e2ccf95f871077...refs/remotes/origin/main [7ms]
2024-09-22 10:24:06.150 [info] > git ls-files --stage -- /home/exodus/Documents/PPI/ppi_dai_PEMBERTHYjer/.gitignore [2ms]
2024-09-22 10:24:06.158 [info] > git log --format=%H%n%aN%n%aE%n%at%n%ct%n%P%n%D%n%B -z --shortstat --diff-merges=first-parent -n50 --skip=0 --topo-order --decorate=full f6ae69752b417d160c05dd003472db3cea2eb907 bddf5a69e2d16bd8e4a46c0fe0e2ccf95f871077 [32ms]
2024-09-22 10:24:06.161 [info] > git cat-file -s c1ef25e6332c3e7d56e0106f6d8829258dffc611 [3ms]
2024-09-22 10:24:06.180 [info] > git show --textconv :.gitignore [2ms]
2024-09-22 10:24:10.952 [info] > git show --textconv :src/main.py [1ms]
2024-09-22 10:24:11.041 [info] > git ls-files --stage -- /home/exodus/Documents/PPI/ppi_dai_PEMBERTHYjer/src/main.py [13ms]
2024-09-22 10:24:11.164 [info] > git cat-file -s a1800ccdba1d0f1711db68f22152c02293d3ece4 [69ms]
2024-09-22 10:24:11.175 [info] > git config --get commit.template [12ms]
2024-09-22 10:24:11.216 [info] > git for-each-ref --format=%(refname)%00%(upstream:short)%00%(objectname)%00%(upstream:track)%00%(upstream:remotename)%00%(upstream:remoteref) refs/heads/main refs/remotes/main [10ms]
2024-09-22 10:24:11.255 [info] > git status -z -uall [5ms]
2024-09-22 10:24:11.285 [info] > git for-each-ref --format=%(refname)%00%(upstream:short)%00%(objectname)%00%(upstream:track)%00%(upstream:remotename)%00%(upstream:remoteref) refs/heads/main refs/remotes/main [3ms]
2024-09-22 10:24:11.303 [info] > git config --local branch.main.vscode-merge-base [3ms]
2024-09-22 10:24:11.328 [info] > git for-each-ref --format=%(refname)%00%(upstream:short)%00%(objectname)%00%(upstream:track)%00%(upstream:remotename)%00%(upstream:remoteref) refs/heads/origin/main refs/remotes/origin/main [5ms]
2024-09-22 10:25:49.136 [info] > git config --get commit.template [26ms]
2024-09-22 10:25:49.141 [info] > git ls-files --stage -- /home/exodus/Documents/PPI/ppi_dai_PEMBERTHYjer/src/main.py [7ms]
2024-09-22 10:25:49.163 [info] > git cat-file -s a1800ccdba1d0f1711db68f22152c02293d3ece4 [12ms]
2024-09-22 10:25:49.164 [info] > git for-each-ref --format=%(refname)%00%(upstream:short)%00%(objectname)%00%(upstream:track)%00%(upstream:remotename)%00%(upstream:remoteref) refs/heads/main refs/remotes/main [2ms]
2024-09-22 10:25:49.191 [info] > git show --textconv :src/main.py [15ms]
2024-09-22 10:25:49.192 [info] > git status -z -uall [6ms]
2024-09-22 10:25:49.209 [info] > git for-each-ref --format=%(refname)%00%(upstream:short)%00%(objectname)%00%(upstream:track)%00%(upstream:remotename)%00%(upstream:remoteref) refs/heads/main refs/remotes/main [4ms]
2024-09-22 10:25:49.235 [info] > git config --local branch.main.vscode-merge-base [7ms]
2024-09-22 10:25:49.254 [info] > git for-each-ref --format=%(refname)%00%(upstream:short)%00%(objectname)%00%(upstream:track)%00%(upstream:remotename)%00%(upstream:remoteref) refs/heads/origin/main refs/remotes/origin/main [3ms]
2024-09-22 10:25:49.315 [info] > git merge-base refs/heads/main refs/remotes/origin/main [40ms]
2024-09-22 10:25:49.341 [info] > git rev-list --count --left-right refs/heads/main...refs/remotes/origin/main [10ms]
2024-09-22 10:25:49.362 [info] > git diff --name-status -z --diff-filter=ADMR f6ae69752b417d160c05dd003472db3cea2eb907...refs/remotes/origin/main [3ms]
2024-09-22 10:25:49.364 [info] > git log --format=%H%n%aN%n%aE%n%at%n%ct%n%P%n%D%n%B -z --shortstat --diff-merges=first-parent -n50 --skip=0 --topo-order --decorate=full f6ae69752b417d160c05dd003472db3cea2eb907 [62ms]
2024-09-22 10:25:49.562 [info] > git fetch [465ms]
2024-09-22 10:25:49.584 [info] > git config --get commit.template [11ms]
2024-09-22 10:25:49.589 [info] > git for-each-ref --format=%(refname)%00%(upstream:short)%00%(objectname)%00%(upstream:track)%00%(upstream:remotename)%00%(upstream:remoteref) refs/heads/main refs/remotes/main [6ms]
2024-09-22 10:25:49.599 [info] > git status -z -uall [3ms]
2024-09-22 10:25:49.618 [info] > git for-each-ref --format=%(refname)%00%(upstream:short)%00%(objectname)%00%(upstream:track)%00%(upstream:remotename)%00%(upstream:remoteref) refs/heads/main refs/remotes/main [5ms]
2024-09-22 10:25:49.633 [info] > git config --local branch.main.vscode-merge-base [3ms]
2024-09-22 10:25:49.645 [info] > git for-each-ref --format=%(refname)%00%(upstream:short)%00%(objectname)%00%(upstream:track)%00%(upstream:remotename)%00%(upstream:remoteref) refs/heads/origin/main refs/remotes/origin/main [2ms]
2024-09-22 10:25:50.805 [info] > git ls-files --stage -- /home/exodus/Documents/PPI/ppi_dai_PEMBERTHYjer/src/main.py [1ms]
2024-09-22 10:25:50.820 [info] > git cat-file -s a1800ccdba1d0f1711db68f22152c02293d3ece4 [4ms]
2024-09-22 10:25:50.886 [info] > git show --textconv :src/main.py [2ms]
2024-09-22 10:25:54.224 [info] > git config --get commit.template [7ms]
2024-09-22 10:25:54.225 [info] > git for-each-ref --format=%(refname)%00%(upstream:short)%00%(objectname)%00%(upstream:track)%00%(upstream:remotename)%00%(upstream:remoteref) refs/heads/main refs/remotes/main [1ms]
2024-09-22 10:25:54.232 [info] > git status -z -uall [1ms]
2024-09-22 10:25:54.242 [info] > git for-each-ref --format=%(refname)%00%(upstream:short)%00%(objectname)%00%(upstream:track)%00%(upstream:remotename)%00%(upstream:remoteref) refs/heads/main refs/remotes/main [2ms]
2024-09-22 10:25:54.250 [info] > git config --local branch.main.vscode-merge-base [1ms]
2024-09-22 10:25:54.259 [info] > git for-each-ref --format=%(refname)%00%(upstream:short)%00%(objectname)%00%(upstream:track)%00%(upstream:remotename)%00%(upstream:remoteref) refs/heads/origin/main refs/remotes/origin/main [2ms]
2024-09-22 10:28:58.194 [info] > git fetch [488ms]
2024-09-22 10:28:58.213 [info] > git config --get commit.template [12ms]
2024-09-22 10:28:58.214 [info] > git for-each-ref --format=%(refname)%00%(upstream:short)%00%(objectname)%00%(upstream:track)%00%(upstream:remotename)%00%(upstream:remoteref) refs/heads/main refs/remotes/main [1ms]
2024-09-22 10:28:58.228 [info] > git status -z -uall [3ms]
2024-09-22 10:28:58.246 [info] > git for-each-ref --format=%(refname)%00%(upstream:short)%00%(objectname)%00%(upstream:track)%00%(upstream:remotename)%00%(upstream:remoteref) refs/heads/main refs/remotes/main [4ms]
2024-09-22 10:28:58.258 [info] > git config --local branch.main.vscode-merge-base [2ms]
2024-09-22 10:28:58.267 [info] > git for-each-ref --format=%(refname)%00%(upstream:short)%00%(objectname)%00%(upstream:track)%00%(upstream:remotename)%00%(upstream:remoteref) refs/heads/origin/main refs/remotes/origin/main [1ms]
2024-09-22 10:28:59.330 [info] > git config --get commit.template [8ms]
2024-09-22 10:28:59.331 [info] > git for-each-ref --format=%(refname)%00%(upstream:short)%00%(objectname)%00%(upstream:track)%00%(upstream:remotename)%00%(upstream:remoteref) refs/heads/main refs/remotes/main [2ms]
2024-09-22 10:28:59.340 [info] > git status -z -uall [2ms]
2024-09-22 10:28:59.350 [info] > git for-each-ref --format=%(refname)%00%(upstream:short)%00%(objectname)%00%(upstream:track)%00%(upstream:remotename)%00%(upstream:remoteref) refs/heads/main refs/remotes/main [2ms]
2024-09-22 10:28:59.360 [info] > git config --local branch.main.vscode-merge-base [1ms]
2024-09-22 10:28:59.368 [info] > git for-each-ref --format=%(refname)%00%(upstream:short)%00%(objectname)%00%(upstream:track)%00%(upstream:remotename)%00%(upstream:remoteref) refs/heads/origin/main refs/remotes/origin/main [2ms]
2024-09-22 10:28:59.423 [info] > git ls-files --stage -- /home/exodus/Documents/PPI/ppi_dai_PEMBERTHYjer/src/main.py [1ms]
2024-09-22 10:28:59.430 [info] > git cat-file -s a1800ccdba1d0f1711db68f22152c02293d3ece4 [2ms]
2024-09-22 10:28:59.441 [info] > git show --textconv :src/main.py [1ms]
2024-09-22 10:29:04.366 [info] > git config --get commit.template [8ms]
2024-09-22 10:29:04.367 [info] > git for-each-ref --format=%(refname)%00%(upstream:short)%00%(objectname)%00%(upstream:track)%00%(upstream:remotename)%00%(upstream:remoteref) refs/heads/main refs/remotes/main [1ms]
2024-09-22 10:29:04.375 [info] > git status -z -uall [2ms]
2024-09-22 10:29:04.386 [info] > git for-each-ref --format=%(refname)%00%(upstream:short)%00%(objectname)%00%(upstream:track)%00%(upstream:remotename)%00%(upstream:remoteref) refs/heads/main refs/remotes/main [2ms]
2024-09-22 10:29:04.393 [info] > git config --local branch.main.vscode-merge-base [2ms]
2024-09-22 10:29:04.401 [info] > git for-each-ref --format=%(refname)%00%(upstream:short)%00%(objectname)%00%(upstream:track)%00%(upstream:remotename)%00%(upstream:remoteref) refs/heads/origin/main refs/remotes/origin/main [2ms]
2024-09-22 10:31:16.014 [info] > git check-ignore -v -z --stdin [2ms]
2024-09-22 10:31:59.479 [info] > git ls-files --stage -- /home/exodus/Documents/PPI/ppi_dai_PEMBERTHYjer/src/main.py [1ms]
2024-09-22 10:31:59.486 [info] > git cat-file -s a1800ccdba1d0f1711db68f22152c02293d3ece4 [1ms]
2024-09-22 10:31:59.497 [info] > git show --textconv :src/main.py [2ms]
2024-09-22 10:31:59.653 [info] > git fetch [1395ms]
2024-09-22 10:31:59.666 [info] > git config --get commit.template [7ms]
2024-09-22 10:31:59.667 [info] > git for-each-ref --format=%(refname)%00%(upstream:short)%00%(objectname)%00%(upstream:track)%00%(upstream:remotename)%00%(upstream:remoteref) refs/heads/main refs/remotes/main [2ms]
2024-09-22 10:31:59.674 [info] > git status -z -uall [1ms]
2024-09-22 10:31:59.685 [info] > git for-each-ref --format=%(refname)%00%(upstream:short)%00%(objectname)%00%(upstream:track)%00%(upstream:remotename)%00%(upstream:remoteref) refs/heads/main refs/remotes/main [3ms]
2024-09-22 10:31:59.696 [info] > git config --local branch.main.vscode-merge-base [1ms]
2024-09-22 10:31:59.715 [info] > git for-each-ref --format=%(refname)%00%(upstream:short)%00%(objectname)%00%(upstream:track)%00%(upstream:remotename)%00%(upstream:remoteref) refs/heads/origin/main refs/remotes/origin/main [3ms]
2024-09-22 10:32:00.752 [info] > git config --get commit.template [7ms]
2024-09-22 10:32:00.752 [info] > git for-each-ref --format=%(refname)%00%(upstream:short)%00%(objectname)%00%(upstream:track)%00%(upstream:remotename)%00%(upstream:remoteref) refs/heads/main refs/remotes/main [1ms]
2024-09-22 10:32:00.762 [info] > git status -z -uall [1ms]
2024-09-22 10:32:00.774 [info] > git for-each-ref --format=%(refname)%00%(upstream:short)%00%(objectname)%00%(upstream:track)%00%(upstream:remotename)%00%(upstream:remoteref) refs/heads/main refs/remotes/main [3ms]
2024-09-22 10:32:00.790 [info] > git config --local branch.main.vscode-merge-base [6ms]
2024-09-22 10:32:00.811 [info] > git for-each-ref --format=%(refname)%00%(upstream:short)%00%(objectname)%00%(upstream:track)%00%(upstream:remotename)%00%(upstream:remoteref) refs/heads/origin/main refs/remotes/origin/main [3ms]
2024-09-22 10:32:00.862 [info] > git ls-files --stage -- /home/exodus/Documents/PPI/ppi_dai_PEMBERTHYjer/src/main.py [1ms]
2024-09-22 10:32:00.876 [info] > git cat-file -s a1800ccdba1d0f1711db68f22152c02293d3ece4 [3ms]
2024-09-22 10:32:00.897 [info] > git show --textconv :src/main.py [0ms]
2024-09-22 10:32:15.878 [info] > git show --textconv :src/explore.py [16ms]
2024-09-22 10:32:15.885 [info] > git ls-files --stage -- /home/exodus/Documents/PPI/ppi_dai_PEMBERTHYjer/src/explore.py [8ms]
2024-09-22 10:32:15.901 [info] > git cat-file -s 3b65a92edcd30ab6d050a4bd35950dc41b9167ca [1ms]
2024-09-22 10:32:19.720 [info] > git show --textconv :src/main.py [8ms]
2024-09-22 10:32:19.721 [info] > git ls-files --stage -- /home/exodus/Documents/PPI/ppi_dai_PEMBERTHYjer/src/main.py [2ms]
2024-09-22 10:32:19.729 [info] > git cat-file -s a1800ccdba1d0f1711db68f22152c02293d3ece4 [2ms]
2024-09-22 10:32:39.077 [info] > git show --textconv :src/saved.py [7ms]
2024-09-22 10:32:39.078 [info] > git ls-files --stage -- /home/exodus/Documents/PPI/ppi_dai_PEMBERTHYjer/src/saved.py [2ms]
2024-09-22 10:32:39.085 [info] > git cat-file -s f5a32b1df17eafe258f4bbe90b7f4d2700a1c8e6 [1ms]
2024-09-22 10:32:41.128 [info] > git show --textconv :src/main.py [12ms]
2024-09-22 10:32:41.129 [info] > git ls-files --stage -- /home/exodus/Documents/PPI/ppi_dai_PEMBERTHYjer/src/main.py [2ms]
2024-09-22 10:32:41.136 [info] > git cat-file -s a1800ccdba1d0f1711db68f22152c02293d3ece4 [1ms]
2024-09-22 10:34:58.036 [info] > git config --get commit.template [7ms]
2024-09-22 10:34:58.036 [info] > git for-each-ref --format=%(refname)%00%(upstream:short)%00%(objectname)%00%(upstream:track)%00%(upstream:remotename)%00%(upstream:remoteref) refs/heads/main refs/remotes/main [2ms]
2024-09-22 10:34:58.044 [info] > git status -z -uall [2ms]
2024-09-22 10:34:58.065 [info] > git for-each-ref --format=%(refname)%00%(upstream:short)%00%(objectname)%00%(upstream:track)%00%(upstream:remotename)%00%(upstream:remoteref) refs/heads/main refs/remotes/main [9ms]
2024-09-22 10:34:58.081 [info] > git config --local branch.main.vscode-merge-base [2ms]
2024-09-22 10:34:58.089 [info] > git for-each-ref --format=%(refname)%00%(upstream:short)%00%(objectname)%00%(upstream:track)%00%(upstream:remotename)%00%(upstream:remoteref) refs/heads/origin/main refs/remotes/origin/main [2ms]
2024-09-22 10:35:00.127 [info] > git fetch [431ms]
2024-09-22 10:35:00.140 [info] > git config --get commit.template [7ms]
2024-09-22 10:35:00.142 [info] > git for-each-ref --format=%(refname)%00%(upstream:short)%00%(objectname)%00%(upstream:track)%00%(upstream:remotename)%00%(upstream:remoteref) refs/heads/main refs/remotes/main [3ms]
2024-09-22 10:35:00.154 [info] > git status -z -uall [3ms]
2024-09-22 10:35:00.177 [info] > git for-each-ref --format=%(refname)%00%(upstream:short)%00%(objectname)%00%(upstream:track)%00%(upstream:remotename)%00%(upstream:remoteref) refs/heads/main refs/remotes/main [3ms]
2024-09-22 10:35:00.193 [info] > git config --local branch.main.vscode-merge-base [4ms]
2024-09-22 10:35:00.211 [info] > git for-each-ref --format=%(refname)%00%(upstream:short)%00%(objectname)%00%(upstream:track)%00%(upstream:remotename)%00%(upstream:remoteref) refs/heads/origin/main refs/remotes/origin/main [1ms]
2024-09-22 10:35:00.743 [info] > git log --format=%H%n%aN%n%aE%n%at%n%ct%n%P%n%D%n%B -z --shortstat --diff-merges=first-parent -n50 --skip=0 --topo-order --decorate=full f6ae69752b417d160c05dd003472db3cea2eb907 [25ms]
2024-09-22 10:35:00.804 [info] > git log --format=%H%n%aN%n%aE%n%at%n%ct%n%P%n%D%n%B -z --shortstat --diff-merges=first-parent -n50 --skip=0 --topo-order --decorate=full f6ae69752b417d160c05dd003472db3cea2eb907 [20ms]
2024-09-22 10:35:01.364 [info] > git ls-files --stage -- /home/exodus/Documents/PPI/ppi_dai_PEMBERTHYjer/src/main.py [2ms]
2024-09-22 10:35:01.376 [info] > git cat-file -s a1800ccdba1d0f1711db68f22152c02293d3ece4 [2ms]
2024-09-22 10:35:01.392 [info] > git show --textconv :src/main.py [2ms]
2024-09-22 10:35:03.077 [info] > git config --get commit.template [7ms]
2024-09-22 10:35:03.078 [info] > git for-each-ref --format=%(refname)%00%(upstream:short)%00%(objectname)%00%(upstream:track)%00%(upstream:remotename)%00%(upstream:remoteref) refs/heads/main refs/remotes/main [2ms]
2024-09-22 10:35:03.087 [info] > git status -z -uall [2ms]
2024-09-22 10:35:03.097 [info] > git for-each-ref --format=%(refname)%00%(upstream:short)%00%(objectname)%00%(upstream:track)%00%(upstream:remotename)%00%(upstream:remoteref) refs/heads/main refs/remotes/main [3ms]
2024-09-22 10:35:03.105 [info] > git config --local branch.main.vscode-merge-base [1ms]
2024-09-22 10:35:03.114 [info] > git for-each-ref --format=%(refname)%00%(upstream:short)%00%(objectname)%00%(upstream:track)%00%(upstream:remotename)%00%(upstream:remoteref) refs/heads/origin/main refs/remotes/origin/main [1ms]
2024-09-22 10:35:27.195 [info] > git log --format=%H%n%aN%n%aE%n%at%n%ct%n%P%n%D%n%B -z --shortstat --diff-merges=first-parent -n50 --skip=0 --topo-order --decorate=full f6ae69752b417d160c05dd003472db3cea2eb907 [14ms]
2024-09-22 10:35:27.234 [info] > git log --format=%H%n%aN%n%aE%n%at%n%ct%n%P%n%D%n%B -z --shortstat --diff-merges=first-parent -n50 --skip=0 --topo-order --decorate=full f6ae69752b417d160c05dd003472db3cea2eb907 [12ms]
2024-09-22 10:35:39.237 [info] > git log --format=%H%n%aN%n%aE%n%at%n%ct%n%P%n%D%n%B -z --shortstat --diff-merges=first-parent -n50 --skip=0 --topo-order --decorate=full f6ae69752b417d160c05dd003472db3cea2eb907 [17ms]
2024-09-22 10:35:39.280 [info] > git log --format=%H%n%aN%n%aE%n%at%n%ct%n%P%n%D%n%B -z --shortstat --diff-merges=first-parent -n50 --skip=0 --topo-order --decorate=full f6ae69752b417d160c05dd003472db3cea2eb907 [14ms]
2024-09-22 10:36:31.678 [info] > git config --get commit.template [5ms]
2024-09-22 10:36:31.698 [info] > git for-each-ref --format=%(refname)%00%(upstream:short)%00%(objectname)%00%(upstream:track)%00%(upstream:remotename)%00%(upstream:remoteref) refs/heads/main refs/remotes/main [6ms]
2024-09-22 10:36:31.710 [info] > git status -z -uall [2ms]
2024-09-22 10:36:31.728 [info] > git for-each-ref --format=%(refname)%00%(upstream:short)%00%(objectname)%00%(upstream:track)%00%(upstream:remotename)%00%(upstream:remoteref) refs/heads/main refs/remotes/main [4ms]
2024-09-22 10:36:31.740 [info] > git config --local branch.main.vscode-merge-base [2ms]
2024-09-22 10:36:31.756 [info] > git for-each-ref --format=%(refname)%00%(upstream:short)%00%(objectname)%00%(upstream:track)%00%(upstream:remotename)%00%(upstream:remoteref) refs/heads/origin/main refs/remotes/origin/main [2ms]
2024-09-22 10:36:44.416 [info] > git add -A -- . [4ms]
2024-09-22 10:36:44.445 [info] > git -c user.useConfigOnly=true commit --quiet --allow-empty-message --file - [18ms]
2024-09-22 10:36:44.460 [info] > git config --get commit.template [3ms]
2024-09-22 10:36:44.482 [info] > git config --get commit.template [6ms]
2024-09-22 10:36:44.504 [info] > git for-each-ref --format=%(refname)%00%(upstream:short)%00%(objectname)%00%(upstream:track)%00%(upstream:remotename)%00%(upstream:remoteref) refs/heads/main refs/remotes/main [9ms]
2024-09-22 10:36:44.526 [info] > git status -z -uall [6ms]
2024-09-22 10:36:44.555 [info] > git for-each-ref --format=%(refname)%00%(upstream:short)%00%(objectname)%00%(upstream:track)%00%(upstream:remotename)%00%(upstream:remoteref) refs/heads/main refs/remotes/main [16ms]
2024-09-22 10:36:44.571 [info] > git config --local branch.main.vscode-merge-base [1ms]
2024-09-22 10:36:44.591 [info] > git for-each-ref --format=%(refname)%00%(upstream:short)%00%(objectname)%00%(upstream:track)%00%(upstream:remotename)%00%(upstream:remoteref) refs/heads/origin/main refs/remotes/origin/main [3ms]
2024-09-22 10:36:44.615 [info] > git merge-base refs/heads/main refs/remotes/origin/main [5ms]
2024-09-22 10:36:44.629 [info] > git rev-list --count --left-right refs/heads/main...refs/remotes/origin/main [3ms]
2024-09-22 10:36:44.666 [info] > git diff --name-status -z --diff-filter=ADMR f6ae69752b417d160c05dd003472db3cea2eb907...refs/remotes/origin/main [8ms]
2024-09-22 10:36:44.827 [info] > git config --get commit.template [67ms]
2024-09-22 10:36:44.883 [info] > git log --format=%H%n%aN%n%aE%n%at%n%ct%n%P%n%D%n%B -z --shortstat --diff-merges=first-parent -n50 --skip=0 --topo-order --decorate=full d738ea8fb63b0d14ddab9a6ce4a79d80c6dce8b8 f6ae69752b417d160c05dd003472db3cea2eb907 [60ms]
2024-09-22 10:36:44.892 [info] > git for-each-ref --format=%(refname)%00%(upstream:short)%00%(objectname)%00%(upstream:track)%00%(upstream:remotename)%00%(upstream:remoteref) refs/heads/main refs/remotes/main [11ms]
2024-09-22 10:36:44.949 [info] > git status -z -uall [13ms]
2024-09-22 10:36:44.992 [info] > git for-each-ref --format=%(refname)%00%(upstream:short)%00%(objectname)%00%(upstream:track)%00%(upstream:remotename)%00%(upstream:remoteref) refs/heads/main refs/remotes/main [4ms]
2024-09-22 10:36:45.010 [info] > git config --local branch.main.vscode-merge-base [3ms]
2024-09-22 10:36:45.037 [info] > git for-each-ref --format=%(refname)%00%(upstream:short)%00%(objectname)%00%(upstream:track)%00%(upstream:remotename)%00%(upstream:remoteref) refs/heads/origin/main refs/remotes/origin/main [3ms]
2024-09-22 10:36:45.639 [info] > git ls-files --stage -- /home/exodus/Documents/PPI/ppi_dai_PEMBERTHYjer/src/main.py [1ms]
2024-09-22 10:36:45.651 [info] > git cat-file -s a0123ae93e5dfc0c54f7831d538f226692363dde [2ms]
2024-09-22 10:36:45.667 [info] > git show --textconv :src/main.py [1ms]
2024-09-22 10:36:48.962 [info] > git log --oneline --cherry main...main@{upstream} -- [6ms]
2024-09-22 10:36:49.479 [info] > git pull --tags origin main [500ms]
2024-09-22 10:36:49.479 [info] From https://github.com/Jersonp0527/ppi_dai_PEMBERTHYjer
 * branch            main       -> FETCH_HEAD
2024-09-22 10:36:50.403 [info] > git push origin main:main [916ms]
2024-09-22 10:36:50.403 [info] /bin/sh: warning: setlocale: LC_ALL: cannot change locale (en_US.UTF-8): No such file or directory
/bin/sh: warning: setlocale: LC_ALL: cannot change locale (en_US.UTF-8): No such file or directory
To https://github.com/Jersonp0527/ppi_dai_PEMBERTHYjer
   f6ae697..d738ea8  main -> main
2024-09-22 10:36:50.434 [info] > git config --get commit.template [14ms]
2024-09-22 10:36:50.435 [info] > git for-each-ref --format=%(refname)%00%(upstream:short)%00%(objectname)%00%(upstream:track)%00%(upstream:remotename)%00%(upstream:remoteref) refs/heads/main refs/remotes/main [2ms]
2024-09-22 10:36:50.450 [info] > git status -z -uall [2ms]
2024-09-22 10:36:50.472 [info] > git for-each-ref --format=%(refname)%00%(upstream:short)%00%(objectname)%00%(upstream:track)%00%(upstream:remotename)%00%(upstream:remoteref) refs/heads/main refs/remotes/main [6ms]
2024-09-22 10:36:50.488 [info] > git config --local branch.main.vscode-merge-base [2ms]
2024-09-22 10:36:50.503 [info] > git for-each-ref --format=%(refname)%00%(upstream:short)%00%(objectname)%00%(upstream:track)%00%(upstream:remotename)%00%(upstream:remoteref) refs/heads/origin/main refs/remotes/origin/main [1ms]
2024-09-22 10:36:50.525 [info] > git merge-base refs/heads/main refs/remotes/origin/main [4ms]
2024-09-22 10:36:50.556 [info] > git rev-list --count --left-right refs/heads/main...refs/remotes/origin/main [19ms]
2024-09-22 10:36:50.585 [info] > git diff --name-status -z --diff-filter=ADMR d738ea8fb63b0d14ddab9a6ce4a79d80c6dce8b8...refs/remotes/origin/main [2ms]
2024-09-22 10:36:50.586 [info] > git log --format=%H%n%aN%n%aE%n%at%n%ct%n%P%n%D%n%B -z --shortstat --diff-merges=first-parent -n50 --skip=0 --topo-order --decorate=full d738ea8fb63b0d14ddab9a6ce4a79d80c6dce8b8 [31ms]
2024-09-22 10:36:51.556 [info] > git config --get commit.template [7ms]
2024-09-22 10:36:51.569 [info] > git for-each-ref --format=%(refname)%00%(upstream:short)%00%(objectname)%00%(upstream:track)%00%(upstream:remotename)%00%(upstream:remoteref) refs/heads/main refs/remotes/main [2ms]
2024-09-22 10:36:51.583 [info] > git status -z -uall [5ms]
2024-09-22 10:36:51.605 [info] > git for-each-ref --format=%(refname)%00%(upstream:short)%00%(objectname)%00%(upstream:track)%00%(upstream:remotename)%00%(upstream:remoteref) refs/heads/main refs/remotes/main [6ms]
2024-09-22 10:36:51.622 [info] > git config --local branch.main.vscode-merge-base [2ms]
2024-09-22 10:36:51.636 [info] > git for-each-ref --format=%(refname)%00%(upstream:short)%00%(objectname)%00%(upstream:track)%00%(upstream:remotename)%00%(upstream:remoteref) refs/heads/origin/main refs/remotes/origin/main [1ms]
2024-09-22 10:36:51.664 [info] > git ls-files --stage -- /home/exodus/Documents/PPI/ppi_dai_PEMBERTHYjer/src/main.py [5ms]
2024-09-22 10:36:51.673 [info] > git cat-file -s a0123ae93e5dfc0c54f7831d538f226692363dde [1ms]
2024-09-22 10:36:51.687 [info] > git show --textconv :src/main.py [2ms]
2024-09-22 10:38:00.573 [info] > git fetch [389ms]
2024-09-22 10:38:00.588 [info] > git config --get commit.template [9ms]
2024-09-22 10:38:00.589 [info] > git for-each-ref --format=%(refname)%00%(upstream:short)%00%(objectname)%00%(upstream:track)%00%(upstream:remotename)%00%(upstream:remoteref) refs/heads/main refs/remotes/main [3ms]
2024-09-22 10:38:00.597 [info] > git status -z -uall [2ms]
2024-09-22 10:38:00.611 [info] > git for-each-ref --format=%(refname)%00%(upstream:short)%00%(objectname)%00%(upstream:track)%00%(upstream:remotename)%00%(upstream:remoteref) refs/heads/main refs/remotes/main [2ms]
2024-09-22 10:38:00.624 [info] > git config --local branch.main.vscode-merge-base [3ms]
2024-09-22 10:38:00.634 [info] > git for-each-ref --format=%(refname)%00%(upstream:short)%00%(objectname)%00%(upstream:track)%00%(upstream:remotename)%00%(upstream:remoteref) refs/heads/origin/main refs/remotes/origin/main [2ms]
2024-09-22 10:38:01.721 [info] > git config --get commit.template [16ms]
2024-09-22 10:38:01.725 [info] > git for-each-ref --format=%(refname)%00%(upstream:short)%00%(objectname)%00%(upstream:track)%00%(upstream:remotename)%00%(upstream:remoteref) refs/heads/main refs/remotes/main [7ms]
2024-09-22 10:38:01.739 [info] > git status -z -uall [1ms]
2024-09-22 10:38:01.755 [info] > git for-each-ref --format=%(refname)%00%(upstream:short)%00%(objectname)%00%(upstream:track)%00%(upstream:remotename)%00%(upstream:remoteref) refs/heads/main refs/remotes/main [4ms]
2024-09-22 10:38:01.768 [info] > git config --local branch.main.vscode-merge-base [1ms]
2024-09-22 10:38:01.781 [info] > git for-each-ref --format=%(refname)%00%(upstream:short)%00%(objectname)%00%(upstream:track)%00%(upstream:remotename)%00%(upstream:remoteref) refs/heads/origin/main refs/remotes/origin/main [2ms]
2024-09-22 10:38:01.810 [info] > git ls-files --stage -- /home/exodus/Documents/PPI/ppi_dai_PEMBERTHYjer/src/main.py [5ms]
2024-09-22 10:38:01.818 [info] > git cat-file -s a0123ae93e5dfc0c54f7831d538f226692363dde [2ms]
2024-09-22 10:38:01.832 [info] > git show --textconv :src/main.py [2ms]
2024-09-22 10:40:14.799 [info] > git show --textconv :src/explore.py [7ms]
2024-09-22 10:40:14.800 [info] > git ls-files --stage -- /home/exodus/Documents/PPI/ppi_dai_PEMBERTHYjer/src/explore.py [2ms]
2024-09-22 10:40:14.809 [info] > git cat-file -s 3b65a92edcd30ab6d050a4bd35950dc41b9167ca [3ms]
2024-09-22 10:40:20.066 [info] > git show --textconv :src/main.py [9ms]
2024-09-22 10:40:20.067 [info] > git ls-files --stage -- /home/exodus/Documents/PPI/ppi_dai_PEMBERTHYjer/src/main.py [2ms]
2024-09-22 10:40:20.074 [info] > git cat-file -s a0123ae93e5dfc0c54f7831d538f226692363dde [1ms]
2024-09-22 10:40:41.215 [info] > git config --get commit.template [4ms]
2024-09-22 10:40:41.231 [info] > git for-each-ref --format=%(refname)%00%(upstream:short)%00%(objectname)%00%(upstream:track)%00%(upstream:remotename)%00%(upstream:remoteref) refs/heads/main refs/remotes/main [3ms]
2024-09-22 10:40:41.240 [info] > git status -z -uall [2ms]
2024-09-22 10:40:41.254 [info] > git for-each-ref --format=%(refname)%00%(upstream:short)%00%(objectname)%00%(upstream:track)%00%(upstream:remotename)%00%(upstream:remoteref) refs/heads/main refs/remotes/main [4ms]
2024-09-22 10:40:41.270 [info] > git config --local branch.main.vscode-merge-base [2ms]
2024-09-22 10:40:41.286 [info] > git for-each-ref --format=%(refname)%00%(upstream:short)%00%(objectname)%00%(upstream:track)%00%(upstream:remotename)%00%(upstream:remoteref) refs/heads/origin/main refs/remotes/origin/main [8ms]
2024-09-22 10:41:01.077 [info] > git fetch [448ms]
2024-09-22 10:41:01.093 [info] > git config --get commit.template [10ms]
2024-09-22 10:41:01.094 [info] > git for-each-ref --format=%(refname)%00%(upstream:short)%00%(objectname)%00%(upstream:track)%00%(upstream:remotename)%00%(upstream:remoteref) refs/heads/main refs/remotes/main [3ms]
2024-09-22 10:41:01.102 [info] > git status -z -uall [2ms]
2024-09-22 10:41:01.114 [info] > git for-each-ref --format=%(refname)%00%(upstream:short)%00%(objectname)%00%(upstream:track)%00%(upstream:remotename)%00%(upstream:remoteref) refs/heads/main refs/remotes/main [2ms]
2024-09-22 10:41:01.123 [info] > git config --local branch.main.vscode-merge-base [2ms]
2024-09-22 10:41:01.133 [info] > git for-each-ref --format=%(refname)%00%(upstream:short)%00%(objectname)%00%(upstream:track)%00%(upstream:remotename)%00%(upstream:remoteref) refs/heads/origin/main refs/remotes/origin/main [2ms]
2024-09-22 10:41:02.560 [info] > git add -A -- . [7ms]
2024-09-22 10:41:02.586 [info] > git -c user.useConfigOnly=true commit --quiet --allow-empty-message --file - [14ms]
2024-09-22 10:41:02.602 [info] > git config --get commit.template [2ms]
2024-09-22 10:41:02.621 [info] > git config --get commit.template [2ms]
2024-09-22 10:41:02.653 [info] > git for-each-ref --format=%(refname)%00%(upstream:short)%00%(objectname)%00%(upstream:track)%00%(upstream:remotename)%00%(upstream:remoteref) refs/heads/main refs/remotes/main [19ms]
2024-09-22 10:41:02.656 [info] > git ls-files --stage -- /home/exodus/Documents/PPI/ppi_dai_PEMBERTHYjer/src/main.py [3ms]
2024-09-22 10:41:02.687 [info] > git cat-file -s 66d0810bb0232fb481b5bdcf1e37068c617eab94 [4ms]
2024-09-22 10:41:02.738 [info] > git status -z -uall [20ms]
2024-09-22 10:41:02.786 [info] > git show --textconv :src/main.py [48ms]
2024-09-22 10:41:02.787 [info] > git for-each-ref --format=%(refname)%00%(upstream:short)%00%(objectname)%00%(upstream:track)%00%(upstream:remotename)%00%(upstream:remoteref) refs/heads/main refs/remotes/main [31ms]
2024-09-22 10:41:02.805 [info] > git config --get commit.template [20ms]
2024-09-22 10:41:02.805 [info] > git config --local branch.main.vscode-merge-base [3ms]
2024-09-22 10:41:02.834 [info] > git for-each-ref --format=%(refname)%00%(upstream:short)%00%(objectname)%00%(upstream:track)%00%(upstream:remotename)%00%(upstream:remoteref) refs/heads/origin/main refs/remotes/origin/main [16ms]
2024-09-22 10:41:02.852 [info] > git for-each-ref --format=%(refname)%00%(upstream:short)%00%(objectname)%00%(upstream:track)%00%(upstream:remotename)%00%(upstream:remoteref) refs/heads/main refs/remotes/main [22ms]
2024-09-22 10:41:02.853 [info] > git merge-base refs/heads/main refs/remotes/origin/main [7ms]
2024-09-22 10:41:02.879 [info] > git rev-list --count --left-right refs/heads/main...refs/remotes/origin/main [14ms]
2024-09-22 10:41:02.902 [info] > git status -z -uall [26ms]
2024-09-22 10:41:02.903 [info] > git diff --name-status -z --diff-filter=ADMR d738ea8fb63b0d14ddab9a6ce4a79d80c6dce8b8...refs/remotes/origin/main [7ms]
2024-09-22 10:41:02.972 [info] > git for-each-ref --format=%(refname)%00%(upstream:short)%00%(objectname)%00%(upstream:track)%00%(upstream:remotename)%00%(upstream:remoteref) refs/heads/main refs/remotes/main [51ms]
2024-09-22 10:41:03.007 [info] > git config --local branch.main.vscode-merge-base [22ms]
2024-09-22 10:41:03.020 [info] > git config --get commit.template [48ms]
2024-09-22 10:41:03.027 [info] > git for-each-ref --format=%(refname)%00%(upstream:short)%00%(objectname)%00%(upstream:track)%00%(upstream:remotename)%00%(upstream:remoteref) refs/heads/origin/main refs/remotes/origin/main [8ms]
2024-09-22 10:41:03.052 [info] > git log --format=%H%n%aN%n%aE%n%at%n%ct%n%P%n%D%n%B -z --shortstat --diff-merges=first-parent -n50 --skip=0 --topo-order --decorate=full 3f7ac1f161647f34c5b5a28f545e410720b11a63 d738ea8fb63b0d14ddab9a6ce4a79d80c6dce8b8 [49ms]
2024-09-22 10:41:03.054 [info] > git for-each-ref --format=%(refname)%00%(upstream:short)%00%(objectname)%00%(upstream:track)%00%(upstream:remotename)%00%(upstream:remoteref) refs/heads/main refs/remotes/main [6ms]
2024-09-22 10:41:03.097 [info] > git status -z -uall [9ms]
2024-09-22 10:41:03.131 [info] > git for-each-ref --format=%(refname)%00%(upstream:short)%00%(objectname)%00%(upstream:track)%00%(upstream:remotename)%00%(upstream:remoteref) refs/heads/main refs/remotes/main [12ms]
2024-09-22 10:41:03.163 [info] > git config --local branch.main.vscode-merge-base [6ms]
2024-09-22 10:41:03.198 [info] > git for-each-ref --format=%(refname)%00%(upstream:short)%00%(objectname)%00%(upstream:track)%00%(upstream:remotename)%00%(upstream:remoteref) refs/heads/origin/main refs/remotes/origin/main [12ms]
2024-09-22 10:41:03.768 [info] > git ls-files --stage -- /home/exodus/Documents/PPI/ppi_dai_PEMBERTHYjer/src/main.py [1ms]
2024-09-22 10:41:03.776 [info] > git cat-file -s 66d0810bb0232fb481b5bdcf1e37068c617eab94 [2ms]
2024-09-22 10:41:03.790 [info] > git show --textconv :src/main.py [1ms]
2024-09-22 10:41:29.170 [info] > git log --oneline --cherry main...main@{upstream} -- [2ms]
2024-09-22 10:41:29.609 [info] > git pull --tags origin main [428ms]
2024-09-22 10:41:29.609 [info] From https://github.com/Jersonp0527/ppi_dai_PEMBERTHYjer
 * branch            main       -> FETCH_HEAD
2024-09-22 10:41:30.434 [info] > git push origin main:main [815ms]
2024-09-22 10:41:30.434 [info] /bin/sh: warning: setlocale: LC_ALL: cannot change locale (en_US.UTF-8): No such file or directory
/bin/sh: warning: setlocale: LC_ALL: cannot change locale (en_US.UTF-8): No such file or directory
To https://github.com/Jersonp0527/ppi_dai_PEMBERTHYjer
   d738ea8..3f7ac1f  main -> main
2024-09-22 10:41:30.454 [info] > git config --get commit.template [7ms]
2024-09-22 10:41:30.455 [info] > git for-each-ref --format=%(refname)%00%(upstream:short)%00%(objectname)%00%(upstream:track)%00%(upstream:remotename)%00%(upstream:remoteref) refs/heads/main refs/remotes/main [2ms]
2024-09-22 10:41:30.470 [info] > git status -z -uall [3ms]
2024-09-22 10:41:30.501 [info] > git for-each-ref --format=%(refname)%00%(upstream:short)%00%(objectname)%00%(upstream:track)%00%(upstream:remotename)%00%(upstream:remoteref) refs/heads/main refs/remotes/main [14ms]
2024-09-22 10:41:30.531 [info] > git config --local branch.main.vscode-merge-base [7ms]
2024-09-22 10:41:30.553 [info] > git for-each-ref --format=%(refname)%00%(upstream:short)%00%(objectname)%00%(upstream:track)%00%(upstream:remotename)%00%(upstream:remoteref) refs/heads/origin/main refs/remotes/origin/main [3ms]
2024-09-22 10:41:30.571 [info] > git merge-base refs/heads/main refs/remotes/origin/main [4ms]
2024-09-22 10:41:30.604 [info] > git rev-list --count --left-right refs/heads/main...refs/remotes/origin/main [16ms]
2024-09-22 10:41:30.632 [info] > git log --format=%H%n%aN%n%aE%n%at%n%ct%n%P%n%D%n%B -z --shortstat --diff-merges=first-parent -n50 --skip=0 --topo-order --decorate=full 3f7ac1f161647f34c5b5a28f545e410720b11a63 [29ms]
2024-09-22 10:41:30.635 [info] > git diff --name-status -z --diff-filter=ADMR 3f7ac1f161647f34c5b5a28f545e410720b11a63...refs/remotes/origin/main [7ms]
2024-09-22 10:41:31.587 [info] > git config --get commit.template [4ms]
2024-09-22 10:41:31.603 [info] > git for-each-ref --format=%(refname)%00%(upstream:short)%00%(objectname)%00%(upstream:track)%00%(upstream:remotename)%00%(upstream:remoteref) refs/heads/main refs/remotes/main [2ms]
2024-09-22 10:41:31.618 [info] > git status -z -uall [3ms]
2024-09-22 10:41:31.637 [info] > git for-each-ref --format=%(refname)%00%(upstream:short)%00%(objectname)%00%(upstream:track)%00%(upstream:remotename)%00%(upstream:remoteref) refs/heads/main refs/remotes/main [8ms]
2024-09-22 10:41:31.654 [info] > git config --local branch.main.vscode-merge-base [2ms]
2024-09-22 10:41:31.680 [info] > git for-each-ref --format=%(refname)%00%(upstream:short)%00%(objectname)%00%(upstream:track)%00%(upstream:remotename)%00%(upstream:remoteref) refs/heads/origin/main refs/remotes/origin/main [3ms]
2024-09-22 10:41:31.705 [info] > git ls-files --stage -- /home/exodus/Documents/PPI/ppi_dai_PEMBERTHYjer/src/main.py [2ms]
2024-09-22 10:41:31.728 [info] > git cat-file -s 66d0810bb0232fb481b5bdcf1e37068c617eab94 [4ms]
2024-09-22 10:41:31.753 [info] > git show --textconv :src/main.py [2ms]
2024-09-22 10:41:48.515 [info] > git show --textconv :src/explore.py [9ms]
2024-09-22 10:41:48.516 [info] > git ls-files --stage -- /home/exodus/Documents/PPI/ppi_dai_PEMBERTHYjer/src/explore.py [2ms]
2024-09-22 10:41:48.523 [info] > git cat-file -s 3b65a92edcd30ab6d050a4bd35950dc41b9167ca [2ms]
2024-09-22 10:41:58.434 [info] > git show --textconv :src/main.py [6ms]
2024-09-22 10:41:58.435 [info] > git ls-files --stage -- /home/exodus/Documents/PPI/ppi_dai_PEMBERTHYjer/src/main.py [1ms]
2024-09-22 10:41:58.443 [info] > git cat-file -s 66d0810bb0232fb481b5bdcf1e37068c617eab94 [2ms]
2024-09-22 10:42:00.058 [info] > git show --textconv :src/explore.py [8ms]
2024-09-22 10:42:00.059 [info] > git ls-files --stage -- /home/exodus/Documents/PPI/ppi_dai_PEMBERTHYjer/src/explore.py [2ms]
2024-09-22 10:42:00.066 [info] > git cat-file -s 3b65a92edcd30ab6d050a4bd35950dc41b9167ca [1ms]
2024-09-22 10:42:03.446 [info] > git show --textconv :src/saved.py [6ms]
2024-09-22 10:42:03.447 [info] > git ls-files --stage -- /home/exodus/Documents/PPI/ppi_dai_PEMBERTHYjer/src/saved.py [1ms]
2024-09-22 10:42:03.454 [info] > git cat-file -s f5a32b1df17eafe258f4bbe90b7f4d2700a1c8e6 [2ms]
2024-09-22 10:42:06.635 [info] > git show --textconv :src/main.py [8ms]
2024-09-22 10:42:06.636 [info] > git ls-files --stage -- /home/exodus/Documents/PPI/ppi_dai_PEMBERTHYjer/src/main.py [2ms]
2024-09-22 10:42:06.644 [info] > git cat-file -s 66d0810bb0232fb481b5bdcf1e37068c617eab94 [2ms]
2024-09-22 10:47:31.028 [info] > git fetch [476ms]
2024-09-22 10:47:31.046 [info] > git config --get commit.template [6ms]
2024-09-22 10:47:31.046 [info] > git for-each-ref --format=%(refname)%00%(upstream:short)%00%(objectname)%00%(upstream:track)%00%(upstream:remotename)%00%(upstream:remoteref) refs/heads/main refs/remotes/main [1ms]
2024-09-22 10:47:31.056 [info] > git status -z -uall [2ms]
2024-09-22 10:47:31.067 [info] > git for-each-ref --format=%(refname)%00%(upstream:short)%00%(objectname)%00%(upstream:track)%00%(upstream:remotename)%00%(upstream:remoteref) refs/heads/main refs/remotes/main [3ms]
2024-09-22 10:47:31.076 [info] > git config --local branch.main.vscode-merge-base [2ms]
2024-09-22 10:47:31.086 [info] > git for-each-ref --format=%(refname)%00%(upstream:short)%00%(objectname)%00%(upstream:track)%00%(upstream:remotename)%00%(upstream:remoteref) refs/heads/origin/main refs/remotes/origin/main [3ms]
2024-09-22 10:47:32.174 [info] > git config --get commit.template [19ms]
2024-09-22 10:47:32.175 [info] > git for-each-ref --format=%(refname)%00%(upstream:short)%00%(objectname)%00%(upstream:track)%00%(upstream:remotename)%00%(upstream:remoteref) refs/heads/main refs/remotes/main [2ms]
2024-09-22 10:47:32.190 [info] > git status -z -uall [2ms]
2024-09-22 10:47:32.217 [info] > git for-each-ref --format=%(refname)%00%(upstream:short)%00%(objectname)%00%(upstream:track)%00%(upstream:remotename)%00%(upstream:remoteref) refs/heads/main refs/remotes/main [11ms]
2024-09-22 10:47:32.228 [info] > git config --local branch.main.vscode-merge-base [2ms]
2024-09-22 10:47:32.244 [info] > git for-each-ref --format=%(refname)%00%(upstream:short)%00%(objectname)%00%(upstream:track)%00%(upstream:remotename)%00%(upstream:remoteref) refs/heads/origin/main refs/remotes/origin/main [2ms]
2024-09-22 10:47:32.269 [info] > git ls-files --stage -- /home/exodus/Documents/PPI/ppi_dai_PEMBERTHYjer/src/main.py [3ms]
2024-09-22 10:47:32.283 [info] > git cat-file -s 66d0810bb0232fb481b5bdcf1e37068c617eab94 [1ms]
2024-09-22 10:47:32.300 [info] > git show --textconv :src/main.py [5ms]
2024-09-22 10:50:31.475 [info] > git fetch [394ms]
2024-09-22 10:50:31.493 [info] > git config --get commit.template [11ms]
2024-09-22 10:50:31.494 [info] > git for-each-ref --format=%(refname)%00%(upstream:short)%00%(objectname)%00%(upstream:track)%00%(upstream:remotename)%00%(upstream:remoteref) refs/heads/main refs/remotes/main [2ms]
2024-09-22 10:50:31.502 [info] > git status -z -uall [2ms]
2024-09-22 10:50:31.513 [info] > git for-each-ref --format=%(refname)%00%(upstream:short)%00%(objectname)%00%(upstream:track)%00%(upstream:remotename)%00%(upstream:remoteref) refs/heads/main refs/remotes/main [2ms]
2024-09-22 10:50:31.529 [info] > git config --local branch.main.vscode-merge-base [5ms]
2024-09-22 10:50:31.545 [info] > git for-each-ref --format=%(refname)%00%(upstream:short)%00%(objectname)%00%(upstream:track)%00%(upstream:remotename)%00%(upstream:remoteref) refs/heads/origin/main refs/remotes/origin/main [3ms]
2024-09-22 10:50:32.616 [info] > git config --get commit.template [3ms]
2024-09-22 10:50:32.627 [info] > git for-each-ref --format=%(refname)%00%(upstream:short)%00%(objectname)%00%(upstream:track)%00%(upstream:remotename)%00%(upstream:remoteref) refs/heads/main refs/remotes/main [5ms]
2024-09-22 10:50:32.638 [info] > git status -z -uall [2ms]
2024-09-22 10:50:32.668 [info] > git for-each-ref --format=%(refname)%00%(upstream:short)%00%(objectname)%00%(upstream:track)%00%(upstream:remotename)%00%(upstream:remoteref) refs/heads/main refs/remotes/main [6ms]
2024-09-22 10:50:32.687 [info] > git config --local branch.main.vscode-merge-base [3ms]
2024-09-22 10:50:32.710 [info] > git for-each-ref --format=%(refname)%00%(upstream:short)%00%(objectname)%00%(upstream:track)%00%(upstream:remotename)%00%(upstream:remoteref) refs/heads/origin/main refs/remotes/origin/main [4ms]
2024-09-22 10:50:32.730 [info] > git ls-files --stage -- /home/exodus/Documents/PPI/ppi_dai_PEMBERTHYjer/src/main.py [2ms]
2024-09-22 10:50:32.746 [info] > git cat-file -s 66d0810bb0232fb481b5bdcf1e37068c617eab94 [4ms]
2024-09-22 10:50:32.766 [info] > git show --textconv :src/main.py [5ms]
2024-09-22 10:53:31.955 [info] > git fetch [434ms]
2024-09-22 10:53:31.984 [info] > git config --get commit.template [10ms]
2024-09-22 10:53:32.008 [info] > git for-each-ref --format=%(refname)%00%(upstream:short)%00%(objectname)%00%(upstream:track)%00%(upstream:remotename)%00%(upstream:remoteref) refs/heads/main refs/remotes/main [1ms]
2024-09-22 10:53:32.028 [info] > git status -z -uall [3ms]
2024-09-22 10:53:32.065 [info] > git for-each-ref --format=%(refname)%00%(upstream:short)%00%(objectname)%00%(upstream:track)%00%(upstream:remotename)%00%(upstream:remoteref) refs/heads/main refs/remotes/main [14ms]
2024-09-22 10:53:32.089 [info] > git config --local branch.main.vscode-merge-base [0ms]
2024-09-22 10:53:32.106 [info] > git for-each-ref --format=%(refname)%00%(upstream:short)%00%(objectname)%00%(upstream:track)%00%(upstream:remotename)%00%(upstream:remoteref) refs/heads/origin/main refs/remotes/origin/main [2ms]
2024-09-22 10:53:33.128 [info] > git config --get commit.template [9ms]
2024-09-22 10:53:33.130 [info] > git for-each-ref --format=%(refname)%00%(upstream:short)%00%(objectname)%00%(upstream:track)%00%(upstream:remotename)%00%(upstream:remoteref) refs/heads/main refs/remotes/main [5ms]
2024-09-22 10:53:33.146 [info] > git status -z -uall [6ms]
2024-09-22 10:53:33.164 [info] > git for-each-ref --format=%(refname)%00%(upstream:short)%00%(objectname)%00%(upstream:track)%00%(upstream:remotename)%00%(upstream:remoteref) refs/heads/main refs/remotes/main [2ms]
2024-09-22 10:53:33.179 [info] > git config --local branch.main.vscode-merge-base [1ms]
2024-09-22 10:53:33.203 [info] > git for-each-ref --format=%(refname)%00%(upstream:short)%00%(objectname)%00%(upstream:track)%00%(upstream:remotename)%00%(upstream:remoteref) refs/heads/origin/main refs/remotes/origin/main [6ms]
2024-09-22 10:53:33.226 [info] > git ls-files --stage -- /home/exodus/Documents/PPI/ppi_dai_PEMBERTHYjer/src/main.py [3ms]
2024-09-22 10:53:33.241 [info] > git cat-file -s 66d0810bb0232fb481b5bdcf1e37068c617eab94 [2ms]
2024-09-22 10:53:33.263 [info] > git show --textconv :src/main.py [4ms]
2024-09-22 10:56:05.626 [info] > git show --textconv :src/explore.py [8ms]
2024-09-22 10:56:05.627 [info] > git ls-files --stage -- /home/exodus/Documents/PPI/ppi_dai_PEMBERTHYjer/src/explore.py [2ms]
2024-09-22 10:56:05.634 [info] > git cat-file -s 3b65a92edcd30ab6d050a4bd35950dc41b9167ca [2ms]
2024-09-22 10:56:07.061 [info] > git show --textconv :src/main.py [27ms]
2024-09-22 10:56:07.062 [info] > git ls-files --stage -- /home/exodus/Documents/PPI/ppi_dai_PEMBERTHYjer/src/main.py [2ms]
2024-09-22 10:56:07.079 [info] > git cat-file -s 66d0810bb0232fb481b5bdcf1e37068c617eab94 [2ms]
2024-09-22 10:56:32.504 [info] > git fetch [439ms]
2024-09-22 10:56:32.518 [info] > git config --get commit.template [2ms]
2024-09-22 10:56:32.528 [info] > git for-each-ref --format=%(refname)%00%(upstream:short)%00%(objectname)%00%(upstream:track)%00%(upstream:remotename)%00%(upstream:remoteref) refs/heads/main refs/remotes/main [2ms]
2024-09-22 10:56:32.542 [info] > git status -z -uall [2ms]
2024-09-22 10:56:32.564 [info] > git for-each-ref --format=%(refname)%00%(upstream:short)%00%(objectname)%00%(upstream:track)%00%(upstream:remotename)%00%(upstream:remoteref) refs/heads/main refs/remotes/main [5ms]
2024-09-22 10:56:32.574 [info] > git config --local branch.main.vscode-merge-base [2ms]
2024-09-22 10:56:32.582 [info] > git for-each-ref --format=%(refname)%00%(upstream:short)%00%(objectname)%00%(upstream:track)%00%(upstream:remotename)%00%(upstream:remoteref) refs/heads/origin/main refs/remotes/origin/main [2ms]
2024-09-22 10:56:33.644 [info] > git config --get commit.template [7ms]
2024-09-22 10:56:33.645 [info] > git for-each-ref --format=%(refname)%00%(upstream:short)%00%(objectname)%00%(upstream:track)%00%(upstream:remotename)%00%(upstream:remoteref) refs/heads/main refs/remotes/main [2ms]
2024-09-22 10:56:33.654 [info] > git status -z -uall [2ms]
2024-09-22 10:56:33.665 [info] > git for-each-ref --format=%(refname)%00%(upstream:short)%00%(objectname)%00%(upstream:track)%00%(upstream:remotename)%00%(upstream:remoteref) refs/heads/main refs/remotes/main [3ms]
2024-09-22 10:56:33.673 [info] > git config --local branch.main.vscode-merge-base [1ms]
2024-09-22 10:56:33.681 [info] > git for-each-ref --format=%(refname)%00%(upstream:short)%00%(objectname)%00%(upstream:track)%00%(upstream:remotename)%00%(upstream:remoteref) refs/heads/origin/main refs/remotes/origin/main [1ms]
2024-09-22 10:56:33.769 [info] > git ls-files --stage -- /home/exodus/Documents/PPI/ppi_dai_PEMBERTHYjer/src/main.py [1ms]
2024-09-22 10:56:33.776 [info] > git cat-file -s 66d0810bb0232fb481b5bdcf1e37068c617eab94 [1ms]
2024-09-22 10:56:33.787 [info] > git show --textconv :src/main.py [2ms]
2024-09-22 10:57:13.156 [info] > git log --format=%H%n%aN%n%aE%n%at%n%ct%n%P%n%D%n%B -z --shortstat --diff-merges=first-parent -n50 --skip=0 --topo-order --decorate=full 3f7ac1f161647f34c5b5a28f545e410720b11a63 [20ms]
2024-09-22 10:57:13.236 [info] > git log --format=%H%n%aN%n%aE%n%at%n%ct%n%P%n%D%n%B -z --shortstat --diff-merges=first-parent -n50 --skip=0 --topo-order --decorate=full 3f7ac1f161647f34c5b5a28f545e410720b11a63 [26ms]
2024-09-22 10:57:15.057 [info] > git log --format=%H%n%aN%n%aE%n%at%n%ct%n%P%n%D%n%B -z --shortstat --diff-merges=first-parent -n50 --skip=0 --topo-order --decorate=full 3f7ac1f161647f34c5b5a28f545e410720b11a63 [17ms]
2024-09-22 10:57:15.160 [info] > git log --format=%H%n%aN%n%aE%n%at%n%ct%n%P%n%D%n%B -z --shortstat --diff-merges=first-parent -n50 --skip=0 --topo-order --decorate=full 3f7ac1f161647f34c5b5a28f545e410720b11a63 [20ms]
2024-09-22 10:57:20.145 [info] > git show --textconv :src/main.py [12ms]
2024-09-22 10:57:20.148 [info] > git ls-files --stage -- /home/exodus/Documents/PPI/ppi_dai_PEMBERTHYjer/src/main.py [4ms]
2024-09-22 10:57:20.158 [info] > git cat-file -s 66d0810bb0232fb481b5bdcf1e37068c617eab94 [3ms]
