2024-09-22 10:57:36.621 [info] [main] Nivel de registro: Info
2024-09-22 10:57:36.621 [info] [main] Validando git encontrado en: "git"
2024-09-22 10:57:36.621 [info] [main] Usando git "2.46.1" de "git"
2024-09-22 10:57:36.621 [info] [Model][doInitialScan] Initial repository scan started
2024-09-22 10:57:36.621 [info] > git rev-parse --show-toplevel [23ms]
2024-09-22 10:57:36.621 [info] > git rev-parse --git-dir --git-common-dir [197ms]
2024-09-22 10:57:36.621 [info] [Model][openRepository] Opened repository: /home/exodus/Documents/PPI/ppi_dai_PEMBERTHYjer
2024-09-22 10:57:36.669 [info] > git rev-parse --show-toplevel [123ms]
2024-09-22 10:57:36.674 [info] > git config --get commit.template [213ms]
2024-09-22 10:57:36.676 [info] > git fetch [713ms]
2024-09-22 10:57:36.880 [info] > git check-ignore -v -z --stdin [162ms]
2024-09-22 10:57:36.887 [info] > git config --get commit.template [57ms]
2024-09-22 10:57:36.888 [info] > git rev-parse --show-toplevel [106ms]
2024-09-22 10:57:36.962 [info] > git for-each-ref --format=%(refname)%00%(upstream:short)%00%(objectname)%00%(upstream:track)%00%(upstream:remotename)%00%(upstream:remoteref) refs/heads/main refs/remotes/main [89ms]
2024-09-22 10:57:36.977 [info] > git rev-parse --show-toplevel [56ms]
2024-09-22 10:57:36.981 [info] > git for-each-ref --format=%(refname)%00%(upstream:short)%00%(objectname)%00%(upstream:track)%00%(upstream:remotename)%00%(upstream:remoteref) refs/heads/main refs/remotes/main [8ms]
2024-09-22 10:57:37.036 [info] > git rev-parse --show-toplevel [26ms]
2024-09-22 10:57:37.087 [info] > git rev-parse --show-toplevel [16ms]
2024-09-22 10:57:37.089 [info] [Model][doInitialScan] Initial repository scan completed - repositories (1), closed repositories (0), parent repositories (0), unsafe repositories (0)
2024-09-22 10:57:37.090 [info] > git config --get commit.template [36ms]
2024-09-22 10:57:37.151 [info] > git for-each-ref --format=%(refname)%00%(upstream:short)%00%(objectname)%00%(upstream:track)%00%(upstream:remotename)%00%(upstream:remoteref) refs/heads/main refs/remotes/main [41ms]
2024-09-22 10:57:37.224 [info] > git status -z -uall [10ms]
2024-09-22 10:57:37.281 [info] > git for-each-ref --format=%(refname)%00%(upstream:short)%00%(objectname)%00%(upstream:track)%00%(upstream:remotename)%00%(upstream:remoteref) refs/heads/main refs/remotes/main [35ms]
2024-09-22 10:57:37.325 [info] > git config --local branch.main.vscode-merge-base [3ms]
2024-09-22 10:57:37.368 [info] > git for-each-ref --format=%(refname)%00%(upstream:short)%00%(objectname)%00%(upstream:track)%00%(upstream:remotename)%00%(upstream:remoteref) refs/heads/origin/main refs/remotes/origin/main [11ms]
2024-09-22 10:57:37.466 [info] > git check-ignore -v -z --stdin [8ms]
2024-09-22 10:57:37.474 [info] > git merge-base refs/heads/main refs/remotes/origin/main [54ms]
2024-09-22 10:57:37.538 [info] > git rev-list --count --left-right refs/heads/main...refs/remotes/origin/main [20ms]
2024-09-22 10:57:37.557 [info] > git diff --name-status -z --diff-filter=ADMR 3f7ac1f161647f34c5b5a28f545e410720b11a63...refs/remotes/origin/main [3ms]
2024-09-22 10:57:38.396 [info] > git show --textconv :src/main.py [114ms]
2024-09-22 10:57:38.397 [info] > git ls-files --stage -- /home/exodus/Documents/PPI/ppi_dai_PEMBERTHYjer/src/main.py [4ms]
2024-09-22 10:57:38.620 [info] > git cat-file -s 66d0810bb0232fb481b5bdcf1e37068c617eab94 [203ms]
2024-09-22 11:00:37.525 [info] > git fetch [432ms]
2024-09-22 11:00:37.545 [info] > git config --get commit.template [9ms]
2024-09-22 11:00:37.546 [info] > git for-each-ref --format=%(refname)%00%(upstream:short)%00%(objectname)%00%(upstream:track)%00%(upstream:remotename)%00%(upstream:remoteref) refs/heads/main refs/remotes/main [2ms]
2024-09-22 11:00:37.557 [info] > git status -z -uall [2ms]
2024-09-22 11:00:37.572 [info] > git for-each-ref --format=%(refname)%00%(upstream:short)%00%(objectname)%00%(upstream:track)%00%(upstream:remotename)%00%(upstream:remoteref) refs/heads/main refs/remotes/main [4ms]
2024-09-22 11:00:37.580 [info] > git config --local branch.main.vscode-merge-base [2ms]
2024-09-22 11:00:37.589 [info] > git for-each-ref --format=%(refname)%00%(upstream:short)%00%(objectname)%00%(upstream:track)%00%(upstream:remotename)%00%(upstream:remoteref) refs/heads/origin/main refs/remotes/origin/main [1ms]
2024-09-22 11:00:38.674 [info] > git config --get commit.template [9ms]
2024-09-22 11:00:38.675 [info] > git for-each-ref --format=%(refname)%00%(upstream:short)%00%(objectname)%00%(upstream:track)%00%(upstream:remotename)%00%(upstream:remoteref) refs/heads/main refs/remotes/main [2ms]
2024-09-22 11:00:38.686 [info] > git status -z -uall [3ms]
2024-09-22 11:00:38.704 [info] > git for-each-ref --format=%(refname)%00%(upstream:short)%00%(objectname)%00%(upstream:track)%00%(upstream:remotename)%00%(upstream:remoteref) refs/heads/main refs/remotes/main [5ms]
2024-09-22 11:00:38.716 [info] > git config --local branch.main.vscode-merge-base [2ms]
2024-09-22 11:00:38.727 [info] > git for-each-ref --format=%(refname)%00%(upstream:short)%00%(objectname)%00%(upstream:track)%00%(upstream:remotename)%00%(upstream:remoteref) refs/heads/origin/main refs/remotes/origin/main [2ms]
2024-09-22 11:00:38.764 [info] > git ls-files --stage -- /home/exodus/Documents/PPI/ppi_dai_PEMBERTHYjer/src/main.py [2ms]
2024-09-22 11:00:38.775 [info] > git cat-file -s 66d0810bb0232fb481b5bdcf1e37068c617eab94 [3ms]
2024-09-22 11:00:38.785 [info] > git show --textconv :src/main.py [2ms]
2024-09-22 11:11:05.172 [info] > git fetch [429ms]
2024-09-22 11:11:05.191 [info] > git config --get commit.template [8ms]
2024-09-22 11:11:05.191 [info] > git for-each-ref --format=%(refname)%00%(upstream:short)%00%(objectname)%00%(upstream:track)%00%(upstream:remotename)%00%(upstream:remoteref) refs/heads/main refs/remotes/main [1ms]
2024-09-22 11:11:05.206 [info] > git status -z -uall [2ms]
2024-09-22 11:11:05.223 [info] > git for-each-ref --format=%(refname)%00%(upstream:short)%00%(objectname)%00%(upstream:track)%00%(upstream:remotename)%00%(upstream:remoteref) refs/heads/main refs/remotes/main [3ms]
2024-09-22 11:11:05.237 [info] > git config --local branch.main.vscode-merge-base [3ms]
2024-09-22 11:11:05.251 [info] > git for-each-ref --format=%(refname)%00%(upstream:short)%00%(objectname)%00%(upstream:track)%00%(upstream:remotename)%00%(upstream:remoteref) refs/heads/origin/main refs/remotes/origin/main [4ms]
2024-09-22 11:11:06.318 [info] > git config --get commit.template [3ms]
2024-09-22 11:11:06.337 [info] > git for-each-ref --format=%(refname)%00%(upstream:short)%00%(objectname)%00%(upstream:track)%00%(upstream:remotename)%00%(upstream:remoteref) refs/heads/main refs/remotes/main [4ms]
2024-09-22 11:11:06.353 [info] > git status -z -uall [6ms]
2024-09-22 11:11:06.374 [info] > git for-each-ref --format=%(refname)%00%(upstream:short)%00%(objectname)%00%(upstream:track)%00%(upstream:remotename)%00%(upstream:remoteref) refs/heads/main refs/remotes/main [5ms]
2024-09-22 11:11:06.392 [info] > git config --local branch.main.vscode-merge-base [3ms]
2024-09-22 11:11:06.409 [info] > git for-each-ref --format=%(refname)%00%(upstream:short)%00%(objectname)%00%(upstream:track)%00%(upstream:remotename)%00%(upstream:remoteref) refs/heads/origin/main refs/remotes/origin/main [2ms]
2024-09-22 11:11:06.442 [info] > git ls-files --stage -- /home/exodus/Documents/PPI/ppi_dai_PEMBERTHYjer/src/main.py [1ms]
2024-09-22 11:11:06.465 [info] > git cat-file -s 66d0810bb0232fb481b5bdcf1e37068c617eab94 [4ms]
2024-09-22 11:11:06.486 [info] > git show --textconv :src/main.py [5ms]
2024-09-22 11:12:20.553 [info] > git show --textconv :src/main.py [0ms]
2024-09-22 11:12:20.578 [info] > git ls-files --stage -- /home/exodus/Documents/PPI/ppi_dai_PEMBERTHYjer/src/main.py [7ms]
2024-09-22 11:12:20.592 [info] > git cat-file -s 66d0810bb0232fb481b5bdcf1e37068c617eab94 [4ms]
2024-09-22 11:12:34.745 [info] [main] Nivel de registro: Info
2024-09-22 11:12:34.745 [info] [main] Validando git encontrado en: "git"
2024-09-22 11:12:34.745 [info] [main] Usando git "2.46.1" de "git"
2024-09-22 11:12:34.745 [info] [Model][doInitialScan] Initial repository scan started
2024-09-22 11:12:34.745 [info] > git rev-parse --show-toplevel [179ms]
2024-09-22 11:12:34.778 [info] > git rev-parse --git-dir --git-common-dir [7ms]
2024-09-22 11:12:34.839 [info] [Model][openRepository] Opened repository: /home/exodus/Documents/PPI/ppi_dai_PEMBERTHYjer
2024-09-22 11:12:34.954 [info] > git rev-parse --show-toplevel [49ms]
2024-09-22 11:12:34.958 [info] > git config --get commit.template [84ms]
2024-09-22 11:12:35.052 [info] > git rev-parse --show-toplevel [38ms]
2024-09-22 11:12:35.086 [info] > git for-each-ref --format=%(refname)%00%(upstream:short)%00%(objectname)%00%(upstream:track)%00%(upstream:remotename)%00%(upstream:remoteref) refs/heads/main refs/remotes/main [41ms]
2024-09-22 11:12:35.095 [info] > git rev-parse --show-toplevel [18ms]
2024-09-22 11:12:35.114 [info] > git rev-parse --show-toplevel [3ms]
2024-09-22 11:12:35.152 [info] > git status -z -uall [22ms]
2024-09-22 11:12:35.153 [info] > git rev-parse --show-toplevel [4ms]
2024-09-22 11:12:35.153 [info] [Model][doInitialScan] Initial repository scan completed - repositories (1), closed repositories (0), parent repositories (0), unsafe repositories (0)
2024-09-22 11:12:35.206 [info] > git for-each-ref --format=%(refname)%00%(upstream:short)%00%(objectname)%00%(upstream:track)%00%(upstream:remotename)%00%(upstream:remoteref) refs/heads/main refs/remotes/main [29ms]
2024-09-22 11:12:35.227 [info] > git ls-files --stage -- /home/exodus/Documents/PPI/ppi_dai_PEMBERTHYjer/src/main.py [61ms]
2024-09-22 11:12:35.268 [info] > git cat-file -s 66d0810bb0232fb481b5bdcf1e37068c617eab94 [31ms]
2024-09-22 11:12:35.269 [info] > git config --local branch.main.vscode-merge-base [43ms]
2024-09-22 11:12:35.277 [info] > git config --get commit.template [74ms]
2024-09-22 11:12:35.277 [info] > git fetch [439ms]
2024-09-22 11:12:35.300 [info] > git for-each-ref --format=%(refname)%00%(upstream:short)%00%(objectname)%00%(upstream:track)%00%(upstream:remotename)%00%(upstream:remoteref) refs/heads/origin/main refs/remotes/origin/main [24ms]
2024-09-22 11:12:35.346 [info] > git show --textconv :src/main.py [19ms]
2024-09-22 11:12:35.348 [info] > git merge-base refs/heads/main refs/remotes/origin/main [35ms]
2024-09-22 11:12:35.358 [info] > git config --get commit.template [59ms]
2024-09-22 11:12:35.360 [info] > git for-each-ref --format=%(refname)%00%(upstream:short)%00%(objectname)%00%(upstream:track)%00%(upstream:remotename)%00%(upstream:remoteref) refs/heads/main refs/remotes/main [20ms]
2024-09-22 11:12:35.369 [info] > git rev-list --count --left-right refs/heads/main...refs/remotes/origin/main [11ms]
2024-09-22 11:12:35.378 [info] > git for-each-ref --format=%(refname)%00%(upstream:short)%00%(objectname)%00%(upstream:track)%00%(upstream:remotename)%00%(upstream:remoteref) refs/heads/main refs/remotes/main [10ms]
2024-09-22 11:12:35.395 [info] > git diff --name-status -z --diff-filter=ADMR 3f7ac1f161647f34c5b5a28f545e410720b11a63...refs/remotes/origin/main [18ms]
2024-09-22 11:12:35.424 [info] > git status -z -uall [3ms]
2024-09-22 11:12:35.443 [info] > git for-each-ref --format=%(refname)%00%(upstream:short)%00%(objectname)%00%(upstream:track)%00%(upstream:remotename)%00%(upstream:remoteref) refs/heads/main refs/remotes/main [7ms]
2024-09-22 11:12:35.455 [info] > git config --local branch.main.vscode-merge-base [1ms]
2024-09-22 11:12:35.464 [info] > git for-each-ref --format=%(refname)%00%(upstream:short)%00%(objectname)%00%(upstream:track)%00%(upstream:remotename)%00%(upstream:remoteref) refs/heads/origin/main refs/remotes/origin/main [2ms]
2024-09-22 11:12:35.624 [info] > git check-ignore -v -z --stdin [3ms]
2024-09-22 11:12:36.628 [info] > git ls-files --stage -- /home/exodus/Documents/PPI/ppi_dai_PEMBERTHYjer/src/main.py [64ms]
2024-09-22 11:12:36.644 [info] > git cat-file -s 66d0810bb0232fb481b5bdcf1e37068c617eab94 [6ms]
2024-09-22 11:12:36.746 [info] > git show --textconv :src/main.py [18ms]
2024-09-22 11:12:56.542 [info] > git show --textconv :src/main.py [12ms]
2024-09-22 11:12:56.551 [info] > git ls-files --stage -- /home/exodus/Documents/PPI/ppi_dai_PEMBERTHYjer/src/main.py [11ms]
2024-09-22 11:12:56.559 [info] > git cat-file -s 66d0810bb0232fb481b5bdcf1e37068c617eab94 [2ms]
