2024-12-18 16:48:25 Loading main app package /usr/lib/obsidian/obsidian.asar
2024-12-18 16:48:25 Checking for update using Github
2024-12-18 16:48:28 Success.
2024-12-18 16:48:28 Latest version is 1.7.7
2024-12-18 16:48:28 App is up to date.
2024-12-18 16:54:01 Loading main app package /usr/lib/obsidian/obsidian.asar
2024-12-18 16:54:01 Checking for update using Github
2024-12-18 16:54:02 Success.
2024-12-18 16:54:02 Latest version is 1.7.7
2024-12-18 16:54:02 App is up to date.
2024-12-18 17:08:20 Loading main app package /usr/lib/obsidian/obsidian.asar
2024-12-18 17:08:21 Checking for update using Github
2024-12-18 17:08:21 Success.
2024-12-18 17:08:21 Latest version is 1.7.7
2024-12-18 17:08:21 App is up to date.
2024-12-18 17:14:29 Loading main app package /usr/lib/obsidian/obsidian.asar
2024-12-18 17:14:29 Checking for update using Github
2024-12-18 17:14:30 Success.
2024-12-18 17:14:30 Latest version is 1.7.7
2024-12-18 17:14:30 App is up to date.
2024-12-18 18:14:29 Checking for update using Github
2024-12-18 18:14:29 Success.
2024-12-18 18:14:29 Latest version is 1.7.7
2024-12-18 18:14:29 App is up to date.
2024-12-18 18:34:33 Loading main app package /usr/lib/obsidian/obsidian.asar
2024-12-18 18:34:34 Checking for update using Github
2024-12-18 18:34:35 Success.
2024-12-18 18:34:35 Latest version is 1.7.7
2024-12-18 18:34:35 App is up to date.
2024-12-20 04:19:11 Loading main app package /usr/lib/obsidian/obsidian.asar
2024-12-20 04:19:19 Checking for update using Github
2024-12-20 04:19:21 Failed to check for update using Github (net::ERR_INTERNET_DISCONNECTED)
2024-12-20 04:19:21 Checking for update using obsidian.md
2024-12-20 04:19:21 Failed to check for update using obsidian.md (net::ERR_INTERNET_DISCONNECTED)
2024-12-20 04:41:49 Loading main app package /usr/lib/obsidian/obsidian.asar
2024-12-20 04:41:49 Checking for update using Github
2024-12-20 04:41:49 Failed to check for update using Github (net::ERR_INTERNET_DISCONNECTED)
2024-12-20 04:41:49 Checking for update using obsidian.md
2024-12-20 04:41:49 Failed to check for update using obsidian.md (net::ERR_INTERNET_DISCONNECTED)
2024-12-20 05:41:49 Checking for update using Github
2024-12-20 05:41:49 Failed to check for update using Github (net::ERR_INTERNET_DISCONNECTED)
2024-12-20 05:41:49 Checking for update using obsidian.md
2024-12-20 05:41:49 Failed to check for update using obsidian.md (net::ERR_INTERNET_DISCONNECTED)
2025-02-02 05:31:26 Loading main app package /usr/lib/obsidian/obsidian.asar
2025-02-02 05:31:33 Checking for update using Github
2025-02-02 05:31:35 Failed to check for update using Github (net::ERR_INTERNET_DISCONNECTED)
2025-02-02 05:31:35 Checking for update using obsidian.md
2025-02-02 05:31:35 Failed to check for update using obsidian.md (net::ERR_INTERNET_DISCONNECTED)
2025-02-03 12:02:16 Loading main app package /usr/lib/obsidian/obsidian.asar
2025-02-03 12:02:32 Checking for update using Github
2025-02-03 12:02:35 Success.
2025-02-03 12:02:35 Latest version is 1.8.4
2025-02-03 12:02:35 App is up to date.
2025-02-03 12:02:36 Loading main app package /usr/lib/obsidian/obsidian.asar
2025-02-03 12:02:37 Checking for update using Github
2025-02-03 15:45:59 Loading main app package /usr/lib/obsidian/obsidian.asar
2025-02-03 15:46:00 Checking for update using Github
2025-02-03 15:46:00 Success.
2025-02-03 15:46:00 Latest version is 1.8.4
2025-02-03 15:46:00 App is up to date.
2025-02-03 15:57:20 Loading main app package /usr/lib/obsidian/obsidian.asar
2025-02-03 15:57:37 Checking for update using Github
2025-02-03 15:57:40 Success.
2025-02-03 15:57:40 Latest version is 1.8.4
2025-02-03 15:57:40 App is up to date.
