2024-09-22 10:57:33.607 [info] El experimento \"pythonRecommendTensorboardExt\" está activo
2024-09-22 10:57:33.607 [info] El experimento \"pythonTerminalEnvVarActivation\" está activo
2024-09-22 10:57:33.607 [info] El experimento \"pythonTestAdapter\" está activo
2024-09-22 10:57:33.607 [warning] Dir "/home/exodus/Documents/PPI/ppi_dai_PEMBERTHYjer/.pixi/envs" is not watchable (directory does not exist)
2024-09-22 10:57:33.607 [info] Default formatter is set to null for workspace /home/exodus/Documents/PPI/ppi_dai_PEMBERTHYjer
2024-09-22 10:57:33.607 [info] VS Code was launched from an activated environment: 'venv', selecting it as the interpreter for workspace.
2024-09-22 10:57:33.609 [info] Ruta de acceso del intérprete de Python: ./venv/bin/python
2024-09-22 10:57:34.259 [info] > pyenv which python
2024-09-22 10:57:34.259 [info] cwd: .
2024-09-22 10:57:36.559 [warning] Shell integration may not be active, environment activated may be overridden by the shell.
2024-09-22 10:57:36.656 [info] > pixi --version
2024-09-22 10:57:36.657 [warning] could not find a pixi interpreter for the interpreter at /home/exodus/Documents/PPI/ppi_dai_PEMBERTHYjer/venv/bin/python
2024-09-22 10:57:36.940 [info] > . ./venv/bin/activate.fish && echo 'e8b39361-0157-4923-80e1-22d70d46dee6' && python ~/.vscode/extensions/ms-python.python-2024.14.1-linux-x64/python_files/printEnvVariables.py
2024-09-22 10:57:36.940 [info] shell: fish
2024-09-22 10:57:37.172 [info] > /sbin/python ~/.vscode/extensions/ms-python.python-2024.14.1-linux-x64/python_files/printEnvVariables.py
2024-09-22 10:57:37.172 [info] shell: fish
2024-09-22 10:57:38.595 [info] Iniciando el servidor de lenguaje Pylance.
2024-09-22 10:57:38.655 [info] Prepending environment variable PATH in collection to /home/exodus/.vscode/extensions/ms-python.python-2024.14.1-linux-x64/python_files/deactivate/fish:/home/exodus/Documents/PPI/ppi_dai_PEMBERTHYjer/venv/bin:/home/exodus/.bin:/home/exodus/.local/bin:/home/exodus/Applications:/sbin:/bin:/usr/local/sbin:/usr/local/bin:/usr/sbin:/usr/bin:/home/exodus/.local/bin:/usr/bin/site_perl:/usr/bin/vendor_perl:/usr/bin/core_perl:/home/exodus/.local/bin:/home/exodus/.local/bin:/home/exodus/.local/bin: {"applyAtShellIntegration":true,"applyAtProcessCreation":true}
2024-09-22 10:57:38.655 [info] Setting environment variable STARSHIP_SESSION_KEY in collection to 2828068152331702 {"applyAtShellIntegration":true,"applyAtProcessCreation":true}
2024-09-22 10:57:38.672 [info] Send text to terminal: /sbin/python /home/exodus/.vscode/extensions/ms-python.python-2024.14.1-linux-x64/python_files/printEnvVariablesToFile.py /home/exodus/.vscode/extensions/ms-python.python-2024.14.1-linux-x64/python_files/deactivate/fish/envVars.txt
2024-09-22 11:12:33.606 [info] El experimento \"pythonRecommendTensorboardExt\" está activo
2024-09-22 11:12:33.606 [info] El experimento \"pythonTerminalEnvVarActivation\" está activo
2024-09-22 11:12:33.606 [info] El experimento \"pythonTestAdapter\" está activo
2024-09-22 11:12:33.606 [warning] Dir "/home/exodus/Documents/PPI/ppi_dai_PEMBERTHYjer/.pixi/envs" is not watchable (directory does not exist)
2024-09-22 11:12:33.606 [info] Default formatter is set to null for workspace /home/exodus/Documents/PPI/ppi_dai_PEMBERTHYjer
2024-09-22 11:12:33.606 [info] VS Code was launched from an activated environment: 'venv', selecting it as the interpreter for workspace.
2024-09-22 11:12:33.606 [info] Ruta de acceso del intérprete de Python: ./venv/bin/python
2024-09-22 11:12:33.854 [info] > pyenv which python
2024-09-22 11:12:33.854 [info] cwd: .
2024-09-22 11:12:35.239 [warning] Shell integration may not be active, environment activated may be overridden by the shell.
2024-09-22 11:12:35.260 [info] > pixi --version
2024-09-22 11:12:35.262 [warning] could not find a pixi interpreter for the interpreter at /home/exodus/Documents/PPI/ppi_dai_PEMBERTHYjer/venv/bin/python
2024-09-22 11:12:35.288 [info] > . ./venv/bin/activate.fish && echo 'e8b39361-0157-4923-80e1-22d70d46dee6' && python ~/.vscode/extensions/ms-python.python-2024.14.1-linux-x64/python_files/printEnvVariables.py
2024-09-22 11:12:35.288 [info] shell: fish
2024-09-22 11:12:35.385 [info] > /sbin/python ~/.vscode/extensions/ms-python.python-2024.14.1-linux-x64/python_files/printEnvVariables.py
2024-09-22 11:12:35.385 [info] shell: fish
2024-09-22 11:12:36.493 [info] Prepending environment variable PATH in collection to /home/exodus/.vscode/extensions/ms-python.python-2024.14.1-linux-x64/python_files/deactivate/fish:/home/exodus/Documents/PPI/ppi_dai_PEMBERTHYjer/venv/bin:/home/exodus/.bin:/home/exodus/.local/bin:/home/exodus/Applications:/sbin:/bin:/usr/local/sbin:/usr/local/bin:/usr/sbin:/usr/bin:/home/exodus/.local/bin:/usr/bin/site_perl:/usr/bin/vendor_perl:/usr/bin/core_perl:/home/exodus/.local/bin:/home/exodus/.local/bin:/home/exodus/.local/bin: {"applyAtShellIntegration":true,"applyAtProcessCreation":true}
2024-09-22 11:12:36.493 [info] Setting environment variable STARSHIP_SESSION_KEY in collection to 2139025713263222 {"applyAtShellIntegration":true,"applyAtProcessCreation":true}
2024-09-22 11:12:36.497 [info] Send text to terminal: /sbin/python /home/exodus/.vscode/extensions/ms-python.python-2024.14.1-linux-x64/python_files/printEnvVariablesToFile.py /home/exodus/.vscode/extensions/ms-python.python-2024.14.1-linux-x64/python_files/deactivate/fish/envVars.txt
2024-09-22 11:12:36.625 [info] Iniciando el servidor de lenguaje Pylance.
