2024-09-22 10:57:33.610 [info] Starting Python Locator /home/exodus/.vscode/extensions/ms-python.python-2024.14.1-linux-x64/python-env-tools/bin/pet server
2024-09-22 10:57:33.639 [info] Discovered env: /home/exodus/Documents/PPI/ppi_dai_PEMBERTHYjer/venv/bin/python
2024-09-22 10:57:33.646 [info] Discovered env: /usr/bin/python
2024-09-22 10:57:33.675 [info] Discovered env: /bin/python
2024-09-22 10:57:33.677 [info] Discovered env: /usr/bin/python3
2024-09-22 10:57:33.689 [info] Discovered env: /usr/bin/python3.12
2024-09-22 10:57:33.691 [info] Discovered env: /bin/python3
2024-09-22 10:57:33.756 [info] Discovered env: /bin/python3.12
2024-09-22 10:57:33.785 [info] Env ("/sbin/python") in Path resolved as ResolvedPythonEnv { executable: "/sbin/python", prefix: "/usr", version: "3.12.6.final.0", is64_bit: true, symlinks: Some(["/sbin/python"]) } and reported as Some(GlobalPaths)
2024-09-22 10:57:33.791 [info] Discovered env: /sbin/python
2024-09-22 10:57:33.815 [info] Env ("/usr/sbin/python") in Path resolved as ResolvedPythonEnv { executable: "/usr/sbin/python", prefix: "/usr", version: "3.12.6.final.0", is64_bit: true, symlinks: Some(["/usr/sbin/python"]) } and reported as Some(GlobalPaths)
2024-09-22 10:57:33.815 [info] Discovered env: /usr/sbin/python
2024-09-22 10:57:33.817 [info] Env ("/sbin/python3") in Path resolved as ResolvedPythonEnv { executable: "/sbin/python3", prefix: "/usr", version: "3.12.6.final.0", is64_bit: true, symlinks: Some(["/sbin/python3"]) } and reported as Some(GlobalPaths)
2024-09-22 10:57:33.823 [info] Discovered env: /sbin/python3
2024-09-22 10:57:33.840 [info] Env ("/sbin/python3.12") in Path resolved as ResolvedPythonEnv { executable: "/sbin/python3.12", prefix: "/usr", version: "3.12.6.final.0", is64_bit: true, symlinks: Some(["/sbin/python3.12"]) } and reported as Some(GlobalPaths)
2024-09-22 10:57:33.853 [info] Discovered env: /sbin/python3.12
2024-09-22 10:57:33.918 [info] Env ("/usr/sbin/python3") in Path resolved as ResolvedPythonEnv { executable: "/usr/sbin/python3", prefix: "/usr", version: "3.12.6.final.0", is64_bit: true, symlinks: Some(["/usr/sbin/python3"]) } and reported as Some(GlobalPaths)
2024-09-22 10:57:33.929 [info] Discovered env: /usr/sbin/python3
2024-09-22 10:57:33.930 [info] Env ("/usr/sbin/python3.12") in Path resolved as ResolvedPythonEnv { executable: "/usr/sbin/python3.12", prefix: "/usr", version: "3.12.6.final.0", is64_bit: true, symlinks: Some(["/usr/sbin/python3.12"]) } and reported as Some(GlobalPaths)
2024-09-22 10:57:33.930 [info] Discovered env: /usr/sbin/python3.12
2024-09-22 10:57:33.930 [info] Locator Conda took 322.923657ms
2024-09-22 10:57:33.938 [info] Locator Homebrew took 119.754µs
2024-09-22 10:57:33.938 [info] Locator LinuxGlobal took 418.114029ms
2024-09-22 10:57:33.938 [info] Locator PipEnv took 27.725µs
2024-09-22 10:57:33.938 [info] Locator Poetry took 734.902µs
2024-09-22 10:57:33.938 [info] Locator PyEnv took 6.575345ms
2024-09-22 10:57:33.939 [info] Locator Venv took 22.265µs
2024-09-22 10:57:33.939 [info] Locator VirtualEnv took 29.65µs
2024-09-22 10:57:33.939 [info] Locator VirtualEnvWrapper took 19.256µs
2024-09-22 10:57:33.939 [info] Locator GlobalVirtualEnvs took 48.128µs
2024-09-22 10:57:33.939 [info] Locator Locators took 433.392422ms
2024-09-22 10:57:33.939 [info] Locator Path took 705.656608ms
2024-09-22 10:57:33.939 [info] Locator Workspaces took 195.61935ms
2024-09-22 10:57:33.939 [info] Refresh completed in 718ms
2024-09-22 10:57:33.992 [info] Resolved /usr/bin/python
2024-09-22 10:57:34.005 [info] Resolved /bin/python
2024-09-22 10:57:34.017 [info] Resolved /usr/bin/python3
2024-09-22 10:57:34.031 [info] Resolved /bin/python3
2024-09-22 10:57:34.034 [info] Resolved /usr/bin/python3.12
2024-09-22 10:57:34.035 [info] Resolved /bin/python3.12
2024-09-22 11:12:33.607 [info] Starting Python Locator /home/exodus/.vscode/extensions/ms-python.python-2024.14.1-linux-x64/python-env-tools/bin/pet server
2024-09-22 11:12:35.300 [info] Discovered env: /home/exodus/Documents/PPI/ppi_dai_PEMBERTHYjer/venv/bin/python
2024-09-22 11:12:35.404 [info] Discovered env: /bin/python
2024-09-22 11:12:35.462 [info] Discovered env: /usr/bin/python
2024-09-22 11:12:35.465 [info] Discovered env: /bin/python3
2024-09-22 11:12:35.468 [info] Discovered env: /bin/python3.12
2024-09-22 11:12:35.473 [info] Discovered env: /usr/bin/python3
2024-09-22 11:12:35.476 [info] Env ("/sbin/python") in Path resolved as ResolvedPythonEnv { executable: "/sbin/python", prefix: "/usr", version: "3.12.6.final.0", is64_bit: true, symlinks: Some(["/sbin/python"]) } and reported as Some(GlobalPaths)
2024-09-22 11:12:35.476 [info] Discovered env: /sbin/python
2024-09-22 11:12:35.476 [info] Discovered env: /usr/bin/python3.12
2024-09-22 11:12:35.478 [info] Env ("/usr/sbin/python") in Path resolved as ResolvedPythonEnv { executable: "/usr/sbin/python", prefix: "/usr", version: "3.12.6.final.0", is64_bit: true, symlinks: Some(["/usr/sbin/python"]) } and reported as Some(GlobalPaths)
2024-09-22 11:12:35.478 [info] Discovered env: /usr/sbin/python
2024-09-22 11:12:35.480 [info] Env ("/sbin/python3") in Path resolved as ResolvedPythonEnv { executable: "/sbin/python3", prefix: "/usr", version: "3.12.6.final.0", is64_bit: true, symlinks: Some(["/sbin/python3"]) } and reported as Some(GlobalPaths)
2024-09-22 11:12:35.480 [info] Discovered env: /sbin/python3
2024-09-22 11:12:35.481 [info] Env ("/usr/sbin/python3") in Path resolved as ResolvedPythonEnv { executable: "/usr/sbin/python3", prefix: "/usr", version: "3.12.6.final.0", is64_bit: true, symlinks: Some(["/usr/sbin/python3"]) } and reported as Some(GlobalPaths)
2024-09-22 11:12:35.481 [info] Discovered env: /usr/sbin/python3
2024-09-22 11:12:35.481 [info] Env ("/sbin/python3.12") in Path resolved as ResolvedPythonEnv { executable: "/sbin/python3.12", prefix: "/usr", version: "3.12.6.final.0", is64_bit: true, symlinks: Some(["/sbin/python3.12"]) } and reported as Some(GlobalPaths)
2024-09-22 11:12:35.481 [info] Discovered env: /sbin/python3.12
2024-09-22 11:12:35.481 [info] Env ("/usr/sbin/python3.12") in Path resolved as ResolvedPythonEnv { executable: "/usr/sbin/python3.12", prefix: "/usr", version: "3.12.6.final.0", is64_bit: true, symlinks: Some(["/usr/sbin/python3.12"]) } and reported as Some(GlobalPaths)
2024-09-22 11:12:35.481 [info] Discovered env: /usr/sbin/python3.12
2024-09-22 11:12:35.481 [info] Locator Conda took 243.976507ms
2024-09-22 11:12:35.482 [info] Locator Homebrew took 131.538µs
2024-09-22 11:12:35.482 [info] Locator LinuxGlobal took 263.231401ms
2024-09-22 11:12:35.482 [info] Locator PipEnv took 22.577µs
2024-09-22 11:12:35.482 [info] Locator Poetry took 191.502µs
2024-09-22 11:12:35.482 [info] Locator PyEnv took 146.548µs
2024-09-22 11:12:35.482 [info] Locator Venv took 25.543µs
2024-09-22 11:12:35.482 [info] Locator VirtualEnv took 31.128µs
2024-09-22 11:12:35.482 [info] Locator VirtualEnvWrapper took 25.27µs
2024-09-22 11:12:35.482 [info] Locator GlobalVirtualEnvs took 3.693ms
2024-09-22 11:12:35.482 [info] Locator Locators took 264.578965ms
2024-09-22 11:12:35.482 [info] Locator Path took 448.026058ms
2024-09-22 11:12:35.482 [info] Locator Workspaces took 1.907µs
2024-09-22 11:12:35.483 [info] Refresh completed in 448ms
2024-09-22 11:12:35.484 [info] Resolved /bin/python
2024-09-22 11:12:35.485 [info] Resolved /usr/bin/python
2024-09-22 11:12:35.489 [info] Resolved /bin/python3
2024-09-22 11:12:35.490 [info] Resolved /bin/python3.12
2024-09-22 11:12:35.491 [info] Resolved /usr/bin/python3
2024-09-22 11:12:35.492 [info] Resolved /usr/bin/python3.12
