2024-09-22 10:57:37.038 [info] (Client) Pylance async client (2024.9.2) started with python extension (2024.14.1)
2024-09-22 10:57:38.151 [info] [Info  - 10:57:38 AM] (184502) Server root directory: file:///home/exodus/.vscode/extensions/ms-python.vscode-pylance-2024.9.2/dist
2024-09-22 10:57:38.160 [info] [Info  - 10:57:38 AM] (184502) Pylance language server 2024.9.2 (pyright version 1.1.378, commit ce64adc1) starting
2024-09-22 10:57:38.396 [info] [Info  - 10:57:38 AM] (184502) Starting service instance "ppi_dai_PEMBERTHYjer"
2024-09-22 10:57:39.002 [info] [Info  - 10:57:39 AM] (184502) Setting environmentName for service "ppi_dai_PEMBERTHYjer": "3.12.6 (venv venv)"
2024-09-22 10:57:39.015 [info] [Info  - 10:57:39 AM] (184502) Setting pythonPath for service "ppi_dai_PEMBERTHYjer": "/home/exodus/Documents/PPI/ppi_dai_PEMBERTHYjer/venv/bin/python"
2024-09-22 10:57:39.021 [info] [Info  - 10:57:39 AM] (184502) No include entries specified; assuming /home/exodus/Documents/PPI/ppi_dai_PEMBERTHYjer
2024-09-22 10:57:39.029 [info] [Info  - 10:57:39 AM] (184502) Auto-excluding **/node_modules
2024-09-22 10:57:39.040 [info] [Info  - 10:57:39 AM] (184502) Auto-excluding **/__pycache__
2024-09-22 10:57:39.063 [info] [Info  - 10:57:39 AM] (184502) Auto-excluding **/.*
2024-09-22 10:57:39.128 [info] [Info  - 10:57:39 AM] (184502) Assuming Python version 3.12.6.final.0
2024-09-22 10:57:39.414 [info] [Info  - 10:57:39 AM] (184502) Auto-excluding /home/exodus/Documents/PPI/ppi_dai_PEMBERTHYjer/venv
2024-09-22 10:57:39.424 [info] [Info  - 10:57:39 AM] (184502) Found 4 source files
2024-09-22 10:57:41.604 [info] [Info  - 10:57:41 AM] (184502) Starting service instance "<default>"
2024-09-22 10:57:41.812 [info] [Info  - 10:57:41 AM] (184502) Setting environmentName for service "<default>": "3.12.6 (venv venv)"
2024-09-22 10:57:41.812 [info] [Info  - 10:57:41 AM] (184502) Setting pythonPath for service "<default>": "/home/exodus/Documents/PPI/ppi_dai_PEMBERTHYjer/venv/bin/python"
2024-09-22 10:57:41.812 [info] [Info  - 10:57:41 AM] (184502) No include entries specified; assuming /<default workspace root>
2024-09-22 10:57:41.812 [info] [Info  - 10:57:41 AM] (184502) Auto-excluding **/node_modules
2024-09-22 10:57:41.812 [info] [Info  - 10:57:41 AM] (184502) Auto-excluding **/__pycache__
2024-09-22 10:57:41.812 [info] [Info  - 10:57:41 AM] (184502) Auto-excluding **/.*
2024-09-22 10:57:42.148 [info] [Info  - 10:57:42 AM] (184502) Assuming Python version 3.12.6.final.0
2024-09-22 10:57:42.579 [info] [Error - 10:57:42 AM] (184502) File or directory "/<default workspace root>" does not exist.
2024-09-22 10:57:42.579 [info] [Info  - 10:57:42 AM] (184502) No source files found.
2024-09-22 10:57:42.618 [info] [Info  - 10:57:42 AM] (184502) Background analysis(1) root directory: file:///home/exodus/.vscode/extensions/ms-python.vscode-pylance-2024.9.2/dist
2024-09-22 10:57:42.618 [info] [Info  - 10:57:42 AM] (184502) Background analysis(1) started
2024-09-22 10:57:43.817 [info] [Info  - 10:57:43 AM] (184502) Indexer background runner(2) root directory: file:///home/exodus/.vscode/extensions/ms-python.vscode-pylance-2024.9.2/dist (index)
2024-09-22 10:57:43.820 [info] [Info  - 10:57:43 AM] (184502) Indexing(2) started
2024-09-22 10:57:45.138 [info] [Info  - 10:57:45 AM] (184502) Background analysis(3) root directory: file:///home/exodus/.vscode/extensions/ms-python.vscode-pylance-2024.9.2/dist
2024-09-22 10:57:45.168 [info] [Info  - 10:57:45 AM] (184502) Background analysis(3) started
2024-09-22 10:57:46.361 [info] [Info  - 10:57:46 AM] (184502) scanned(2) 205 files over 1 exec env
2024-09-22 10:57:49.855 [info] [Info  - 10:57:49 AM] (184502) [BG(1)] Long operation: checking: file:///home/exodus/Documents/PPI/ppi_dai_PEMBERTHYjer/src/main.py (5559ms)
2024-09-22 10:57:49.855 [info] [Info  - 10:57:49 AM] (184502) [BG(1)] Long operation: analyzing: file:///home/exodus/Documents/PPI/ppi_dai_PEMBERTHYjer/src/main.py (7020ms)
2024-09-22 10:57:51.150 [info] [Info  - 10:57:51 AM] (184502) [IDX(2)] Long operation: index execution environment file:///home/exodus/Documents/PPI/ppi_dai_PEMBERTHYjer (4281ms)
2024-09-22 10:57:51.150 [info] [Info  - 10:57:51 AM] (184502) [IDX(2)] Long operation: index packages file:///home/exodus/Documents/PPI/ppi_dai_PEMBERTHYjer (4297ms)
2024-09-22 10:57:51.150 [info] [Info  - 10:57:51 AM] (184502) indexed(2) 158 files over 1 exec env
2024-09-22 10:57:51.226 [info] [Info  - 10:57:51 AM] (184502) Indexing finished(2).
2024-09-22 11:12:35.386 [info] (Client) Pylance async client (2024.9.2) started with python extension (2024.14.1)
2024-09-22 11:12:36.483 [info] [Info  - 11:12:36 AM] (216604) Server root directory: file:///home/exodus/.vscode/extensions/ms-python.vscode-pylance-2024.9.2/dist
2024-09-22 11:12:36.485 [info] [Info  - 11:12:36 AM] (216604) Pylance language server 2024.9.2 (pyright version 1.1.378, commit ce64adc1) starting
2024-09-22 11:12:36.501 [info] [Info  - 11:12:36 AM] (216604) Starting service instance "ppi_dai_PEMBERTHYjer"
2024-09-22 11:12:36.852 [info] [Info  - 11:12:36 AM] (216604) Setting environmentName for service "ppi_dai_PEMBERTHYjer": "3.12.6 (venv venv)"
2024-09-22 11:12:36.853 [info] [Info  - 11:12:36 AM] (216604) Setting pythonPath for service "ppi_dai_PEMBERTHYjer": "/home/exodus/Documents/PPI/ppi_dai_PEMBERTHYjer/venv/bin/python"
2024-09-22 11:12:36.854 [info] [Info  - 11:12:36 AM] (216604) No include entries specified; assuming /home/exodus/Documents/PPI/ppi_dai_PEMBERTHYjer
2024-09-22 11:12:36.858 [info] [Info  - 11:12:36 AM] (216604) Auto-excluding **/node_modules
2024-09-22 11:12:36.862 [info] [Info  - 11:12:36 AM] (216604) Auto-excluding **/__pycache__
2024-09-22 11:12:36.865 [info] [Info  - 11:12:36 AM] (216604) Auto-excluding **/.*
2024-09-22 11:12:36.950 [info] [Info  - 11:12:36 AM] (216604) Assuming Python version 3.12.6.final.0
2024-09-22 11:12:37.142 [info] [Info  - 11:12:37 AM] (216604) Auto-excluding /home/exodus/Documents/PPI/ppi_dai_PEMBERTHYjer/venv
2024-09-22 11:12:37.148 [info] [Info  - 11:12:37 AM] (216604) Found 4 source files
2024-09-22 11:12:38.404 [info] [Info  - 11:12:38 AM] (216604) Background analysis(1) root directory: file:///home/exodus/.vscode/extensions/ms-python.vscode-pylance-2024.9.2/dist
2024-09-22 11:12:38.412 [info] [Info  - 11:12:38 AM] (216604) Background analysis(1) started
2024-09-22 11:12:38.690 [info] [Info  - 11:12:38 AM] (216604) Starting service instance "<default>"
2024-09-22 11:12:38.845 [info] [Info  - 11:12:38 AM] (216604) Setting environmentName for service "<default>": "3.12.6 (venv venv)"
2024-09-22 11:12:38.852 [info] [Info  - 11:12:38 AM] (216604) Setting pythonPath for service "<default>": "/home/exodus/Documents/PPI/ppi_dai_PEMBERTHYjer/venv/bin/python"
2024-09-22 11:12:38.853 [info] [Info  - 11:12:38 AM] (216604) No include entries specified; assuming /<default workspace root>
2024-09-22 11:12:38.853 [info] [Info  - 11:12:38 AM] (216604) Auto-excluding **/node_modules
2024-09-22 11:12:38.854 [info] [Info  - 11:12:38 AM] (216604) Auto-excluding **/__pycache__
2024-09-22 11:12:38.854 [info] [Info  - 11:12:38 AM] (216604) Auto-excluding **/.*
2024-09-22 11:12:38.960 [info] [Info  - 11:12:38 AM] (216604) Assuming Python version 3.12.6.final.0
2024-09-22 11:12:39.231 [info] [Error - 11:12:39 AM] (216604) File or directory "/<default workspace root>" does not exist.
2024-09-22 11:12:39.234 [info] [Info  - 11:12:39 AM] (216604) No source files found.
2024-09-22 11:12:39.430 [info] [Info  - 11:12:39 AM] (216604) Indexer background runner(2) root directory: file:///home/exodus/.vscode/extensions/ms-python.vscode-pylance-2024.9.2/dist (index)
2024-09-22 11:12:39.430 [info] [Info  - 11:12:39 AM] (216604) Indexing(2) started
2024-09-22 11:12:42.417 [info] [Info  - 11:12:42 AM] (216604) Background analysis(3) root directory: file:///home/exodus/.vscode/extensions/ms-python.vscode-pylance-2024.9.2/dist
2024-09-22 11:12:42.424 [info] [Info  - 11:12:42 AM] (216604) Background analysis(3) started
2024-09-22 11:12:43.441 [info] [Info  - 11:12:43 AM] (216604) [IDX(2)] Long operation: scan packages file:///home/exodus/Documents/PPI/ppi_dai_PEMBERTHYjer (3562ms)
2024-09-22 11:12:43.443 [info] [Info  - 11:12:43 AM] (216604) scanned(2) 205 files over 1 exec env
2024-09-22 11:12:47.665 [info] [Info  - 11:12:47 AM] (216604) [BG(1)] Long operation: checking: file:///home/exodus/Documents/PPI/ppi_dai_PEMBERTHYjer/src/main.py (7930ms)
2024-09-22 11:12:47.669 [info] [Info  - 11:12:47 AM] (216604) [BG(1)] Long operation: analyzing: file:///home/exodus/Documents/PPI/ppi_dai_PEMBERTHYjer/src/main.py (8901ms)
2024-09-22 11:12:49.045 [info] [Info  - 11:12:49 AM] (216604) [IDX(2)] Long operation: index execution environment file:///home/exodus/Documents/PPI/ppi_dai_PEMBERTHYjer (4919ms)
2024-09-22 11:12:49.045 [info] [Info  - 11:12:49 AM] (216604) [IDX(2)] Long operation: index packages file:///home/exodus/Documents/PPI/ppi_dai_PEMBERTHYjer (4949ms)
2024-09-22 11:12:49.045 [info] [Info  - 11:12:49 AM] (216604) indexed(2) 158 files over 1 exec env
2024-09-22 11:12:49.140 [info] [Info  - 11:12:49 AM] (216604) Indexing finished(2).
