2024-09-22 10:00:50.976 [info] Getting Manifest... avetis.tokyo-night
2024-09-22 10:00:50.997 [info] Installing extension: avetis.tokyo-night {"isMachineScoped":false,"installPreReleaseVersion":false,"pinned":false,"profileLocation":{"$mid":1,"external":"vscode-userdata:/home/exodus/.vscode/extensions/extensions.json","path":"/home/exodus/.vscode/extensions/extensions.json","scheme":"vscode-userdata"},"installOnlyNewlyAddedFromExtensionPack":true,"isApplicationScoped":false,"productVersion":{"version":"1.93.1","date":"2024-09-11T17:20:05.685Z"}}
2024-09-22 10:00:52.513 [info] Extension signature verification result for avetis.tokyo-night: UnknownError. Executed: true. Duration: 13ms.
2024-09-22 10:00:52.549 [info] Extracted extension to file:///home/exodus/.vscode/extensions/avetis.tokyo-night-1.0.2: avetis.tokyo-night
2024-09-22 10:00:52.609 [info] Renamed to /home/exodus/.vscode/extensions/avetis.tokyo-night-1.0.2
2024-09-22 10:00:52.697 [error] [uncaught exception in sharedProcess]: Error: ENOENT: no such file or directory, stat '/home/exodus/.vscode/extensions/extensions.json.vsctmp': EntryNotFound (FileSystemError): Error: ENOENT: no such file or directory, stat '/home/exodus/.vscode/extensions/extensions.json.vsctmp'
    at o.create (/opt/visual-studio-code/resources/app/out/vs/code/node/sharedProcess/sharedProcessMain.js:54:19406)
    at u (/opt/visual-studio-code/resources/app/out/vs/code/node/sharedProcess/sharedProcessMain.js:54:19517)
    at $.hb (/opt/visual-studio-code/resources/app/out/vs/code/node/sharedProcess/sharedProcessMain.js:59:36674)
    at $.stat (/opt/visual-studio-code/resources/app/out/vs/code/node/sharedProcess/sharedProcessMain.js:59:29001)
    at async c.stat (/opt/visual-studio-code/resources/app/out/vs/code/node/sharedProcess/sharedProcessMain.js:59:14931)
    at async W.ub (/opt/visual-studio-code/resources/app/out/vs/code/node/sharedProcess/sharedProcessMain.js:105:120356)
2024-09-22 10:00:52.710 [info] Extension installed successfully: avetis.tokyo-night vscode-userdata:/home/exodus/.vscode/extensions/extensions.json
2024-09-22 10:54:31.000 [info] Getting Manifest... oderwat.indent-rainbow
2024-09-22 10:54:31.666 [info] Installing extension: oderwat.indent-rainbow {"isMachineScoped":false,"donotIncludePackAndDependencies":true,"installGivenVersion":false,"pinned":false,"installPreReleaseVersion":false,"profileLocation":{"$mid":1,"external":"vscode-userdata:/home/exodus/.vscode/extensions/extensions.json","path":"/home/exodus/.vscode/extensions/extensions.json","scheme":"vscode-userdata"},"isApplicationScoped":false,"context":{"skipWalkthrough":true,"extensionInstallSource":"settingsSync"},"installOnlyNewlyAddedFromExtensionPack":true,"productVersion":{"version":"1.93.1","date":"2024-09-11T17:20:05.685Z"}}
2024-09-22 10:54:31.666 [info] Installing the extension without checking dependencies and pack oderwat.indent-rainbow
2024-09-22 10:54:37.907 [info] Extension signature verification result for oderwat.indent-rainbow: UnknownError. Executed: true. Duration: 17ms.
2024-09-22 10:54:40.638 [info] Extracted extension to file:///home/exodus/.vscode/extensions/oderwat.indent-rainbow-8.3.1: oderwat.indent-rainbow
2024-09-22 10:54:40.729 [info] Renamed to /home/exodus/.vscode/extensions/oderwat.indent-rainbow-8.3.1
2024-09-22 10:54:40.821 [error] [uncaught exception in sharedProcess]: Error: ENOENT: no such file or directory, stat '/home/exodus/.vscode/extensions/extensions.json.vsctmp': EntryNotFound (FileSystemError): Error: ENOENT: no such file or directory, stat '/home/exodus/.vscode/extensions/extensions.json.vsctmp'
    at o.create (/opt/visual-studio-code/resources/app/out/vs/code/node/sharedProcess/sharedProcessMain.js:54:19406)
    at u (/opt/visual-studio-code/resources/app/out/vs/code/node/sharedProcess/sharedProcessMain.js:54:19517)
    at $.hb (/opt/visual-studio-code/resources/app/out/vs/code/node/sharedProcess/sharedProcessMain.js:59:36674)
    at $.stat (/opt/visual-studio-code/resources/app/out/vs/code/node/sharedProcess/sharedProcessMain.js:59:29001)
    at async c.stat (/opt/visual-studio-code/resources/app/out/vs/code/node/sharedProcess/sharedProcessMain.js:59:14931)
    at async W.ub (/opt/visual-studio-code/resources/app/out/vs/code/node/sharedProcess/sharedProcessMain.js:105:120356)
2024-09-22 10:54:40.864 [info] Extension installed successfully: oderwat.indent-rainbow vscode-userdata:/home/exodus/.vscode/extensions/extensions.json
