2024-09-22 09:59:33.167 [info] Using settings sync service https://vscode-sync.trafficmanager.net/
2024-09-22 09:59:33.167 [info] Auto Sync is disabled.
2024-09-22 10:54:23.670 [info] Sync started.
2024-09-22 10:54:24.292 [info] Did reset the local sync state.
2024-09-22 10:54:24.317 [info] Settings: Migrating last sync user data. Resource does not exist.
2024-09-22 10:54:24.320 [info] Settings: Last sync data state does not exist.
2024-09-22 10:54:24.437 [info] Settings: Migrating last sync user data. Resource does not exist.
2024-09-22 10:54:24.437 [info] Settings: Last sync data state does not exist.
2024-09-22 10:54:24.549 [info] GlobalState: Migrating last sync user data. Resource does not exist.
2024-09-22 10:54:24.549 [info] GlobalState: Last sync data state does not exist.
2024-09-22 10:54:24.858 [info] Keybindings: Migrating last sync user data. Resource does not exist.
2024-09-22 10:54:24.858 [info] Keybindings: Last sync data state does not exist.
2024-09-22 10:54:24.998 [info] Snippets: Migrating last sync user data. Resource does not exist.
2024-09-22 10:54:24.999 [info] Snippets: Last sync data state does not exist.
2024-09-22 10:54:25.118 [info] Tasks: Migrating last sync user data. Resource does not exist.
2024-09-22 10:54:25.118 [info] Tasks: Last sync data state does not exist.
2024-09-22 10:54:25.236 [info] GlobalState: Migrating last sync user data. Resource does not exist.
2024-09-22 10:54:25.236 [info] GlobalState: Last sync data state does not exist.
2024-09-22 10:54:25.503 [info] Extensions: Migrating last sync user data. Resource does not exist.
2024-09-22 10:54:25.503 [info] Extensions: Last sync data state does not exist.
2024-09-22 10:54:25.831 [info] Profiles: Migrating last sync user data. Resource does not exist.
2024-09-22 10:54:25.831 [info] Profiles: Last sync data state does not exist.
2024-09-22 10:54:25.953 [info] Profiles: Migrating last sync user data. Resource does not exist.
2024-09-22 10:54:25.953 [info] Profiles: Last sync data state does not exist.
2024-09-22 10:54:29.318 [info] Settings: Updated remote settings
2024-09-22 10:54:29.376 [info] Settings: Updated last synchronized settings
2024-09-22 10:54:29.383 [info] Keybindings: No changes found during synchronizing keybindings.
2024-09-22 10:54:29.446 [info] Keybindings: Updated last synchronized keybindings
2024-09-22 10:54:29.450 [info] Snippets: No changes found during synchronizing snippets.
2024-09-22 10:54:29.520 [info] Snippets: Updated last synchronized snippets
2024-09-22 10:54:29.529 [info] Tasks: No changes found during synchronizing tasks.
2024-09-22 10:54:29.589 [info] Tasks: Updated last synchronized tasks
2024-09-22 10:54:29.717 [info] GlobalState: Updated global state ["workbench.statusbar.hidden","ces/skipSurvey","memento/notebookGettingStarted2","fileBasedRecommendations/promptedRecommendations","workbench.view.extension.jupyter-variables.state.hidden","workbench.view.extension.gitlens.state.hidden","workbench.view.extension.gitlensInspect.state.hidden","workbench.view.extension.gitlensPanel.state.hidden","workbench.panel.chatSidebar.hidden","github-Jersonp0527","terminal.integrated.showTerminalConfigPrompt","workbench.explorer.views.state.hidden","workbench.scm.views.state.hidden","workbench.activity.pinnedViewlets2","workbench.view.debug.state.hidden","nps/lastSessionDate","nps/sessionCount","workbench.panel.pinnedPanels","cpp.1.lastSessionDate","cpp.1.sessionCount","java.2.lastSessionDate","java.2.sessionCount","javascript.1.lastSessionDate","javascript.1.sessionCount","typescript.1.lastSessionDate","typescript.1.sessionCount","colorThemeData","memento/gettingStartedService","workbench.view.extensions.state.hidden","workbench.welcomePage.walkthroughMetadata","commandPalette.mru.cache","workbench.welcomePage.hiddenCategories","csharp.1.lastSessionDate","csharp.1.sessionCount"]
2024-09-22 10:54:29.717 [info] GlobalState: Updated local ui state
2024-09-22 10:54:29.783 [info] GlobalState: Migrating last sync user data. Resource does not exist.
2024-09-22 10:54:29.783 [info] GlobalState: Last sync data state does not exist.
2024-09-22 10:54:29.967 [info] GlobalState: Updated remote ui state. Added: globalState.argv.locale,encryption.migratedToGnomeLibsecret,workbench.view.extension.package-explorer.state.hidden,themeUpdatedNotificationShown.
2024-09-22 10:54:30.048 [info] GlobalState: Updated last synchronized ui state
2024-09-22 10:54:40.864 [info] Extensions: Installed extension. oderwat.indent-rainbow 8.3.1
2024-09-22 10:54:40.918 [info] Extensions: Migrating last sync user data. Resource does not exist.
2024-09-22 10:54:40.922 [info] Extensions: Last sync data state does not exist.
2024-09-22 10:54:41.118 [info] Extensions: Updated remote extensions. Added: ["avetis.tokyo-night","batisteo.vscode-django","carloshenrique.dark-material-dracula","donjayamanne.python-environment-manager","donjayamanne.python-extension-pack","dracula-theme.theme-dracula","esbenp.prettier-vscode","james-yu.latex-workshop","kevinrose.vsc-python-indent","mathematic.vscode-latex","ms-ceintl.vscode-language-pack-es","njpwerner.autodocstring","pkief.material-icon-theme","sobytes.flet-control-wrap","visualstudioexptteam.intellicode-api-usage-examples","visualstudioexptteam.vscodeintellicode","wholroyd.jinja"].
2024-09-22 10:54:41.176 [info] Extensions: Updated last synchronized extensions.
2024-09-22 10:54:41.183 [info] Profiles: No changes found during synchronizing profiles.
2024-09-22 10:54:41.265 [info] Profiles: Updated last synchronized profiles.
2024-09-22 10:54:41.298 [info] Sync done. Took 17621ms
2024-09-22 10:54:41.379 [info] Auto Sync: Triggered by Interval
2024-09-22 10:54:41.396 [info] Sync started.
2024-09-22 10:54:41.870 [info] Settings: No changes found during synchronizing settings.
2024-09-22 10:54:41.884 [info] Keybindings: No changes found during synchronizing keybindings.
2024-09-22 10:54:41.901 [info] Snippets: No changes found during synchronizing snippets.
2024-09-22 10:54:41.906 [info] Tasks: No changes found during synchronizing tasks.
2024-09-22 10:54:42.221 [info] GlobalState: Updated remote ui state. Updated: workbench.activity.pinnedViewlets2,workbench.panel.pinnedPanels.
2024-09-22 10:54:42.285 [info] GlobalState: Updated last synchronized ui state
2024-09-22 10:54:42.356 [info] Extensions: No changes found during synchronizing extensions.
2024-09-22 10:54:42.361 [info] Profiles: No changes found during synchronizing profiles.
2024-09-22 10:54:42.365 [info] Sync done. Took 987ms
2024-09-22 10:54:43.671 [info] Auto Sync: Triggered by Activity
2024-09-22 10:54:43.671 [info] Sync started.
2024-09-22 10:54:43.884 [info] Settings: No changes found during synchronizing settings.
2024-09-22 10:54:43.910 [info] Keybindings: No changes found during synchronizing keybindings.
2024-09-22 10:54:43.921 [info] Snippets: No changes found during synchronizing snippets.
2024-09-22 10:54:43.930 [info] Tasks: No changes found during synchronizing tasks.
2024-09-22 10:54:43.949 [info] GlobalState: No changes found during synchronizing ui state.
2024-09-22 10:54:44.120 [info] Extensions: No changes found during synchronizing extensions.
2024-09-22 10:54:44.140 [info] Profiles: No changes found during synchronizing profiles.
2024-09-22 10:54:44.147 [info] Sync done. Took 476ms
2024-09-22 10:55:28.059 [info] Auto Sync: Triggered by Activity
2024-09-22 10:55:28.059 [info] Sync started.
2024-09-22 10:55:28.192 [info] Settings: No changes found during synchronizing settings.
2024-09-22 10:55:28.209 [info] Keybindings: No changes found during synchronizing keybindings.
2024-09-22 10:55:28.213 [info] Snippets: No changes found during synchronizing snippets.
2024-09-22 10:55:28.218 [info] Tasks: No changes found during synchronizing tasks.
2024-09-22 10:55:28.224 [info] GlobalState: No changes found during synchronizing ui state.
2024-09-22 10:55:28.280 [info] Extensions: No changes found during synchronizing extensions.
2024-09-22 10:55:28.283 [info] Profiles: No changes found during synchronizing profiles.
2024-09-22 10:55:28.286 [info] Sync done. Took 226ms
2024-09-22 10:57:15.387 [info] Auto Sync: Triggered by Activity
2024-09-22 10:57:15.388 [info] Sync started.
2024-09-22 10:57:15.530 [info] Settings: No changes found during synchronizing settings.
2024-09-22 10:57:15.537 [info] Keybindings: No changes found during synchronizing keybindings.
2024-09-22 10:57:15.551 [info] Snippets: No changes found during synchronizing snippets.
2024-09-22 10:57:15.563 [info] Tasks: No changes found during synchronizing tasks.
2024-09-22 10:57:15.940 [info] GlobalState: Updated remote ui state. Updated: workbench.scm.views.state.hidden.
2024-09-22 10:57:15.992 [info] GlobalState: Updated last synchronized ui state
2024-09-22 10:57:16.080 [info] Extensions: No changes found during synchronizing extensions.
2024-09-22 10:57:16.089 [info] Profiles: No changes found during synchronizing profiles.
2024-09-22 10:57:16.092 [info] Sync done. Took 705ms
