2024-09-22 09:59:39.813 [info] Reading sessions from keychain...
2024-09-22 09:59:39.813 [info] Getting sessions for all scopes...
2024-09-22 09:59:39.813 [info] Getting sessions for all scopes...
2024-09-22 09:59:39.813 [info] Got 0 sessions for ...
2024-09-22 09:59:39.813 [info] Got 0 sessions for ...
2024-09-22 09:59:39.813 [info] Getting sessions for read:user,repo,user:email,workflow...
2024-09-22 09:59:39.813 [info] Got 0 sessions for read:user,repo,user:email,workflow...
2024-09-22 10:51:21.041 [info] Getting sessions for user:email...
2024-09-22 10:51:21.042 [info] Got 0 sessions for user:email...
2024-09-22 10:51:24.560 [info] Logging in with 'any' account...
2024-09-22 10:51:24.560 [info] Logging in for the following scopes: user:email
2024-09-22 10:51:24.574 [info] Trying without local server... (user:email)
2024-09-22 10:52:37.890 [info] Exchanging code for token...
2024-09-22 10:52:38.355 [info] Token exchange success!
2024-09-22 10:52:38.357 [info] Getting user info...
2024-09-22 10:52:38.834 [info] Got account info!
2024-09-22 10:52:38.834 [info] Storing 1 sessions...
2024-09-22 10:52:45.673 [info] Reading sessions from keychain...
2024-09-22 10:52:45.674 [info] Stored 1 sessions!
2024-09-22 10:52:45.674 [info] Login success!
2024-09-22 10:52:45.687 [info] Got stored sessions!
2024-09-22 10:52:45.687 [info] Got 1 verified sessions.
2024-09-22 10:52:45.698 [info] Getting sessions for read:user,repo,user:email,workflow...
2024-09-22 10:52:45.699 [info] Got 0 sessions for read:user,repo,user:email,workflow...
2024-09-22 10:54:21.496 [info] Getting sessions for user:email...
2024-09-22 10:54:21.496 [info] Got 1 sessions for user:email...
2024-09-22 10:54:23.656 [info] Getting sessions for user:email...
2024-09-22 10:54:23.656 [info] Got 1 sessions for user:email...
