2024-09-22 10:57:28.466 [info] Using settings sync service https://vscode-sync.trafficmanager.net/
2024-09-22 10:57:28.467 [info] Auto Sync is enabled.
2024-09-22 10:57:28.467 [info] Auto Sync: Suspended until auth token is available.
2024-09-22 10:57:38.183 [info] Auto Sync: Triggered by Interval
2024-09-22 10:57:38.184 [info] Sync started.
2024-09-22 10:57:40.041 [info] Settings: No changes found during synchronizing settings.
2024-09-22 10:57:40.410 [info] Keybindings: No changes found during synchronizing keybindings.
2024-09-22 10:57:40.467 [info] Snippets: No changes found during synchronizing snippets.
2024-09-22 10:57:40.560 [info] Tasks: No changes found during synchronizing tasks.
2024-09-22 10:57:41.126 [info] GlobalState: Updated remote ui state. Updated: colorThemeData.
2024-09-22 10:57:41.436 [info] GlobalState: Updated last synchronized ui state
2024-09-22 10:57:41.831 [info] Extensions: No changes found during synchronizing extensions.
2024-09-22 10:57:41.838 [info] Profiles: No changes found during synchronizing profiles.
2024-09-22 10:57:41.858 [info] Sync done. Took 3683ms
2024-09-22 10:58:01.722 [info] Auto Sync: Triggered by Activity
2024-09-22 10:58:01.723 [info] Sync started.
2024-09-22 10:58:01.841 [info] Settings: No changes found during synchronizing settings.
2024-09-22 10:58:01.855 [info] Keybindings: No changes found during synchronizing keybindings.
2024-09-22 10:58:01.858 [info] Snippets: No changes found during synchronizing snippets.
2024-09-22 10:58:01.871 [info] Tasks: No changes found during synchronizing tasks.
2024-09-22 10:58:01.875 [info] GlobalState: No changes found during synchronizing ui state.
2024-09-22 10:58:01.968 [info] Extensions: No changes found during synchronizing extensions.
2024-09-22 10:58:01.970 [info] Profiles: No changes found during synchronizing profiles.
2024-09-22 10:58:01.972 [info] Sync done. Took 252ms
2024-09-22 11:00:27.142 [info] Auto Sync: Triggered by Activity
2024-09-22 11:00:27.142 [info] Sync started.
2024-09-22 11:00:27.646 [info] Settings: No changes found during synchronizing settings.
2024-09-22 11:00:27.651 [info] Keybindings: No changes found during synchronizing keybindings.
2024-09-22 11:00:27.662 [info] Snippets: No changes found during synchronizing snippets.
2024-09-22 11:00:27.667 [info] Tasks: No changes found during synchronizing tasks.
2024-09-22 11:00:27.672 [info] GlobalState: No changes found during synchronizing ui state.
2024-09-22 11:00:27.759 [info] Extensions: No changes found during synchronizing extensions.
2024-09-22 11:00:27.763 [info] Profiles: No changes found during synchronizing profiles.
2024-09-22 11:00:27.765 [info] Sync done. Took 623ms
2024-09-22 11:00:53.571 [info] Auto Sync: Triggered by Activity
2024-09-22 11:00:53.572 [info] Sync started.
2024-09-22 11:00:53.743 [info] Settings: No changes found during synchronizing settings.
2024-09-22 11:00:53.755 [info] Keybindings: No changes found during synchronizing keybindings.
2024-09-22 11:00:53.769 [info] Snippets: No changes found during synchronizing snippets.
2024-09-22 11:00:53.789 [info] Tasks: No changes found during synchronizing tasks.
2024-09-22 11:00:53.797 [info] GlobalState: No changes found during synchronizing ui state.
2024-09-22 11:00:53.928 [info] Extensions: No changes found during synchronizing extensions.
2024-09-22 11:00:53.936 [info] Profiles: No changes found during synchronizing profiles.
2024-09-22 11:00:53.941 [info] Sync done. Took 370ms
2024-09-22 11:05:53.966 [info] Auto Sync: Triggered by Interval
2024-09-22 11:05:53.966 [info] Sync started.
2024-09-22 11:05:54.490 [info] Settings: No changes found during synchronizing settings.
2024-09-22 11:05:54.495 [info] Keybindings: No changes found during synchronizing keybindings.
2024-09-22 11:05:54.506 [info] Snippets: No changes found during synchronizing snippets.
2024-09-22 11:05:54.512 [info] Tasks: No changes found during synchronizing tasks.
2024-09-22 11:05:54.523 [info] GlobalState: No changes found during synchronizing ui state.
2024-09-22 11:05:54.638 [info] Extensions: No changes found during synchronizing extensions.
2024-09-22 11:05:54.643 [info] Profiles: No changes found during synchronizing profiles.
2024-09-22 11:05:54.646 [info] Sync done. Took 679ms
2024-09-22 11:10:54.671 [info] Auto Sync: Triggered by Interval
2024-09-22 11:10:54.671 [info] Sync started.
2024-09-22 11:10:55.116 [info] Settings: No changes found during synchronizing settings.
2024-09-22 11:10:55.130 [info] Keybindings: No changes found during synchronizing keybindings.
2024-09-22 11:10:55.134 [info] Snippets: No changes found during synchronizing snippets.
2024-09-22 11:10:55.141 [info] Tasks: No changes found during synchronizing tasks.
2024-09-22 11:10:55.151 [info] GlobalState: No changes found during synchronizing ui state.
2024-09-22 11:10:55.245 [info] Extensions: No changes found during synchronizing extensions.
2024-09-22 11:10:55.250 [info] Profiles: No changes found during synchronizing profiles.
2024-09-22 11:10:55.252 [info] Sync done. Took 581ms
2024-09-22 11:11:07.674 [info] Auto Sync: Triggered by Activity
2024-09-22 11:11:07.674 [info] Sync started.
2024-09-22 11:11:07.791 [info] Settings: No changes found during synchronizing settings.
2024-09-22 11:11:07.795 [info] Keybindings: No changes found during synchronizing keybindings.
2024-09-22 11:11:07.799 [info] Snippets: No changes found during synchronizing snippets.
2024-09-22 11:11:07.803 [info] Tasks: No changes found during synchronizing tasks.
2024-09-22 11:11:07.809 [info] GlobalState: No changes found during synchronizing ui state.
2024-09-22 11:11:07.886 [info] Extensions: No changes found during synchronizing extensions.
2024-09-22 11:11:07.905 [info] Profiles: No changes found during synchronizing profiles.
2024-09-22 11:11:07.913 [info] Sync done. Took 238ms
2024-09-22 11:11:54.807 [info] Auto Sync: Triggered by Activity
2024-09-22 11:11:54.808 [info] Sync started.
2024-09-22 11:11:54.933 [info] Settings: No changes found during synchronizing settings.
2024-09-22 11:11:54.937 [info] Keybindings: No changes found during synchronizing keybindings.
2024-09-22 11:11:54.941 [info] Snippets: No changes found during synchronizing snippets.
2024-09-22 11:11:54.945 [info] Tasks: No changes found during synchronizing tasks.
2024-09-22 11:11:54.953 [info] GlobalState: No changes found during synchronizing ui state.
2024-09-22 11:11:55.024 [info] Extensions: No changes found during synchronizing extensions.
2024-09-22 11:11:55.030 [info] Profiles: No changes found during synchronizing profiles.
2024-09-22 11:11:55.035 [info] Sync done. Took 229ms
2024-09-22 11:12:05.722 [info] Auto Sync: Triggered by Activity
2024-09-22 11:12:05.723 [info] Sync started.
2024-09-22 11:12:05.885 [info] Settings: No changes found during synchronizing settings.
2024-09-22 11:12:05.893 [info] Keybindings: No changes found during synchronizing keybindings.
2024-09-22 11:12:05.904 [info] Snippets: No changes found during synchronizing snippets.
2024-09-22 11:12:05.911 [info] Tasks: No changes found during synchronizing tasks.
2024-09-22 11:12:05.922 [info] GlobalState: No changes found during synchronizing ui state.
2024-09-22 11:12:06.348 [info] Extensions: Updated remote extensions. Removed: ["oderwat.indent-rainbow"].
2024-09-22 11:12:06.400 [info] Extensions: Updated last synchronized extensions.
2024-09-22 11:12:06.403 [info] Profiles: No changes found during synchronizing profiles.
2024-09-22 11:12:06.405 [info] Sync done. Took 683ms
2024-09-22 11:12:27.588 [info] Auto Sync: Triggered by Activity
2024-09-22 11:12:27.588 [info] Sync started.
2024-09-22 11:12:27.722 [info] Settings: No changes found during synchronizing settings.
2024-09-22 11:12:27.738 [info] Keybindings: No changes found during synchronizing keybindings.
2024-09-22 11:12:27.746 [info] Snippets: No changes found during synchronizing snippets.
2024-09-22 11:12:27.756 [info] Tasks: No changes found during synchronizing tasks.
2024-09-22 11:12:27.775 [info] GlobalState: No changes found during synchronizing ui state.
2024-09-22 11:12:27.916 [info] Extensions: No changes found during synchronizing extensions.
2024-09-22 11:12:27.923 [info] Profiles: No changes found during synchronizing profiles.
2024-09-22 11:12:27.927 [info] Sync done. Took 338ms
